[0.295s] DEBUG:colcon:Command line arguments: ['/usr/bin/colcon', 'build']
[0.295s] DEBUG:colcon:Parsed command line arguments: Namespace(allow_overriding=[], ament_cmake_args=None, base_paths=['.'], build_base='build', catkin_cmake_args=None, catkin_skip_building_tests=False, cmake_args=None, cmake_clean_cache=False, cmake_clean_first=False, cmake_force_configure=False, cmake_target=None, cmake_target_skip_unavailable=False, continue_on_error=False, event_handlers=None, executor='parallel', ignore_user_meta=False, install_base='install', log_base=None, log_level=None, main=<bound method BuildVerb.main of <colcon_core.verb.build.BuildVerb object at 0x7fa1a2d27700>>, merge_install=False, metas=['./colcon.meta'], mixin=None, mixin_files=None, mixin_verb=('build',), packages_above=None, packages_above_and_dependencies=None, packages_above_depth=None, packages_end=None, packages_ignore=None, packages_ignore_regex=None, packages_select=None, packages_select_build_failed=False, packages_select_by_dep=None, packages_select_regex=None, packages_select_test_failures=False, packages_skip=None, packages_skip_build_finished=False, packages_skip_by_dep=None, packages_skip_regex=None, packages_skip_test_passed=False, packages_skip_up_to=None, packages_start=None, packages_up_to=None, packages_up_to_regex=None, parallel_workers=12, paths=None, symlink_install=False, test_result_base=None, verb_extension=<colcon_core.verb.build.BuildVerb object at 0x7fa1a2d27700>, verb_name='build', verb_parser=<colcon_mixin.mixin.mixin_argument.MixinArgumentDecorator object at 0x7fa1a2c8d2e0>)
[0.426s] Level 1:colcon.colcon_core.package_discovery:discover_packages(colcon_meta) check parameters
[0.426s] Level 1:colcon.colcon_core.package_discovery:discover_packages(recursive) check parameters
[0.426s] Level 1:colcon.colcon_core.package_discovery:discover_packages(ignore) check parameters
[0.426s] Level 1:colcon.colcon_core.package_discovery:discover_packages(path) check parameters
[0.426s] Level 1:colcon.colcon_core.package_discovery:discover_packages(colcon_meta) discover
[0.426s] Level 1:colcon.colcon_core.package_discovery:discover_packages(recursive) discover
[0.426s] INFO:colcon.colcon_core.package_discovery:Crawling recursively for packages in '/home/m4rcos/Documents/rover/ext_ws'
[0.426s] Level 1:colcon.colcon_core.package_identification:_identify(.) by extensions ['ignore', 'ignore_ament_install']
[0.426s] Level 1:colcon.colcon_core.package_identification:_identify(.) by extension 'ignore'
[0.426s] Level 1:colcon.colcon_core.package_identification:_identify(.) by extension 'ignore_ament_install'
[0.426s] Level 1:colcon.colcon_core.package_identification:_identify(.) by extensions ['colcon_pkg']
[0.426s] Level 1:colcon.colcon_core.package_identification:_identify(.) by extension 'colcon_pkg'
[0.426s] Level 1:colcon.colcon_core.package_identification:_identify(.) by extensions ['colcon_meta']
[0.426s] Level 1:colcon.colcon_core.package_identification:_identify(.) by extension 'colcon_meta'
[0.426s] Level 1:colcon.colcon_core.package_identification:_identify(.) by extensions ['ros']
[0.426s] Level 1:colcon.colcon_core.package_identification:_identify(.) by extension 'ros'
[0.434s] Level 1:colcon.colcon_core.package_identification:_identify(.) by extensions ['cmake', 'python']
[0.434s] Level 1:colcon.colcon_core.package_identification:_identify(.) by extension 'cmake'
[0.434s] Level 1:colcon.colcon_core.package_identification:_identify(.) by extension 'python'
[0.434s] Level 1:colcon.colcon_core.package_identification:_identify(.) by extensions ['python_setup_py']
[0.434s] Level 1:colcon.colcon_core.package_identification:_identify(.) by extension 'python_setup_py'
[0.434s] Level 1:colcon.colcon_core.package_identification:_identify(build) by extensions ['ignore', 'ignore_ament_install']
[0.434s] Level 1:colcon.colcon_core.package_identification:_identify(build) by extension 'ignore'
[0.434s] Level 1:colcon.colcon_core.package_identification:_identify(build) ignored
[0.434s] Level 1:colcon.colcon_core.package_identification:_identify(install) by extensions ['ignore', 'ignore_ament_install']
[0.434s] Level 1:colcon.colcon_core.package_identification:_identify(install) by extension 'ignore'
[0.434s] Level 1:colcon.colcon_core.package_identification:_identify(install) ignored
[0.434s] Level 1:colcon.colcon_core.package_identification:_identify(log) by extensions ['ignore', 'ignore_ament_install']
[0.435s] Level 1:colcon.colcon_core.package_identification:_identify(log) by extension 'ignore'
[0.435s] Level 1:colcon.colcon_core.package_identification:_identify(log) ignored
[0.435s] Level 1:colcon.colcon_core.package_identification:_identify(src) by extensions ['ignore', 'ignore_ament_install']
[0.435s] Level 1:colcon.colcon_core.package_identification:_identify(src) by extension 'ignore'
[0.435s] Level 1:colcon.colcon_core.package_identification:_identify(src) by extension 'ignore_ament_install'
[0.435s] Level 1:colcon.colcon_core.package_identification:_identify(src) by extensions ['colcon_pkg']
[0.435s] Level 1:colcon.colcon_core.package_identification:_identify(src) by extension 'colcon_pkg'
[0.435s] Level 1:colcon.colcon_core.package_identification:_identify(src) by extensions ['colcon_meta']
[0.435s] Level 1:colcon.colcon_core.package_identification:_identify(src) by extension 'colcon_meta'
[0.435s] Level 1:colcon.colcon_core.package_identification:_identify(src) by extensions ['ros']
[0.435s] Level 1:colcon.colcon_core.package_identification:_identify(src) by extension 'ros'
[0.435s] Level 1:colcon.colcon_core.package_identification:_identify(src) by extensions ['cmake', 'python']
[0.435s] Level 1:colcon.colcon_core.package_identification:_identify(src) by extension 'cmake'
[0.435s] Level 1:colcon.colcon_core.package_identification:_identify(src) by extension 'python'
[0.435s] Level 1:colcon.colcon_core.package_identification:_identify(src) by extensions ['python_setup_py']
[0.435s] Level 1:colcon.colcon_core.package_identification:_identify(src) by extension 'python_setup_py'
[0.435s] Level 1:colcon.colcon_core.package_identification:_identify(src/obj_msgs) by extensions ['ignore', 'ignore_ament_install']
[0.435s] Level 1:colcon.colcon_core.package_identification:_identify(src/obj_msgs) by extension 'ignore'
[0.435s] Level 1:colcon.colcon_core.package_identification:_identify(src/obj_msgs) by extension 'ignore_ament_install'
[0.435s] Level 1:colcon.colcon_core.package_identification:_identify(src/obj_msgs) by extensions ['colcon_pkg']
[0.435s] Level 1:colcon.colcon_core.package_identification:_identify(src/obj_msgs) by extension 'colcon_pkg'
[0.435s] Level 1:colcon.colcon_core.package_identification:_identify(src/obj_msgs) by extensions ['colcon_meta']
[0.435s] Level 1:colcon.colcon_core.package_identification:_identify(src/obj_msgs) by extension 'colcon_meta'
[0.435s] Level 1:colcon.colcon_core.package_identification:_identify(src/obj_msgs) by extensions ['ros']
[0.435s] Level 1:colcon.colcon_core.package_identification:_identify(src/obj_msgs) by extension 'ros'
[0.437s] DEBUG:colcon.colcon_core.package_identification:Found ROS schema reference in package manifest in 'src/obj_msgs'
[0.437s] WARNING:colcon.colcon_core.package_identification:Failed to parse ROS package manifest in 'src/obj_msgs': Error(s) in package 'src/obj_msgs/package.xml':
Error(s):
- The manifest of package "obj_msgs" (with format version 3) must not contain the following tags: ros1_bridge
[0.437s] Level 1:colcon.colcon_core.package_identification:_identify(src/obj_msgs) by extensions ['cmake', 'python']
[0.437s] Level 1:colcon.colcon_core.package_identification:_identify(src/obj_msgs) by extension 'cmake'
[0.438s] Level 1:colcon.colcon_core.package_identification:_identify(src/obj_msgs) by extension 'python'
[0.438s] DEBUG:colcon.colcon_core.package_identification:Package 'src/obj_msgs' with type 'cmake' and name 'obj_msgs'
[0.438s] Level 1:colcon.colcon_core.package_identification:_identify(src/yolo_detector) by extensions ['ignore', 'ignore_ament_install']
[0.438s] Level 1:colcon.colcon_core.package_identification:_identify(src/yolo_detector) by extension 'ignore'
[0.438s] Level 1:colcon.colcon_core.package_identification:_identify(src/yolo_detector) by extension 'ignore_ament_install'
[0.438s] Level 1:colcon.colcon_core.package_identification:_identify(src/yolo_detector) by extensions ['colcon_pkg']
[0.438s] Level 1:colcon.colcon_core.package_identification:_identify(src/yolo_detector) by extension 'colcon_pkg'
[0.438s] Level 1:colcon.colcon_core.package_identification:_identify(src/yolo_detector) by extensions ['colcon_meta']
[0.438s] Level 1:colcon.colcon_core.package_identification:_identify(src/yolo_detector) by extension 'colcon_meta'
[0.438s] Level 1:colcon.colcon_core.package_identification:_identify(src/yolo_detector) by extensions ['ros']
[0.438s] Level 1:colcon.colcon_core.package_identification:_identify(src/yolo_detector) by extension 'ros'
[0.439s] DEBUG:colcon.colcon_core.package_identification:Package 'src/yolo_detector' with type 'ros.ament_cmake' and name 'yolo_detector'
[0.439s] Level 1:colcon.colcon_core.package_identification:_identify(src/yolo_msgs) by extensions ['ignore', 'ignore_ament_install']
[0.439s] Level 1:colcon.colcon_core.package_identification:_identify(src/yolo_msgs) by extension 'ignore'
[0.439s] Level 1:colcon.colcon_core.package_identification:_identify(src/yolo_msgs) by extension 'ignore_ament_install'
[0.439s] Level 1:colcon.colcon_core.package_identification:_identify(src/yolo_msgs) by extensions ['colcon_pkg']
[0.439s] Level 1:colcon.colcon_core.package_identification:_identify(src/yolo_msgs) by extension 'colcon_pkg'
[0.439s] Level 1:colcon.colcon_core.package_identification:_identify(src/yolo_msgs) by extensions ['colcon_meta']
[0.439s] Level 1:colcon.colcon_core.package_identification:_identify(src/yolo_msgs) by extension 'colcon_meta'
[0.439s] Level 1:colcon.colcon_core.package_identification:_identify(src/yolo_msgs) by extensions ['ros']
[0.439s] Level 1:colcon.colcon_core.package_identification:_identify(src/yolo_msgs) by extension 'ros'
[0.440s] DEBUG:colcon.colcon_core.package_identification:Package 'src/yolo_msgs' with type 'ros.ament_cmake' and name 'yolo_msgs'
[0.440s] Level 1:colcon.colcon_core.package_discovery:discover_packages(recursive) using defaults
[0.440s] Level 1:colcon.colcon_core.package_discovery:discover_packages(ignore) discover
[0.440s] Level 1:colcon.colcon_core.package_discovery:discover_packages(ignore) using defaults
[0.440s] Level 1:colcon.colcon_core.package_discovery:discover_packages(path) discover
[0.440s] Level 1:colcon.colcon_core.package_discovery:discover_packages(path) using defaults
[0.491s] Level 1:colcon.colcon_core.package_discovery:discover_packages(prefix_path) check parameters
[0.491s] Level 1:colcon.colcon_core.package_discovery:discover_packages(prefix_path) discover
[0.493s] DEBUG:colcon.colcon_installed_package_information.package_discovery:Found 3 installed packages in /home/m4rcos/Documents/rover/ext_ws/install
[0.493s] DEBUG:colcon.colcon_installed_package_information.package_discovery:Found 269 installed packages in /opt/ros/foxy
[0.494s] Level 1:colcon.colcon_core.package_discovery:discover_packages(prefix_path) using defaults
[0.539s] Level 5:colcon.colcon_core.verb:set package 'obj_msgs' build argument 'cmake_args' from command line to 'None'
[0.539s] Level 5:colcon.colcon_core.verb:set package 'obj_msgs' build argument 'cmake_target' from command line to 'None'
[0.539s] Level 5:colcon.colcon_core.verb:set package 'obj_msgs' build argument 'cmake_target_skip_unavailable' from command line to 'False'
[0.539s] Level 5:colcon.colcon_core.verb:set package 'obj_msgs' build argument 'cmake_clean_cache' from command line to 'False'
[0.539s] Level 5:colcon.colcon_core.verb:set package 'obj_msgs' build argument 'cmake_clean_first' from command line to 'False'
[0.539s] Level 5:colcon.colcon_core.verb:set package 'obj_msgs' build argument 'cmake_force_configure' from command line to 'False'
[0.539s] Level 5:colcon.colcon_core.verb:set package 'obj_msgs' build argument 'ament_cmake_args' from command line to 'None'
[0.539s] Level 5:colcon.colcon_core.verb:set package 'obj_msgs' build argument 'catkin_cmake_args' from command line to 'None'
[0.539s] Level 5:colcon.colcon_core.verb:set package 'obj_msgs' build argument 'catkin_skip_building_tests' from command line to 'False'
[0.539s] DEBUG:colcon.colcon_core.verb:Building package 'obj_msgs' with the following arguments: {'ament_cmake_args': None, 'build_base': '/home/m4rcos/Documents/rover/ext_ws/build/obj_msgs', 'catkin_cmake_args': None, 'catkin_skip_building_tests': False, 'cmake_args': None, 'cmake_clean_cache': False, 'cmake_clean_first': False, 'cmake_force_configure': False, 'cmake_target': None, 'cmake_target_skip_unavailable': False, 'install_base': '/home/m4rcos/Documents/rover/ext_ws/install/obj_msgs', 'merge_install': False, 'path': '/home/m4rcos/Documents/rover/ext_ws/src/obj_msgs', 'symlink_install': False, 'test_result_base': None}
[0.540s] Level 5:colcon.colcon_core.verb:set package 'yolo_detector' build argument 'cmake_args' from command line to 'None'
[0.540s] Level 5:colcon.colcon_core.verb:set package 'yolo_detector' build argument 'cmake_target' from command line to 'None'
[0.540s] Level 5:colcon.colcon_core.verb:set package 'yolo_detector' build argument 'cmake_target_skip_unavailable' from command line to 'False'
[0.540s] Level 5:colcon.colcon_core.verb:set package 'yolo_detector' build argument 'cmake_clean_cache' from command line to 'False'
[0.540s] Level 5:colcon.colcon_core.verb:set package 'yolo_detector' build argument 'cmake_clean_first' from command line to 'False'
[0.540s] Level 5:colcon.colcon_core.verb:set package 'yolo_detector' build argument 'cmake_force_configure' from command line to 'False'
[0.540s] Level 5:colcon.colcon_core.verb:set package 'yolo_detector' build argument 'ament_cmake_args' from command line to 'None'
[0.540s] Level 5:colcon.colcon_core.verb:set package 'yolo_detector' build argument 'catkin_cmake_args' from command line to 'None'
[0.540s] Level 5:colcon.colcon_core.verb:set package 'yolo_detector' build argument 'catkin_skip_building_tests' from command line to 'False'
[0.540s] DEBUG:colcon.colcon_core.verb:Building package 'yolo_detector' with the following arguments: {'ament_cmake_args': None, 'build_base': '/home/m4rcos/Documents/rover/ext_ws/build/yolo_detector', 'catkin_cmake_args': None, 'catkin_skip_building_tests': False, 'cmake_args': None, 'cmake_clean_cache': False, 'cmake_clean_first': False, 'cmake_force_configure': False, 'cmake_target': None, 'cmake_target_skip_unavailable': False, 'install_base': '/home/m4rcos/Documents/rover/ext_ws/install/yolo_detector', 'merge_install': False, 'path': '/home/m4rcos/Documents/rover/ext_ws/src/yolo_detector', 'symlink_install': False, 'test_result_base': None}
[0.540s] Level 5:colcon.colcon_core.verb:set package 'yolo_msgs' build argument 'cmake_args' from command line to 'None'
[0.540s] Level 5:colcon.colcon_core.verb:set package 'yolo_msgs' build argument 'cmake_target' from command line to 'None'
[0.540s] Level 5:colcon.colcon_core.verb:set package 'yolo_msgs' build argument 'cmake_target_skip_unavailable' from command line to 'False'
[0.540s] Level 5:colcon.colcon_core.verb:set package 'yolo_msgs' build argument 'cmake_clean_cache' from command line to 'False'
[0.540s] Level 5:colcon.colcon_core.verb:set package 'yolo_msgs' build argument 'cmake_clean_first' from command line to 'False'
[0.540s] Level 5:colcon.colcon_core.verb:set package 'yolo_msgs' build argument 'cmake_force_configure' from command line to 'False'
[0.540s] Level 5:colcon.colcon_core.verb:set package 'yolo_msgs' build argument 'ament_cmake_args' from command line to 'None'
[0.540s] Level 5:colcon.colcon_core.verb:set package 'yolo_msgs' build argument 'catkin_cmake_args' from command line to 'None'
[0.540s] Level 5:colcon.colcon_core.verb:set package 'yolo_msgs' build argument 'catkin_skip_building_tests' from command line to 'False'
[0.540s] DEBUG:colcon.colcon_core.verb:Building package 'yolo_msgs' with the following arguments: {'ament_cmake_args': None, 'build_base': '/home/m4rcos/Documents/rover/ext_ws/build/yolo_msgs', 'catkin_cmake_args': None, 'catkin_skip_building_tests': False, 'cmake_args': None, 'cmake_clean_cache': False, 'cmake_clean_first': False, 'cmake_force_configure': False, 'cmake_target': None, 'cmake_target_skip_unavailable': False, 'install_base': '/home/m4rcos/Documents/rover/ext_ws/install/yolo_msgs', 'merge_install': False, 'path': '/home/m4rcos/Documents/rover/ext_ws/src/yolo_msgs', 'symlink_install': False, 'test_result_base': None}
[0.540s] INFO:colcon.colcon_core.executor:Executing jobs using 'parallel' executor
[0.541s] DEBUG:colcon.colcon_parallel_executor.executor.parallel:run_until_complete
[0.541s] INFO:colcon.colcon_cmake.task.cmake.build:Building CMake package in '/home/m4rcos/Documents/rover/ext_ws/src/obj_msgs'
[0.543s] INFO:colcon.colcon_core.plugin_system:Skipping extension 'colcon_core.shell.bat': Not used on non-Windows systems
[0.543s] INFO:colcon.colcon_core.shell:Skip shell extension 'powershell' for command environment: Not usable outside of PowerShell
[0.543s] DEBUG:colcon.colcon_core.shell:Skip shell extension 'dsv' for command environment
[0.546s] INFO:colcon.colcon_ros.task.ament_cmake.build:Building ROS package in '/home/m4rcos/Documents/rover/ext_ws/src/yolo_detector' with build type 'ament_cmake'
[0.546s] INFO:colcon.colcon_cmake.task.cmake.build:Building CMake package in '/home/m4rcos/Documents/rover/ext_ws/src/yolo_detector'
[0.547s] INFO:colcon.colcon_core.shell:Skip shell extension 'powershell' for command environment: Not usable outside of PowerShell
[0.547s] DEBUG:colcon.colcon_core.shell:Skip shell extension 'dsv' for command environment
[0.549s] INFO:colcon.colcon_ros.task.ament_cmake.build:Building ROS package in '/home/m4rcos/Documents/rover/ext_ws/src/yolo_msgs' with build type 'ament_cmake'
[0.550s] INFO:colcon.colcon_cmake.task.cmake.build:Building CMake package in '/home/m4rcos/Documents/rover/ext_ws/src/yolo_msgs'
[0.550s] INFO:colcon.colcon_core.shell:Skip shell extension 'powershell' for command environment: Not usable outside of PowerShell
[0.550s] DEBUG:colcon.colcon_core.shell:Skip shell extension 'dsv' for command environment
[0.557s] DEBUG:colcon.colcon_core.event_handler.log_command:Invoking command in '/home/m4rcos/Documents/rover/ext_ws/build/obj_msgs': /usr/bin/cmake --build /home/m4rcos/Documents/rover/ext_ws/build/obj_msgs -- -j12 -l12
[0.561s] DEBUG:colcon.colcon_core.event_handler.log_command:Invoking command in '/home/m4rcos/Documents/rover/ext_ws/build/yolo_detector': CMAKE_PREFIX_PATH=${CMAKE_PREFIX_PATH}:/opt/ros/foxy /usr/bin/cmake --build /home/m4rcos/Documents/rover/ext_ws/build/yolo_detector -- -j12 -l12
[0.564s] DEBUG:colcon.colcon_core.event_handler.log_command:Invoking command in '/home/m4rcos/Documents/rover/ext_ws/build/yolo_msgs': CMAKE_PREFIX_PATH=${CMAKE_PREFIX_PATH}:/opt/ros/foxy /usr/bin/cmake --build /home/m4rcos/Documents/rover/ext_ws/build/yolo_msgs -- -j12 -l12
[0.585s] DEBUG:colcon.colcon_core.event_handler.log_command:Invoked command in '/home/m4rcos/Documents/rover/ext_ws/build/yolo_detector' returned '0': CMAKE_PREFIX_PATH=${CMAKE_PREFIX_PATH}:/opt/ros/foxy /usr/bin/cmake --build /home/m4rcos/Documents/rover/ext_ws/build/yolo_detector -- -j12 -l12
[0.610s] DEBUG:colcon.colcon_core.event_handler.log_command:Invoking command in '/home/m4rcos/Documents/rover/ext_ws/build/yolo_detector': CMAKE_PREFIX_PATH=${CMAKE_PREFIX_PATH}:/opt/ros/foxy /usr/bin/cmake --install /home/m4rcos/Documents/rover/ext_ws/build/yolo_detector
[0.617s] Level 1:colcon.colcon_core.environment:create_environment_scripts_only(yolo_detector)
[0.617s] DEBUG:colcon.colcon_core.event_handler.log_command:Invoked command in '/home/m4rcos/Documents/rover/ext_ws/build/yolo_detector' returned '0': CMAKE_PREFIX_PATH=${CMAKE_PREFIX_PATH}:/opt/ros/foxy /usr/bin/cmake --install /home/m4rcos/Documents/rover/ext_ws/build/yolo_detector
[0.619s] Level 1:colcon.colcon_core.environment:checking '/home/m4rcos/Documents/rover/ext_ws/install/yolo_detector' for CMake module files
[0.619s] Level 1:colcon.colcon_core.environment:checking '/home/m4rcos/Documents/rover/ext_ws/install/yolo_detector' for CMake config files
[0.619s] Level 1:colcon.colcon_core.shell:create_environment_hook('yolo_detector', 'cmake_prefix_path')
[0.619s] INFO:colcon.colcon_core.shell:Creating environment hook '/home/m4rcos/Documents/rover/ext_ws/install/yolo_detector/share/yolo_detector/hook/cmake_prefix_path.ps1'
[0.620s] INFO:colcon.colcon_core.shell:Creating environment descriptor '/home/m4rcos/Documents/rover/ext_ws/install/yolo_detector/share/yolo_detector/hook/cmake_prefix_path.dsv'
[0.621s] INFO:colcon.colcon_core.shell:Creating environment hook '/home/m4rcos/Documents/rover/ext_ws/install/yolo_detector/share/yolo_detector/hook/cmake_prefix_path.sh'
[0.621s] Level 1:colcon.colcon_core.environment:checking '/home/m4rcos/Documents/rover/ext_ws/install/yolo_detector/bin'
[0.621s] Level 1:colcon.colcon_core.environment:checking '/home/m4rcos/Documents/rover/ext_ws/install/yolo_detector/lib/pkgconfig/yolo_detector.pc'
[0.621s] Level 1:colcon.colcon_core.environment:checking '/home/m4rcos/Documents/rover/ext_ws/install/yolo_detector/lib/python3.8/site-packages'
[0.622s] Level 1:colcon.colcon_core.environment:checking '/home/m4rcos/Documents/rover/ext_ws/install/yolo_detector/bin'
[0.622s] INFO:colcon.colcon_core.shell:Creating package script '/home/m4rcos/Documents/rover/ext_ws/install/yolo_detector/share/yolo_detector/package.ps1'
[0.622s] INFO:colcon.colcon_core.shell:Creating package descriptor '/home/m4rcos/Documents/rover/ext_ws/install/yolo_detector/share/yolo_detector/package.dsv'
[0.623s] INFO:colcon.colcon_core.shell:Creating package script '/home/m4rcos/Documents/rover/ext_ws/install/yolo_detector/share/yolo_detector/package.sh'
[0.623s] INFO:colcon.colcon_core.shell:Creating package script '/home/m4rcos/Documents/rover/ext_ws/install/yolo_detector/share/yolo_detector/package.bash'
[0.624s] INFO:colcon.colcon_core.shell:Creating package script '/home/m4rcos/Documents/rover/ext_ws/install/yolo_detector/share/yolo_detector/package.zsh'
[0.624s] Level 1:colcon.colcon_core.environment:create_file_with_runtime_dependencies(/home/m4rcos/Documents/rover/ext_ws/install/yolo_detector/share/colcon-core/packages/yolo_detector)
[0.637s] Level 1:colcon.colcon_core.environment:create_environment_scripts_only(yolo_detector)
[0.638s] Level 1:colcon.colcon_core.environment:checking '/home/m4rcos/Documents/rover/ext_ws/install/yolo_detector' for CMake module files
[0.638s] Level 1:colcon.colcon_core.environment:checking '/home/m4rcos/Documents/rover/ext_ws/install/yolo_detector' for CMake config files
[0.639s] Level 1:colcon.colcon_core.shell:create_environment_hook('yolo_detector', 'cmake_prefix_path')
[0.639s] INFO:colcon.colcon_core.shell:Creating environment hook '/home/m4rcos/Documents/rover/ext_ws/install/yolo_detector/share/yolo_detector/hook/cmake_prefix_path.ps1'
[0.640s] INFO:colcon.colcon_core.shell:Creating environment descriptor '/home/m4rcos/Documents/rover/ext_ws/install/yolo_detector/share/yolo_detector/hook/cmake_prefix_path.dsv'
[0.640s] INFO:colcon.colcon_core.shell:Creating environment hook '/home/m4rcos/Documents/rover/ext_ws/install/yolo_detector/share/yolo_detector/hook/cmake_prefix_path.sh'
[0.641s] Level 1:colcon.colcon_core.environment:checking '/home/m4rcos/Documents/rover/ext_ws/install/yolo_detector/bin'
[0.641s] Level 1:colcon.colcon_core.environment:checking '/home/m4rcos/Documents/rover/ext_ws/install/yolo_detector/lib/pkgconfig/yolo_detector.pc'
[0.641s] Level 1:colcon.colcon_core.environment:checking '/home/m4rcos/Documents/rover/ext_ws/install/yolo_detector/lib/python3.8/site-packages'
[0.641s] Level 1:colcon.colcon_core.environment:checking '/home/m4rcos/Documents/rover/ext_ws/install/yolo_detector/bin'
[0.642s] INFO:colcon.colcon_core.shell:Creating package script '/home/m4rcos/Documents/rover/ext_ws/install/yolo_detector/share/yolo_detector/package.ps1'
[0.642s] INFO:colcon.colcon_core.shell:Creating package descriptor '/home/m4rcos/Documents/rover/ext_ws/install/yolo_detector/share/yolo_detector/package.dsv'
[0.643s] INFO:colcon.colcon_core.shell:Creating package script '/home/m4rcos/Documents/rover/ext_ws/install/yolo_detector/share/yolo_detector/package.sh'
[0.643s] INFO:colcon.colcon_core.shell:Creating package script '/home/m4rcos/Documents/rover/ext_ws/install/yolo_detector/share/yolo_detector/package.bash'
[0.643s] INFO:colcon.colcon_core.shell:Creating package script '/home/m4rcos/Documents/rover/ext_ws/install/yolo_detector/share/yolo_detector/package.zsh'
[0.644s] Level 1:colcon.colcon_core.environment:create_file_with_runtime_dependencies(/home/m4rcos/Documents/rover/ext_ws/install/yolo_detector/share/colcon-core/packages/yolo_detector)
[0.720s] DEBUG:colcon.colcon_core.event_handler.log_command:Invoked command in '/home/m4rcos/Documents/rover/ext_ws/build/yolo_msgs' returned '0': CMAKE_PREFIX_PATH=${CMAKE_PREFIX_PATH}:/opt/ros/foxy /usr/bin/cmake --build /home/m4rcos/Documents/rover/ext_ws/build/yolo_msgs -- -j12 -l12
[0.757s] DEBUG:colcon.colcon_core.event_handler.log_command:Invoking command in '/home/m4rcos/Documents/rover/ext_ws/build/yolo_msgs': CMAKE_PREFIX_PATH=${CMAKE_PREFIX_PATH}:/opt/ros/foxy /usr/bin/cmake --install /home/m4rcos/Documents/rover/ext_ws/build/yolo_msgs
[0.806s] Level 1:colcon.colcon_core.environment:create_environment_scripts_only(yolo_msgs)
[0.806s] Level 1:colcon.colcon_core.environment:checking '/home/m4rcos/Documents/rover/ext_ws/install/yolo_msgs' for CMake module files
[0.807s] DEBUG:colcon.colcon_core.event_handler.log_command:Invoked command in '/home/m4rcos/Documents/rover/ext_ws/build/yolo_msgs' returned '0': CMAKE_PREFIX_PATH=${CMAKE_PREFIX_PATH}:/opt/ros/foxy /usr/bin/cmake --install /home/m4rcos/Documents/rover/ext_ws/build/yolo_msgs
[0.807s] Level 1:colcon.colcon_core.environment:checking '/home/m4rcos/Documents/rover/ext_ws/install/yolo_msgs' for CMake config files
[0.807s] Level 1:colcon.colcon_core.shell:create_environment_hook('yolo_msgs', 'cmake_prefix_path')
[0.807s] INFO:colcon.colcon_core.shell:Creating environment hook '/home/m4rcos/Documents/rover/ext_ws/install/yolo_msgs/share/yolo_msgs/hook/cmake_prefix_path.ps1'
[0.808s] INFO:colcon.colcon_core.shell:Creating environment descriptor '/home/m4rcos/Documents/rover/ext_ws/install/yolo_msgs/share/yolo_msgs/hook/cmake_prefix_path.dsv'
[0.808s] INFO:colcon.colcon_core.shell:Creating environment hook '/home/m4rcos/Documents/rover/ext_ws/install/yolo_msgs/share/yolo_msgs/hook/cmake_prefix_path.sh'
[0.809s] Level 1:colcon.colcon_core.environment:checking '/home/m4rcos/Documents/rover/ext_ws/install/yolo_msgs/lib'
[0.809s] Level 1:colcon.colcon_core.shell:create_environment_hook('yolo_msgs', 'ld_library_path_lib')
[0.809s] INFO:colcon.colcon_core.shell:Creating environment hook '/home/m4rcos/Documents/rover/ext_ws/install/yolo_msgs/share/yolo_msgs/hook/ld_library_path_lib.ps1'
[0.809s] INFO:colcon.colcon_core.shell:Creating environment descriptor '/home/m4rcos/Documents/rover/ext_ws/install/yolo_msgs/share/yolo_msgs/hook/ld_library_path_lib.dsv'
[0.809s] INFO:colcon.colcon_core.shell:Creating environment hook '/home/m4rcos/Documents/rover/ext_ws/install/yolo_msgs/share/yolo_msgs/hook/ld_library_path_lib.sh'
[0.810s] Level 1:colcon.colcon_core.environment:checking '/home/m4rcos/Documents/rover/ext_ws/install/yolo_msgs/bin'
[0.810s] Level 1:colcon.colcon_core.environment:checking '/home/m4rcos/Documents/rover/ext_ws/install/yolo_msgs/lib/pkgconfig/yolo_msgs.pc'
[0.810s] Level 1:colcon.colcon_core.environment:checking '/home/m4rcos/Documents/rover/ext_ws/install/yolo_msgs/lib/python3.8/site-packages'
[0.810s] Level 1:colcon.colcon_core.shell:create_environment_hook('yolo_msgs', 'pythonpath')
[0.810s] INFO:colcon.colcon_core.shell:Creating environment hook '/home/m4rcos/Documents/rover/ext_ws/install/yolo_msgs/share/yolo_msgs/hook/pythonpath.ps1'
[0.810s] INFO:colcon.colcon_core.shell:Creating environment descriptor '/home/m4rcos/Documents/rover/ext_ws/install/yolo_msgs/share/yolo_msgs/hook/pythonpath.dsv'
[0.810s] INFO:colcon.colcon_core.shell:Creating environment hook '/home/m4rcos/Documents/rover/ext_ws/install/yolo_msgs/share/yolo_msgs/hook/pythonpath.sh'
[0.811s] Level 1:colcon.colcon_core.environment:checking '/home/m4rcos/Documents/rover/ext_ws/install/yolo_msgs/bin'
[0.811s] INFO:colcon.colcon_core.shell:Creating package script '/home/m4rcos/Documents/rover/ext_ws/install/yolo_msgs/share/yolo_msgs/package.ps1'
[0.811s] INFO:colcon.colcon_core.shell:Creating package descriptor '/home/m4rcos/Documents/rover/ext_ws/install/yolo_msgs/share/yolo_msgs/package.dsv'
[0.812s] INFO:colcon.colcon_core.shell:Creating package script '/home/m4rcos/Documents/rover/ext_ws/install/yolo_msgs/share/yolo_msgs/package.sh'
[0.812s] INFO:colcon.colcon_core.shell:Creating package script '/home/m4rcos/Documents/rover/ext_ws/install/yolo_msgs/share/yolo_msgs/package.bash'
[0.812s] INFO:colcon.colcon_core.shell:Creating package script '/home/m4rcos/Documents/rover/ext_ws/install/yolo_msgs/share/yolo_msgs/package.zsh'
[0.812s] Level 1:colcon.colcon_core.environment:create_file_with_runtime_dependencies(/home/m4rcos/Documents/rover/ext_ws/install/yolo_msgs/share/colcon-core/packages/yolo_msgs)
[0.843s] Level 1:colcon.colcon_core.environment:create_environment_scripts_only(yolo_msgs)
[0.843s] Level 1:colcon.colcon_core.environment:checking '/home/m4rcos/Documents/rover/ext_ws/install/yolo_msgs' for CMake module files
[0.844s] Level 1:colcon.colcon_core.environment:checking '/home/m4rcos/Documents/rover/ext_ws/install/yolo_msgs' for CMake config files
[0.844s] Level 1:colcon.colcon_core.shell:create_environment_hook('yolo_msgs', 'cmake_prefix_path')
[0.844s] INFO:colcon.colcon_core.shell:Creating environment hook '/home/m4rcos/Documents/rover/ext_ws/install/yolo_msgs/share/yolo_msgs/hook/cmake_prefix_path.ps1'
[0.845s] INFO:colcon.colcon_core.shell:Creating environment descriptor '/home/m4rcos/Documents/rover/ext_ws/install/yolo_msgs/share/yolo_msgs/hook/cmake_prefix_path.dsv'
[0.845s] INFO:colcon.colcon_core.shell:Creating environment hook '/home/m4rcos/Documents/rover/ext_ws/install/yolo_msgs/share/yolo_msgs/hook/cmake_prefix_path.sh'
[0.846s] Level 1:colcon.colcon_core.environment:checking '/home/m4rcos/Documents/rover/ext_ws/install/yolo_msgs/lib'
[0.846s] Level 1:colcon.colcon_core.shell:create_environment_hook('yolo_msgs', 'ld_library_path_lib')
[0.846s] INFO:colcon.colcon_core.shell:Creating environment hook '/home/m4rcos/Documents/rover/ext_ws/install/yolo_msgs/share/yolo_msgs/hook/ld_library_path_lib.ps1'
[0.846s] INFO:colcon.colcon_core.shell:Creating environment descriptor '/home/m4rcos/Documents/rover/ext_ws/install/yolo_msgs/share/yolo_msgs/hook/ld_library_path_lib.dsv'
[0.847s] INFO:colcon.colcon_core.shell:Creating environment hook '/home/m4rcos/Documents/rover/ext_ws/install/yolo_msgs/share/yolo_msgs/hook/ld_library_path_lib.sh'
[0.847s] Level 1:colcon.colcon_core.environment:checking '/home/m4rcos/Documents/rover/ext_ws/install/yolo_msgs/bin'
[0.847s] Level 1:colcon.colcon_core.environment:checking '/home/m4rcos/Documents/rover/ext_ws/install/yolo_msgs/lib/pkgconfig/yolo_msgs.pc'
[0.847s] Level 1:colcon.colcon_core.environment:checking '/home/m4rcos/Documents/rover/ext_ws/install/yolo_msgs/lib/python3.8/site-packages'
[0.847s] Level 1:colcon.colcon_core.shell:create_environment_hook('yolo_msgs', 'pythonpath')
[0.847s] INFO:colcon.colcon_core.shell:Creating environment hook '/home/m4rcos/Documents/rover/ext_ws/install/yolo_msgs/share/yolo_msgs/hook/pythonpath.ps1'
[0.848s] INFO:colcon.colcon_core.shell:Creating environment descriptor '/home/m4rcos/Documents/rover/ext_ws/install/yolo_msgs/share/yolo_msgs/hook/pythonpath.dsv'
[0.848s] INFO:colcon.colcon_core.shell:Creating environment hook '/home/m4rcos/Documents/rover/ext_ws/install/yolo_msgs/share/yolo_msgs/hook/pythonpath.sh'
[0.849s] Level 1:colcon.colcon_core.environment:checking '/home/m4rcos/Documents/rover/ext_ws/install/yolo_msgs/bin'
[0.849s] INFO:colcon.colcon_core.shell:Creating package script '/home/m4rcos/Documents/rover/ext_ws/install/yolo_msgs/share/yolo_msgs/package.ps1'
[0.849s] INFO:colcon.colcon_core.shell:Creating package descriptor '/home/m4rcos/Documents/rover/ext_ws/install/yolo_msgs/share/yolo_msgs/package.dsv'
[0.850s] INFO:colcon.colcon_core.shell:Creating package script '/home/m4rcos/Documents/rover/ext_ws/install/yolo_msgs/share/yolo_msgs/package.sh'
[0.850s] INFO:colcon.colcon_core.shell:Creating package script '/home/m4rcos/Documents/rover/ext_ws/install/yolo_msgs/share/yolo_msgs/package.bash'
[0.851s] INFO:colcon.colcon_core.shell:Creating package script '/home/m4rcos/Documents/rover/ext_ws/install/yolo_msgs/share/yolo_msgs/package.zsh'
[0.851s] Level 1:colcon.colcon_core.environment:create_file_with_runtime_dependencies(/home/m4rcos/Documents/rover/ext_ws/install/yolo_msgs/share/colcon-core/packages/yolo_msgs)
[1.205s] DEBUG:colcon.colcon_core.event_handler.log_command:Invoked command in '/home/m4rcos/Documents/rover/ext_ws/build/obj_msgs' returned '2': /usr/bin/cmake --build /home/m4rcos/Documents/rover/ext_ws/build/obj_msgs -- -j12 -l12
[1.215s] DEBUG:colcon.colcon_parallel_executor.executor.parallel:closing loop
[1.216s] DEBUG:colcon.colcon_parallel_executor.executor.parallel:loop closed
[1.216s] DEBUG:colcon.colcon_parallel_executor.executor.parallel:run_until_complete finished with '2'
[1.216s] DEBUG:colcon.colcon_core.event_reactor:joining thread
[1.224s] INFO:colcon.colcon_core.plugin_system:Skipping extension 'colcon_notification.desktop_notification.terminal_notifier': Not used on non-Darwin systems
[1.224s] INFO:colcon.colcon_core.plugin_system:Skipping extension 'colcon_notification.desktop_notification.win32': Not used on non-Windows systems
[1.225s] INFO:colcon.colcon_notification.desktop_notification:Sending desktop notification using 'notify2'
[1.239s] DEBUG:colcon.colcon_core.event_reactor:joined thread
[1.240s] INFO:colcon.colcon_core.shell:Creating prefix script '/home/m4rcos/Documents/rover/ext_ws/install/local_setup.ps1'
[1.242s] INFO:colcon.colcon_core.shell:Creating prefix util module '/home/m4rcos/Documents/rover/ext_ws/install/_local_setup_util_ps1.py'
[1.245s] INFO:colcon.colcon_core.shell:Creating prefix chain script '/home/m4rcos/Documents/rover/ext_ws/install/setup.ps1'
[1.247s] INFO:colcon.colcon_core.shell:Creating prefix script '/home/m4rcos/Documents/rover/ext_ws/install/local_setup.sh'
[1.247s] INFO:colcon.colcon_core.shell:Creating prefix util module '/home/m4rcos/Documents/rover/ext_ws/install/_local_setup_util_sh.py'
[1.248s] INFO:colcon.colcon_core.shell:Creating prefix chain script '/home/m4rcos/Documents/rover/ext_ws/install/setup.sh'
[1.248s] INFO:colcon.colcon_core.shell:Creating prefix script '/home/m4rcos/Documents/rover/ext_ws/install/local_setup.bash'
[1.249s] INFO:colcon.colcon_core.shell:Creating prefix chain script '/home/m4rcos/Documents/rover/ext_ws/install/setup.bash'
[1.249s] INFO:colcon.colcon_core.shell:Creating prefix script '/home/m4rcos/Documents/rover/ext_ws/install/local_setup.zsh'
[1.250s] INFO:colcon.colcon_core.shell:Creating prefix chain script '/home/m4rcos/Documents/rover/ext_ws/install/setup.zsh'
