[0.016s] Invoking command in '/home/m4rcos/Documents/rover/ext_ws/build/obj_msgs': CMAKE_PREFIX_PATH=${CMAKE_PREFIX_PATH}:/opt/ros/foxy /usr/bin/cmake --build /home/m4rcos/Documents/rover/ext_ws/build/obj_msgs -- -j12 -l12
[0.036s] -- Found ament_cmake: 0.9.12 (/opt/ros/foxy/share/ament_cmake/cmake)
[0.056s] -- Found PythonInterp: /usr/bin/python3 (found suitable version "3.8.10", minimum required is "3") 
[0.056s] -- Using PYTHON_EXECUTABLE: /usr/bin/python3
[0.226s] -- Found rosidl_default_generators: 1.0.1 (/opt/ros/foxy/share/rosidl_default_generators/cmake)
[0.228s] -- Using all available rosidl_typesupport_c: rosidl_typesupport_fastrtps_c;rosidl_typesupport_introspection_c
[0.230s] -- Found rosidl_adapter: 1.3.1 (/opt/ros/foxy/share/rosidl_adapter/cmake)
[0.338s] -- Using all available rosidl_typesupport_cpp: rosidl_typesupport_fastrtps_cpp;rosidl_typesupport_introspection_cpp
[0.377s] -- Found PythonInterp: /usr/bin/python3 (found version "3.8.10") 
[0.481s] -- Found ament_cmake_ros: 0.9.2 (/opt/ros/foxy/share/ament_cmake_ros/cmake)
[0.551s] -- Using all available rosidl_typesupport_c: rosidl_typesupport_fastrtps_c;rosidl_typesupport_introspection_c
[0.556s] -- Using all available rosidl_typesupport_cpp: rosidl_typesupport_fastrtps_cpp;rosidl_typesupport_introspection_cpp
[0.576s] -- Found PythonInterp: /usr/bin/python3 (found suitable version "3.8.10", minimum required is "3.5") 
[0.576s] -- Found python_cmake_module: 0.8.1 (/opt/ros/foxy/share/python_cmake_module/cmake)
[0.593s] -- Using PYTHON_EXECUTABLE: /usr/bin/python3
[0.593s] -- Using PYTHON_INCLUDE_DIRS: /usr/include/python3.8
[0.593s] -- Using PYTHON_LIBRARIES: /usr/lib/x86_64-linux-gnu/libpython3.8.so
[0.605s] -- Found ament_lint_auto: 0.9.8 (/opt/ros/foxy/share/ament_lint_auto/cmake)
[0.611s] -- Added test 'copyright' to check source files copyright and LICENSE
[0.612s] -- Added test 'lint_cmake' to check CMake code style
[0.613s] -- Added test 'xmllint' to check XML markup files
[0.615s] -- Configuring done
[0.634s] -- Generating done
[0.637s] -- Build files have been written to: /home/m4rcos/Documents/rover/ext_ws/build/obj_msgs
[0.670s] [  3%] Built target obj_msgs__cpp
[0.670s] [ 12%] Built target obj_msgs__rosidl_generator_c
[0.685s] [ 51%] Built target obj_msgs__rosidl_typesupport_introspection_cpp
[0.685s] [ 51%] Built target obj_msgs__rosidl_typesupport_introspection_c
[0.685s] [ 51%] Built target obj_msgs__rosidl_typesupport_c
[0.685s] [ 51%] Built target obj_msgs__rosidl_typesupport_cpp
[0.687s] [ 61%] Built target obj_msgs__rosidl_typesupport_fastrtps_cpp
[0.709s] [ 70%] Built target obj_msgs__rosidl_typesupport_fastrtps_c
[0.726s] [ 70%] Built target obj_msgs
[0.747s] [ 74%] Built target obj_msgs__py
[0.770s] [ 80%] Built target obj_msgs__python
[0.788s] [ 93%] Built target obj_msgs__rosidl_typesupport_c__pyext
[0.789s] [ 93%] Built target obj_msgs__rosidl_typesupport_introspection_c__pyext
[0.789s] [100%] Built target obj_msgs__rosidl_typesupport_fastrtps_c__pyext
[0.799s] Invoked command in '/home/m4rcos/Documents/rover/ext_ws/build/obj_msgs' returned '0': CMAKE_PREFIX_PATH=${CMAKE_PREFIX_PATH}:/opt/ros/foxy /usr/bin/cmake --build /home/m4rcos/Documents/rover/ext_ws/build/obj_msgs -- -j12 -l12
[0.855s] Invoking command in '/home/m4rcos/Documents/rover/ext_ws/build/obj_msgs': CMAKE_PREFIX_PATH=${CMAKE_PREFIX_PATH}:/opt/ros/foxy /usr/bin/cmake --install /home/m4rcos/Documents/rover/ext_ws/build/obj_msgs
[0.863s] -- Install configuration: ""
[0.863s] -- Installing: /home/m4rcos/Documents/rover/ext_ws/install/obj_msgs/share/obj_msgs/bridge_map.yaml
[0.863s] -- Up-to-date: /home/m4rcos/Documents/rover/ext_ws/install/obj_msgs/share/ament_index/resource_index/rosidl_interfaces/obj_msgs
[0.863s] -- Up-to-date: /home/m4rcos/Documents/rover/ext_ws/install/obj_msgs/include/obj_msgs
[0.863s] -- Up-to-date: /home/m4rcos/Documents/rover/ext_ws/install/obj_msgs/include/obj_msgs/msg
[0.863s] -- Up-to-date: /home/m4rcos/Documents/rover/ext_ws/install/obj_msgs/include/obj_msgs/msg/detail
[0.863s] -- Up-to-date: /home/m4rcos/Documents/rover/ext_ws/install/obj_msgs/include/obj_msgs/msg/detail/object_msg__type_support.h
[0.863s] -- Up-to-date: /home/m4rcos/Documents/rover/ext_ws/install/obj_msgs/include/obj_msgs/msg/detail/object_msg__struct.h
[0.863s] -- Up-to-date: /home/m4rcos/Documents/rover/ext_ws/install/obj_msgs/include/obj_msgs/msg/detail/object_msg__functions.c
[0.863s] -- Up-to-date: /home/m4rcos/Documents/rover/ext_ws/install/obj_msgs/include/obj_msgs/msg/detail/object_msg__functions.h
[0.863s] -- Up-to-date: /home/m4rcos/Documents/rover/ext_ws/install/obj_msgs/include/obj_msgs/msg/rosidl_generator_c__visibility_control.h
[0.863s] -- Up-to-date: /home/m4rcos/Documents/rover/ext_ws/install/obj_msgs/include/obj_msgs/msg/object_msg.h
[0.864s] -- Up-to-date: /home/m4rcos/Documents/rover/ext_ws/install/obj_msgs/share/obj_msgs/environment/library_path.sh
[0.864s] -- Installing: /home/m4rcos/Documents/rover/ext_ws/install/obj_msgs/share/obj_msgs/environment/library_path.dsv
[0.864s] -- Up-to-date: /home/m4rcos/Documents/rover/ext_ws/install/obj_msgs/lib/libobj_msgs__rosidl_generator_c.so
[0.864s] -- Up-to-date: /home/m4rcos/Documents/rover/ext_ws/install/obj_msgs/include/obj_msgs
[0.864s] -- Up-to-date: /home/m4rcos/Documents/rover/ext_ws/install/obj_msgs/include/obj_msgs/msg
[0.864s] -- Up-to-date: /home/m4rcos/Documents/rover/ext_ws/install/obj_msgs/include/obj_msgs/msg/detail
[0.864s] -- Up-to-date: /home/m4rcos/Documents/rover/ext_ws/install/obj_msgs/include/obj_msgs/msg/detail/object_msg__rosidl_typesupport_fastrtps_c.h
[0.864s] -- Up-to-date: /home/m4rcos/Documents/rover/ext_ws/install/obj_msgs/include/obj_msgs/msg/rosidl_typesupport_fastrtps_c__visibility_control.h
[0.864s] -- Up-to-date: /home/m4rcos/Documents/rover/ext_ws/install/obj_msgs/lib/libobj_msgs__rosidl_typesupport_fastrtps_c.so
[0.864s] -- Up-to-date: /home/m4rcos/Documents/rover/ext_ws/install/obj_msgs/include/obj_msgs
[0.864s] -- Up-to-date: /home/m4rcos/Documents/rover/ext_ws/install/obj_msgs/include/obj_msgs/msg
[0.864s] -- Up-to-date: /home/m4rcos/Documents/rover/ext_ws/install/obj_msgs/include/obj_msgs/msg/detail
[0.864s] -- Up-to-date: /home/m4rcos/Documents/rover/ext_ws/install/obj_msgs/include/obj_msgs/msg/detail/object_msg__rosidl_typesupport_fastrtps_cpp.hpp
[0.864s] -- Up-to-date: /home/m4rcos/Documents/rover/ext_ws/install/obj_msgs/include/obj_msgs/msg/detail/dds_fastrtps
[0.865s] -- Up-to-date: /home/m4rcos/Documents/rover/ext_ws/install/obj_msgs/include/obj_msgs/msg/rosidl_typesupport_fastrtps_cpp__visibility_control.h
[0.865s] -- Up-to-date: /home/m4rcos/Documents/rover/ext_ws/install/obj_msgs/lib/libobj_msgs__rosidl_typesupport_fastrtps_cpp.so
[0.865s] -- Up-to-date: /home/m4rcos/Documents/rover/ext_ws/install/obj_msgs/include/obj_msgs
[0.865s] -- Up-to-date: /home/m4rcos/Documents/rover/ext_ws/install/obj_msgs/include/obj_msgs/msg
[0.865s] -- Up-to-date: /home/m4rcos/Documents/rover/ext_ws/install/obj_msgs/include/obj_msgs/msg/detail
[0.865s] -- Up-to-date: /home/m4rcos/Documents/rover/ext_ws/install/obj_msgs/include/obj_msgs/msg/detail/object_msg__rosidl_typesupport_introspection_c.h
[0.865s] -- Up-to-date: /home/m4rcos/Documents/rover/ext_ws/install/obj_msgs/include/obj_msgs/msg/detail/object_msg__type_support.c
[0.865s] -- Up-to-date: /home/m4rcos/Documents/rover/ext_ws/install/obj_msgs/include/obj_msgs/msg/rosidl_typesupport_introspection_c__visibility_control.h
[0.865s] -- Up-to-date: /home/m4rcos/Documents/rover/ext_ws/install/obj_msgs/lib/libobj_msgs__rosidl_typesupport_introspection_c.so
[0.865s] -- Up-to-date: /home/m4rcos/Documents/rover/ext_ws/install/obj_msgs/lib/libobj_msgs__rosidl_typesupport_c.so
[0.865s] -- Up-to-date: /home/m4rcos/Documents/rover/ext_ws/install/obj_msgs/include/obj_msgs
[0.865s] -- Up-to-date: /home/m4rcos/Documents/rover/ext_ws/install/obj_msgs/include/obj_msgs/msg
[0.865s] -- Up-to-date: /home/m4rcos/Documents/rover/ext_ws/install/obj_msgs/include/obj_msgs/msg/detail
[0.865s] -- Up-to-date: /home/m4rcos/Documents/rover/ext_ws/install/obj_msgs/include/obj_msgs/msg/detail/object_msg__type_support.hpp
[0.865s] -- Up-to-date: /home/m4rcos/Documents/rover/ext_ws/install/obj_msgs/include/obj_msgs/msg/detail/object_msg__builder.hpp
[0.865s] -- Up-to-date: /home/m4rcos/Documents/rover/ext_ws/install/obj_msgs/include/obj_msgs/msg/detail/object_msg__traits.hpp
[0.865s] -- Up-to-date: /home/m4rcos/Documents/rover/ext_ws/install/obj_msgs/include/obj_msgs/msg/detail/object_msg__struct.hpp
[0.866s] -- Up-to-date: /home/m4rcos/Documents/rover/ext_ws/install/obj_msgs/include/obj_msgs/msg/rosidl_generator_cpp__visibility_control.hpp
[0.866s] -- Up-to-date: /home/m4rcos/Documents/rover/ext_ws/install/obj_msgs/include/obj_msgs/msg/object_msg.hpp
[0.866s] -- Up-to-date: /home/m4rcos/Documents/rover/ext_ws/install/obj_msgs/include/obj_msgs
[0.866s] -- Up-to-date: /home/m4rcos/Documents/rover/ext_ws/install/obj_msgs/include/obj_msgs/msg
[0.866s] -- Up-to-date: /home/m4rcos/Documents/rover/ext_ws/install/obj_msgs/include/obj_msgs/msg/detail
[0.866s] -- Up-to-date: /home/m4rcos/Documents/rover/ext_ws/install/obj_msgs/include/obj_msgs/msg/detail/object_msg__rosidl_typesupport_introspection_cpp.hpp
[0.866s] -- Up-to-date: /home/m4rcos/Documents/rover/ext_ws/install/obj_msgs/include/obj_msgs/msg/detail/object_msg__type_support.cpp
[0.866s] -- Up-to-date: /home/m4rcos/Documents/rover/ext_ws/install/obj_msgs/lib/libobj_msgs__rosidl_typesupport_introspection_cpp.so
[0.866s] -- Up-to-date: /home/m4rcos/Documents/rover/ext_ws/install/obj_msgs/lib/libobj_msgs__rosidl_typesupport_cpp.so
[0.866s] -- Up-to-date: /home/m4rcos/Documents/rover/ext_ws/install/obj_msgs/share/obj_msgs/environment/pythonpath.sh
[0.866s] -- Installing: /home/m4rcos/Documents/rover/ext_ws/install/obj_msgs/share/obj_msgs/environment/pythonpath.dsv
[0.866s] -- Installing: /home/m4rcos/Documents/rover/ext_ws/install/obj_msgs/lib/python3.8/site-packages/obj_msgs/__init__.py
[0.891s] Compiling '/home/m4rcos/Documents/rover/ext_ws/install/obj_msgs/lib/python3.8/site-packages/obj_msgs/__init__.py'...
[0.894s] -- Up-to-date: /home/m4rcos/Documents/rover/ext_ws/install/obj_msgs/lib/python3.8/site-packages/obj_msgs/msg
[0.894s] -- Up-to-date: /home/m4rcos/Documents/rover/ext_ws/install/obj_msgs/lib/python3.8/site-packages/obj_msgs/msg/_object_msg_s.c
[0.894s] -- Up-to-date: /home/m4rcos/Documents/rover/ext_ws/install/obj_msgs/lib/python3.8/site-packages/obj_msgs/msg/_object_msg.py
[0.894s] -- Up-to-date: /home/m4rcos/Documents/rover/ext_ws/install/obj_msgs/lib/python3.8/site-packages/obj_msgs/msg/__init__.py
[0.895s] -- Up-to-date: /home/m4rcos/Documents/rover/ext_ws/install/obj_msgs/lib/python3.8/site-packages/obj_msgs/obj_msgs_s__rosidl_typesupport_fastrtps_c.cpython-38-x86_64-linux-gnu.so
[0.895s] -- Up-to-date: /home/m4rcos/Documents/rover/ext_ws/install/obj_msgs/lib/python3.8/site-packages/obj_msgs/obj_msgs_s__rosidl_typesupport_introspection_c.cpython-38-x86_64-linux-gnu.so
[0.896s] -- Up-to-date: /home/m4rcos/Documents/rover/ext_ws/install/obj_msgs/lib/python3.8/site-packages/obj_msgs/obj_msgs_s__rosidl_typesupport_c.cpython-38-x86_64-linux-gnu.so
[0.896s] -- Up-to-date: /home/m4rcos/Documents/rover/ext_ws/install/obj_msgs/lib/libobj_msgs__python.so
[0.896s] -- Up-to-date: /home/m4rcos/Documents/rover/ext_ws/install/obj_msgs/share/obj_msgs/msg/ObjectMsg.idl
[0.896s] -- Up-to-date: /home/m4rcos/Documents/rover/ext_ws/install/obj_msgs/share/obj_msgs/msg/ObjectMsg.msg
[0.896s] -- Up-to-date: /home/m4rcos/Documents/rover/ext_ws/install/obj_msgs/share/ament_index/resource_index/package_run_dependencies/obj_msgs
[0.896s] -- Installing: /home/m4rcos/Documents/rover/ext_ws/install/obj_msgs/share/ament_index/resource_index/parent_prefix_path/obj_msgs
[0.897s] -- Up-to-date: /home/m4rcos/Documents/rover/ext_ws/install/obj_msgs/share/obj_msgs/environment/ament_prefix_path.sh
[0.897s] -- Installing: /home/m4rcos/Documents/rover/ext_ws/install/obj_msgs/share/obj_msgs/environment/ament_prefix_path.dsv
[0.897s] -- Up-to-date: /home/m4rcos/Documents/rover/ext_ws/install/obj_msgs/share/obj_msgs/environment/path.sh
[0.897s] -- Installing: /home/m4rcos/Documents/rover/ext_ws/install/obj_msgs/share/obj_msgs/environment/path.dsv
[0.897s] -- Up-to-date: /home/m4rcos/Documents/rover/ext_ws/install/obj_msgs/share/obj_msgs/local_setup.bash
[0.897s] -- Up-to-date: /home/m4rcos/Documents/rover/ext_ws/install/obj_msgs/share/obj_msgs/local_setup.sh
[0.897s] -- Up-to-date: /home/m4rcos/Documents/rover/ext_ws/install/obj_msgs/share/obj_msgs/local_setup.zsh
[0.897s] -- Installing: /home/m4rcos/Documents/rover/ext_ws/install/obj_msgs/share/obj_msgs/local_setup.dsv
[0.897s] -- Installing: /home/m4rcos/Documents/rover/ext_ws/install/obj_msgs/share/obj_msgs/package.dsv
[0.897s] -- Up-to-date: /home/m4rcos/Documents/rover/ext_ws/install/obj_msgs/share/ament_index/resource_index/packages/obj_msgs
[0.897s] -- Up-to-date: /home/m4rcos/Documents/rover/ext_ws/install/obj_msgs/share/obj_msgs/cmake/obj_msgs__rosidl_generator_cExport.cmake
[0.897s] -- Installing: /home/m4rcos/Documents/rover/ext_ws/install/obj_msgs/share/obj_msgs/cmake/obj_msgs__rosidl_generator_cExport-noconfig.cmake
[0.898s] -- Up-to-date: /home/m4rcos/Documents/rover/ext_ws/install/obj_msgs/share/obj_msgs/cmake/obj_msgs__rosidl_typesupport_introspection_cExport.cmake
[0.898s] -- Installing: /home/m4rcos/Documents/rover/ext_ws/install/obj_msgs/share/obj_msgs/cmake/obj_msgs__rosidl_typesupport_introspection_cExport-noconfig.cmake
[0.898s] -- Up-to-date: /home/m4rcos/Documents/rover/ext_ws/install/obj_msgs/share/obj_msgs/cmake/obj_msgs__rosidl_typesupport_cExport.cmake
[0.898s] -- Installing: /home/m4rcos/Documents/rover/ext_ws/install/obj_msgs/share/obj_msgs/cmake/obj_msgs__rosidl_typesupport_cExport-noconfig.cmake
[0.898s] -- Up-to-date: /home/m4rcos/Documents/rover/ext_ws/install/obj_msgs/share/obj_msgs/cmake/obj_msgs__rosidl_generator_cppExport.cmake
[0.898s] -- Up-to-date: /home/m4rcos/Documents/rover/ext_ws/install/obj_msgs/share/obj_msgs/cmake/obj_msgs__rosidl_typesupport_introspection_cppExport.cmake
[0.898s] -- Installing: /home/m4rcos/Documents/rover/ext_ws/install/obj_msgs/share/obj_msgs/cmake/obj_msgs__rosidl_typesupport_introspection_cppExport-noconfig.cmake
[0.899s] -- Up-to-date: /home/m4rcos/Documents/rover/ext_ws/install/obj_msgs/share/obj_msgs/cmake/obj_msgs__rosidl_typesupport_cppExport.cmake
[0.899s] -- Installing: /home/m4rcos/Documents/rover/ext_ws/install/obj_msgs/share/obj_msgs/cmake/obj_msgs__rosidl_typesupport_cppExport-noconfig.cmake
[0.899s] -- Up-to-date: /home/m4rcos/Documents/rover/ext_ws/install/obj_msgs/share/obj_msgs/cmake/rosidl_cmake-extras.cmake
[0.899s] -- Up-to-date: /home/m4rcos/Documents/rover/ext_ws/install/obj_msgs/share/obj_msgs/cmake/ament_cmake_export_dependencies-extras.cmake
[0.899s] -- Up-to-date: /home/m4rcos/Documents/rover/ext_ws/install/obj_msgs/share/obj_msgs/cmake/ament_cmake_export_libraries-extras.cmake
[0.899s] -- Up-to-date: /home/m4rcos/Documents/rover/ext_ws/install/obj_msgs/share/obj_msgs/cmake/ament_cmake_export_targets-extras.cmake
[0.899s] -- Up-to-date: /home/m4rcos/Documents/rover/ext_ws/install/obj_msgs/share/obj_msgs/cmake/ament_cmake_export_include_directories-extras.cmake
[0.899s] -- Up-to-date: /home/m4rcos/Documents/rover/ext_ws/install/obj_msgs/share/obj_msgs/cmake/rosidl_cmake_export_typesupport_libraries-extras.cmake
[0.899s] -- Up-to-date: /home/m4rcos/Documents/rover/ext_ws/install/obj_msgs/share/obj_msgs/cmake/rosidl_cmake_export_typesupport_targets-extras.cmake
[0.899s] -- Up-to-date: /home/m4rcos/Documents/rover/ext_ws/install/obj_msgs/share/obj_msgs/cmake/obj_msgsConfig.cmake
[0.899s] -- Up-to-date: /home/m4rcos/Documents/rover/ext_ws/install/obj_msgs/share/obj_msgs/cmake/obj_msgsConfig-version.cmake
[0.899s] -- Installing: /home/m4rcos/Documents/rover/ext_ws/install/obj_msgs/share/obj_msgs/package.xml
[0.902s] Invoked command in '/home/m4rcos/Documents/rover/ext_ws/build/obj_msgs' returned '0': CMAKE_PREFIX_PATH=${CMAKE_PREFIX_PATH}:/opt/ros/foxy /usr/bin/cmake --install /home/m4rcos/Documents/rover/ext_ws/build/obj_msgs
