-- Found ament_cmake: 0.9.12 (/opt/ros/foxy/share/ament_cmake/cmake)
-- Found PythonInterp: /usr/bin/python3 (found suitable version "3.8.10", minimum required is "3") 
-- Using PYTHON_EXECUTABLE: /usr/bin/python3
-- Found rosidl_default_generators: 1.0.1 (/opt/ros/foxy/share/rosidl_default_generators/cmake)
-- Using all available rosidl_typesupport_c: rosidl_typesupport_fastrtps_c;rosidl_typesupport_introspection_c
-- Found rosidl_adapter: 1.3.1 (/opt/ros/foxy/share/rosidl_adapter/cmake)
-- Using all available rosidl_typesupport_cpp: rosidl_typesupport_fastrtps_cpp;rosidl_typesupport_introspection_cpp
-- Found PythonInterp: /usr/bin/python3 (found version "3.8.10") 
-- Found ament_cmake_ros: 0.9.2 (/opt/ros/foxy/share/ament_cmake_ros/cmake)
-- Using all available rosidl_typesupport_c: rosidl_typesupport_fastrtps_c;rosidl_typesupport_introspection_c
-- Using all available rosidl_typesupport_cpp: rosidl_typesupport_fastrtps_cpp;rosidl_typesupport_introspection_cpp
-- Found PythonInterp: /usr/bin/python3 (found suitable version "3.8.10", minimum required is "3.5") 
-- Found python_cmake_module: 0.8.1 (/opt/ros/foxy/share/python_cmake_module/cmake)
-- Using PYTHON_EXECUTABLE: /usr/bin/python3
-- Using PYTHON_INCLUDE_DIRS: /usr/include/python3.8
-- Using PYTHON_LIBRARIES: /usr/lib/x86_64-linux-gnu/libpython3.8.so
-- Found ament_lint_auto: 0.9.8 (/opt/ros/foxy/share/ament_lint_auto/cmake)
-- Added test 'copyright' to check source files copyright and LICENSE
-- Added test 'lint_cmake' to check CMake code style
-- Added test 'xmllint' to check XML markup files
-- Configuring done
-- Generating done
-- Build files have been written to: /home/m4rcos/Documents/rover/ext_ws/build/obj_msgs
[  9%] Built target obj_msgs__rosidl_generator_c
[ 12%] Built target obj_msgs__cpp
[ 29%] Built target obj_msgs__rosidl_typesupport_cpp
[ 32%] Built target obj_msgs__rosidl_typesupport_c
[ 41%] Built target obj_msgs__rosidl_typesupport_introspection_c
[ 51%] Built target obj_msgs__rosidl_typesupport_introspection_cpp
[ 61%] Built target obj_msgs__rosidl_typesupport_fastrtps_cpp
[ 70%] Built target obj_msgs__rosidl_typesupport_fastrtps_c
[ 70%] Built target obj_msgs
[ 74%] Built target obj_msgs__py
[ 80%] Built target obj_msgs__python
[ 93%] Built target obj_msgs__rosidl_typesupport_fastrtps_c__pyext
[ 93%] Built target obj_msgs__rosidl_typesupport_introspection_c__pyext
[100%] Built target obj_msgs__rosidl_typesupport_c__pyext
-- Install configuration: ""
