[0.016s] Invoking command in '/home/m4rcos/Documents/rover/ext_ws/build/obj_msgs': CMAKE_PREFIX_PATH=${CMAKE_PREFIX_PATH}:/opt/ros/foxy /usr/bin/cmake --build /home/m4rcos/Documents/rover/ext_ws/build/obj_msgs -- -j12 -l12
[0.036s] -- Found ament_cmake: 0.9.12 (/opt/ros/foxy/share/ament_cmake/cmake)
[0.054s] -- Found PythonInterp: /usr/bin/python3 (found suitable version "3.8.10", minimum required is "3") 
[0.055s] -- Using PYTHON_EXECUTABLE: /usr/bin/python3
[0.211s] -- Found rosidl_default_generators: 1.0.1 (/opt/ros/foxy/share/rosidl_default_generators/cmake)
[0.213s] -- Using all available rosidl_typesupport_c: rosidl_typesupport_fastrtps_c;rosidl_typesupport_introspection_c
[0.216s] -- Found rosidl_adapter: 1.3.1 (/opt/ros/foxy/share/rosidl_adapter/cmake)
[0.324s] -- Using all available rosidl_typesupport_cpp: rosidl_typesupport_fastrtps_cpp;rosidl_typesupport_introspection_cpp
[0.361s] -- Found PythonInterp: /usr/bin/python3 (found version "3.8.10") 
[0.864s] -- Found ament_cmake_ros: 0.9.2 (/opt/ros/foxy/share/ament_cmake_ros/cmake)
[1.193s] -- Using all available rosidl_typesupport_c: rosidl_typesupport_fastrtps_c;rosidl_typesupport_introspection_c
[1.220s] -- Using all available rosidl_typesupport_cpp: rosidl_typesupport_fastrtps_cpp;rosidl_typesupport_introspection_cpp
[1.243s] -- Found PythonInterp: /usr/bin/python3 (found suitable version "3.8.10", minimum required is "3.5") 
[1.243s] -- Found python_cmake_module: 0.8.1 (/opt/ros/foxy/share/python_cmake_module/cmake)
[1.261s] -- Using PYTHON_EXECUTABLE: /usr/bin/python3
[1.261s] -- Using PYTHON_INCLUDE_DIRS: /usr/include/python3.8
[1.261s] -- Using PYTHON_LIBRARIES: /usr/lib/x86_64-linux-gnu/libpython3.8.so
[1.273s] -- Found ament_lint_auto: 0.9.8 (/opt/ros/foxy/share/ament_lint_auto/cmake)
[1.368s] -- Added test 'copyright' to check source files copyright and LICENSE
[1.372s] -- Added test 'lint_cmake' to check CMake code style
[1.372s] -- Added test 'xmllint' to check XML markup files
[1.375s] -- Configuring done
[1.394s] -- Generating done
[1.400s] -- Build files have been written to: /home/m4rcos/Documents/rover/ext_ws/build/obj_msgs
[1.426s] [  9%] Built target obj_msgs__rosidl_generator_c
[1.426s] [ 12%] Built target obj_msgs__cpp
[1.441s] [ 29%] Built target obj_msgs__rosidl_typesupport_cpp
[1.441s] [ 32%] Built target obj_msgs__rosidl_typesupport_c
[1.441s] [ 41%] Built target obj_msgs__rosidl_typesupport_introspection_c
[1.442s] [ 51%] Built target obj_msgs__rosidl_typesupport_introspection_cpp
[1.444s] [ 61%] Built target obj_msgs__rosidl_typesupport_fastrtps_cpp
[1.463s] [ 70%] Built target obj_msgs__rosidl_typesupport_fastrtps_c
[1.481s] [ 70%] Built target obj_msgs
[1.512s] [ 74%] Built target obj_msgs__py
[1.537s] [ 80%] Built target obj_msgs__python
[1.558s] [ 93%] Built target obj_msgs__rosidl_typesupport_fastrtps_c__pyext
[1.558s] [ 93%] Built target obj_msgs__rosidl_typesupport_introspection_c__pyext
[1.559s] [100%] Built target obj_msgs__rosidl_typesupport_c__pyext
[1.567s] Invoked command in '/home/m4rcos/Documents/rover/ext_ws/build/obj_msgs' returned '0': CMAKE_PREFIX_PATH=${CMAKE_PREFIX_PATH}:/opt/ros/foxy /usr/bin/cmake --build /home/m4rcos/Documents/rover/ext_ws/build/obj_msgs -- -j12 -l12
[1.608s] Invoking command in '/home/m4rcos/Documents/rover/ext_ws/build/obj_msgs': CMAKE_PREFIX_PATH=${CMAKE_PREFIX_PATH}:/opt/ros/foxy /usr/bin/cmake --install /home/m4rcos/Documents/rover/ext_ws/build/obj_msgs
[1.617s] -- Install configuration: ""
[1.617s] CMake Error at cmake_install.cmake:41 (file):
[1.617s]   file INSTALL cannot find
[1.617s]   "/home/m4rcos/Documents/rover/ext_ws/src/obj_msgs/my_mapping_rules.yaml":
[1.617s]   No such file or directory.
[1.617s] 
[1.617s] 
[1.618s] Invoked command in '/home/m4rcos/Documents/rover/ext_ws/build/obj_msgs' returned '1': CMAKE_PREFIX_PATH=${CMAKE_PREFIX_PATH}:/opt/ros/foxy /usr/bin/cmake --install /home/m4rcos/Documents/rover/ext_ws/build/obj_msgs
