[0.221s] DEBUG:colcon:Command line arguments: ['/usr/bin/colcon', 'build']
[0.221s] DEBUG:colcon:Parsed command line arguments: Namespace(allow_overriding=[], ament_cmake_args=None, base_paths=['.'], build_base='build', catkin_cmake_args=None, catkin_skip_building_tests=False, cmake_args=None, cmake_clean_cache=False, cmake_clean_first=False, cmake_force_configure=False, cmake_target=None, cmake_target_skip_unavailable=False, continue_on_error=False, event_handlers=None, executor='parallel', ignore_user_meta=False, install_base='install', log_base=None, log_level=None, main=<bound method BuildVerb.main of <colcon_core.verb.build.BuildVerb object at 0x7fb0762a9430>>, merge_install=False, metas=['./colcon.meta'], mixin=None, mixin_files=None, mixin_verb=('build',), packages_above=None, packages_above_and_dependencies=None, packages_above_depth=None, packages_end=None, packages_ignore=None, packages_ignore_regex=None, packages_select=None, packages_select_build_failed=False, packages_select_by_dep=None, packages_select_regex=None, packages_select_test_failures=False, packages_skip=None, packages_skip_build_finished=False, packages_skip_by_dep=None, packages_skip_regex=None, packages_skip_test_passed=False, packages_skip_up_to=None, packages_start=None, packages_up_to=None, packages_up_to_regex=None, parallel_workers=12, paths=None, symlink_install=False, test_result_base=None, verb_extension=<colcon_core.verb.build.BuildVerb object at 0x7fb0762a9430>, verb_name='build', verb_parser=<colcon_mixin.mixin.mixin_argument.MixinArgumentDecorator object at 0x7fb076274fd0>)
[0.385s] Level 1:colcon.colcon_core.package_discovery:discover_packages(colcon_meta) check parameters
[0.385s] Level 1:colcon.colcon_core.package_discovery:discover_packages(recursive) check parameters
[0.385s] Level 1:colcon.colcon_core.package_discovery:discover_packages(ignore) check parameters
[0.385s] Level 1:colcon.colcon_core.package_discovery:discover_packages(path) check parameters
[0.385s] Level 1:colcon.colcon_core.package_discovery:discover_packages(colcon_meta) discover
[0.385s] Level 1:colcon.colcon_core.package_discovery:discover_packages(recursive) discover
[0.385s] INFO:colcon.colcon_core.package_discovery:Crawling recursively for packages in '/home/m4rcos/Documents/rover/ext_ws'
[0.385s] Level 1:colcon.colcon_core.package_identification:_identify(.) by extensions ['ignore', 'ignore_ament_install']
[0.386s] Level 1:colcon.colcon_core.package_identification:_identify(.) by extension 'ignore'
[0.386s] Level 1:colcon.colcon_core.package_identification:_identify(.) by extension 'ignore_ament_install'
[0.386s] Level 1:colcon.colcon_core.package_identification:_identify(.) by extensions ['colcon_pkg']
[0.386s] Level 1:colcon.colcon_core.package_identification:_identify(.) by extension 'colcon_pkg'
[0.386s] Level 1:colcon.colcon_core.package_identification:_identify(.) by extensions ['colcon_meta']
[0.386s] Level 1:colcon.colcon_core.package_identification:_identify(.) by extension 'colcon_meta'
[0.386s] Level 1:colcon.colcon_core.package_identification:_identify(.) by extensions ['ros']
[0.386s] Level 1:colcon.colcon_core.package_identification:_identify(.) by extension 'ros'
[0.397s] Level 1:colcon.colcon_core.package_identification:_identify(.) by extensions ['cmake', 'python']
[0.397s] Level 1:colcon.colcon_core.package_identification:_identify(.) by extension 'cmake'
[0.397s] Level 1:colcon.colcon_core.package_identification:_identify(.) by extension 'python'
[0.397s] Level 1:colcon.colcon_core.package_identification:_identify(.) by extensions ['python_setup_py']
[0.397s] Level 1:colcon.colcon_core.package_identification:_identify(.) by extension 'python_setup_py'
[0.397s] Level 1:colcon.colcon_core.package_identification:_identify(build) by extensions ['ignore', 'ignore_ament_install']
[0.397s] Level 1:colcon.colcon_core.package_identification:_identify(build) by extension 'ignore'
[0.397s] Level 1:colcon.colcon_core.package_identification:_identify(build) ignored
[0.397s] Level 1:colcon.colcon_core.package_identification:_identify(install) by extensions ['ignore', 'ignore_ament_install']
[0.398s] Level 1:colcon.colcon_core.package_identification:_identify(install) by extension 'ignore'
[0.398s] Level 1:colcon.colcon_core.package_identification:_identify(install) ignored
[0.398s] Level 1:colcon.colcon_core.package_identification:_identify(log) by extensions ['ignore', 'ignore_ament_install']
[0.398s] Level 1:colcon.colcon_core.package_identification:_identify(log) by extension 'ignore'
[0.398s] Level 1:colcon.colcon_core.package_identification:_identify(log) ignored
[0.398s] Level 1:colcon.colcon_core.package_identification:_identify(src) by extensions ['ignore', 'ignore_ament_install']
[0.398s] Level 1:colcon.colcon_core.package_identification:_identify(src) by extension 'ignore'
[0.398s] Level 1:colcon.colcon_core.package_identification:_identify(src) by extension 'ignore_ament_install'
[0.398s] Level 1:colcon.colcon_core.package_identification:_identify(src) by extensions ['colcon_pkg']
[0.398s] Level 1:colcon.colcon_core.package_identification:_identify(src) by extension 'colcon_pkg'
[0.398s] Level 1:colcon.colcon_core.package_identification:_identify(src) by extensions ['colcon_meta']
[0.398s] Level 1:colcon.colcon_core.package_identification:_identify(src) by extension 'colcon_meta'
[0.398s] Level 1:colcon.colcon_core.package_identification:_identify(src) by extensions ['ros']
[0.398s] Level 1:colcon.colcon_core.package_identification:_identify(src) by extension 'ros'
[0.398s] Level 1:colcon.colcon_core.package_identification:_identify(src) by extensions ['cmake', 'python']
[0.398s] Level 1:colcon.colcon_core.package_identification:_identify(src) by extension 'cmake'
[0.398s] Level 1:colcon.colcon_core.package_identification:_identify(src) by extension 'python'
[0.398s] Level 1:colcon.colcon_core.package_identification:_identify(src) by extensions ['python_setup_py']
[0.398s] Level 1:colcon.colcon_core.package_identification:_identify(src) by extension 'python_setup_py'
[0.398s] Level 1:colcon.colcon_core.package_identification:_identify(src/obj_msgs) by extensions ['ignore', 'ignore_ament_install']
[0.398s] Level 1:colcon.colcon_core.package_identification:_identify(src/obj_msgs) by extension 'ignore'
[0.399s] Level 1:colcon.colcon_core.package_identification:_identify(src/obj_msgs) by extension 'ignore_ament_install'
[0.399s] Level 1:colcon.colcon_core.package_identification:_identify(src/obj_msgs) by extensions ['colcon_pkg']
[0.399s] Level 1:colcon.colcon_core.package_identification:_identify(src/obj_msgs) by extension 'colcon_pkg'
[0.399s] Level 1:colcon.colcon_core.package_identification:_identify(src/obj_msgs) by extensions ['colcon_meta']
[0.399s] Level 1:colcon.colcon_core.package_identification:_identify(src/obj_msgs) by extension 'colcon_meta'
[0.399s] Level 1:colcon.colcon_core.package_identification:_identify(src/obj_msgs) by extensions ['ros']
[0.399s] Level 1:colcon.colcon_core.package_identification:_identify(src/obj_msgs) by extension 'ros'
[0.402s] DEBUG:colcon.colcon_core.package_identification:Package 'src/obj_msgs' with type 'ros.ament_cmake' and name 'obj_msgs'
[0.402s] Level 1:colcon.colcon_core.package_identification:_identify(src/yolo_detector) by extensions ['ignore', 'ignore_ament_install']
[0.402s] Level 1:colcon.colcon_core.package_identification:_identify(src/yolo_detector) by extension 'ignore'
[0.402s] Level 1:colcon.colcon_core.package_identification:_identify(src/yolo_detector) by extension 'ignore_ament_install'
[0.402s] Level 1:colcon.colcon_core.package_identification:_identify(src/yolo_detector) by extensions ['colcon_pkg']
[0.402s] Level 1:colcon.colcon_core.package_identification:_identify(src/yolo_detector) by extension 'colcon_pkg'
[0.402s] Level 1:colcon.colcon_core.package_identification:_identify(src/yolo_detector) by extensions ['colcon_meta']
[0.402s] Level 1:colcon.colcon_core.package_identification:_identify(src/yolo_detector) by extension 'colcon_meta'
[0.402s] Level 1:colcon.colcon_core.package_identification:_identify(src/yolo_detector) by extensions ['ros']
[0.402s] Level 1:colcon.colcon_core.package_identification:_identify(src/yolo_detector) by extension 'ros'
[0.402s] DEBUG:colcon.colcon_core.package_identification:Package 'src/yolo_detector' with type 'ros.ament_cmake' and name 'yolo_detector'
[0.402s] Level 1:colcon.colcon_core.package_identification:_identify(src/yolo_msgs) by extensions ['ignore', 'ignore_ament_install']
[0.403s] Level 1:colcon.colcon_core.package_identification:_identify(src/yolo_msgs) by extension 'ignore'
[0.403s] Level 1:colcon.colcon_core.package_identification:_identify(src/yolo_msgs) by extension 'ignore_ament_install'
[0.403s] Level 1:colcon.colcon_core.package_identification:_identify(src/yolo_msgs) by extensions ['colcon_pkg']
[0.403s] Level 1:colcon.colcon_core.package_identification:_identify(src/yolo_msgs) by extension 'colcon_pkg'
[0.403s] Level 1:colcon.colcon_core.package_identification:_identify(src/yolo_msgs) by extensions ['colcon_meta']
[0.403s] Level 1:colcon.colcon_core.package_identification:_identify(src/yolo_msgs) by extension 'colcon_meta'
[0.403s] Level 1:colcon.colcon_core.package_identification:_identify(src/yolo_msgs) by extensions ['ros']
[0.403s] Level 1:colcon.colcon_core.package_identification:_identify(src/yolo_msgs) by extension 'ros'
[0.403s] DEBUG:colcon.colcon_core.package_identification:Package 'src/yolo_msgs' with type 'ros.ament_cmake' and name 'yolo_msgs'
[0.403s] Level 1:colcon.colcon_core.package_discovery:discover_packages(recursive) using defaults
[0.403s] Level 1:colcon.colcon_core.package_discovery:discover_packages(ignore) discover
[0.403s] Level 1:colcon.colcon_core.package_discovery:discover_packages(ignore) using defaults
[0.403s] Level 1:colcon.colcon_core.package_discovery:discover_packages(path) discover
[0.403s] Level 1:colcon.colcon_core.package_discovery:discover_packages(path) using defaults
[0.441s] Level 1:colcon.colcon_core.package_discovery:discover_packages(prefix_path) check parameters
[0.441s] Level 1:colcon.colcon_core.package_discovery:discover_packages(prefix_path) discover
[0.444s] DEBUG:colcon.colcon_installed_package_information.package_discovery:Found 269 installed packages in /opt/ros/foxy
[0.447s] Level 1:colcon.colcon_core.package_discovery:discover_packages(prefix_path) using defaults
[0.500s] Level 5:colcon.colcon_core.verb:set package 'obj_msgs' build argument 'cmake_args' from command line to 'None'
[0.500s] Level 5:colcon.colcon_core.verb:set package 'obj_msgs' build argument 'cmake_target' from command line to 'None'
[0.500s] Level 5:colcon.colcon_core.verb:set package 'obj_msgs' build argument 'cmake_target_skip_unavailable' from command line to 'False'
[0.500s] Level 5:colcon.colcon_core.verb:set package 'obj_msgs' build argument 'cmake_clean_cache' from command line to 'False'
[0.500s] Level 5:colcon.colcon_core.verb:set package 'obj_msgs' build argument 'cmake_clean_first' from command line to 'False'
[0.500s] Level 5:colcon.colcon_core.verb:set package 'obj_msgs' build argument 'cmake_force_configure' from command line to 'False'
[0.500s] Level 5:colcon.colcon_core.verb:set package 'obj_msgs' build argument 'ament_cmake_args' from command line to 'None'
[0.500s] Level 5:colcon.colcon_core.verb:set package 'obj_msgs' build argument 'catkin_cmake_args' from command line to 'None'
[0.500s] Level 5:colcon.colcon_core.verb:set package 'obj_msgs' build argument 'catkin_skip_building_tests' from command line to 'False'
[0.500s] DEBUG:colcon.colcon_core.verb:Building package 'obj_msgs' with the following arguments: {'ament_cmake_args': None, 'build_base': '/home/m4rcos/Documents/rover/ext_ws/build/obj_msgs', 'catkin_cmake_args': None, 'catkin_skip_building_tests': False, 'cmake_args': None, 'cmake_clean_cache': False, 'cmake_clean_first': False, 'cmake_force_configure': False, 'cmake_target': None, 'cmake_target_skip_unavailable': False, 'install_base': '/home/m4rcos/Documents/rover/ext_ws/install/obj_msgs', 'merge_install': False, 'path': '/home/m4rcos/Documents/rover/ext_ws/src/obj_msgs', 'symlink_install': False, 'test_result_base': None}
[0.501s] Level 5:colcon.colcon_core.verb:set package 'yolo_detector' build argument 'cmake_args' from command line to 'None'
[0.501s] Level 5:colcon.colcon_core.verb:set package 'yolo_detector' build argument 'cmake_target' from command line to 'None'
[0.501s] Level 5:colcon.colcon_core.verb:set package 'yolo_detector' build argument 'cmake_target_skip_unavailable' from command line to 'False'
[0.501s] Level 5:colcon.colcon_core.verb:set package 'yolo_detector' build argument 'cmake_clean_cache' from command line to 'False'
[0.501s] Level 5:colcon.colcon_core.verb:set package 'yolo_detector' build argument 'cmake_clean_first' from command line to 'False'
[0.501s] Level 5:colcon.colcon_core.verb:set package 'yolo_detector' build argument 'cmake_force_configure' from command line to 'False'
[0.501s] Level 5:colcon.colcon_core.verb:set package 'yolo_detector' build argument 'ament_cmake_args' from command line to 'None'
[0.501s] Level 5:colcon.colcon_core.verb:set package 'yolo_detector' build argument 'catkin_cmake_args' from command line to 'None'
[0.501s] Level 5:colcon.colcon_core.verb:set package 'yolo_detector' build argument 'catkin_skip_building_tests' from command line to 'False'
[0.501s] DEBUG:colcon.colcon_core.verb:Building package 'yolo_detector' with the following arguments: {'ament_cmake_args': None, 'build_base': '/home/m4rcos/Documents/rover/ext_ws/build/yolo_detector', 'catkin_cmake_args': None, 'catkin_skip_building_tests': False, 'cmake_args': None, 'cmake_clean_cache': False, 'cmake_clean_first': False, 'cmake_force_configure': False, 'cmake_target': None, 'cmake_target_skip_unavailable': False, 'install_base': '/home/m4rcos/Documents/rover/ext_ws/install/yolo_detector', 'merge_install': False, 'path': '/home/m4rcos/Documents/rover/ext_ws/src/yolo_detector', 'symlink_install': False, 'test_result_base': None}
[0.501s] Level 5:colcon.colcon_core.verb:set package 'yolo_msgs' build argument 'cmake_args' from command line to 'None'
[0.501s] Level 5:colcon.colcon_core.verb:set package 'yolo_msgs' build argument 'cmake_target' from command line to 'None'
[0.501s] Level 5:colcon.colcon_core.verb:set package 'yolo_msgs' build argument 'cmake_target_skip_unavailable' from command line to 'False'
[0.501s] Level 5:colcon.colcon_core.verb:set package 'yolo_msgs' build argument 'cmake_clean_cache' from command line to 'False'
[0.501s] Level 5:colcon.colcon_core.verb:set package 'yolo_msgs' build argument 'cmake_clean_first' from command line to 'False'
[0.501s] Level 5:colcon.colcon_core.verb:set package 'yolo_msgs' build argument 'cmake_force_configure' from command line to 'False'
[0.501s] Level 5:colcon.colcon_core.verb:set package 'yolo_msgs' build argument 'ament_cmake_args' from command line to 'None'
[0.501s] Level 5:colcon.colcon_core.verb:set package 'yolo_msgs' build argument 'catkin_cmake_args' from command line to 'None'
[0.501s] Level 5:colcon.colcon_core.verb:set package 'yolo_msgs' build argument 'catkin_skip_building_tests' from command line to 'False'
[0.501s] DEBUG:colcon.colcon_core.verb:Building package 'yolo_msgs' with the following arguments: {'ament_cmake_args': None, 'build_base': '/home/m4rcos/Documents/rover/ext_ws/build/yolo_msgs', 'catkin_cmake_args': None, 'catkin_skip_building_tests': False, 'cmake_args': None, 'cmake_clean_cache': False, 'cmake_clean_first': False, 'cmake_force_configure': False, 'cmake_target': None, 'cmake_target_skip_unavailable': False, 'install_base': '/home/m4rcos/Documents/rover/ext_ws/install/yolo_msgs', 'merge_install': False, 'path': '/home/m4rcos/Documents/rover/ext_ws/src/yolo_msgs', 'symlink_install': False, 'test_result_base': None}
[0.501s] INFO:colcon.colcon_core.executor:Executing jobs using 'parallel' executor
[0.502s] DEBUG:colcon.colcon_parallel_executor.executor.parallel:run_until_complete
[0.503s] INFO:colcon.colcon_ros.task.ament_cmake.build:Building ROS package in '/home/m4rcos/Documents/rover/ext_ws/src/obj_msgs' with build type 'ament_cmake'
[0.503s] INFO:colcon.colcon_cmake.task.cmake.build:Building CMake package in '/home/m4rcos/Documents/rover/ext_ws/src/obj_msgs'
[0.505s] INFO:colcon.colcon_core.plugin_system:Skipping extension 'colcon_core.shell.bat': Not used on non-Windows systems
[0.505s] INFO:colcon.colcon_core.shell:Skip shell extension 'powershell' for command environment: Not usable outside of PowerShell
[0.505s] DEBUG:colcon.colcon_core.shell:Skip shell extension 'dsv' for command environment
[0.509s] INFO:colcon.colcon_ros.task.ament_cmake.build:Building ROS package in '/home/m4rcos/Documents/rover/ext_ws/src/yolo_detector' with build type 'ament_cmake'
[0.510s] INFO:colcon.colcon_cmake.task.cmake.build:Building CMake package in '/home/m4rcos/Documents/rover/ext_ws/src/yolo_detector'
[0.510s] INFO:colcon.colcon_core.shell:Skip shell extension 'powershell' for command environment: Not usable outside of PowerShell
[0.510s] DEBUG:colcon.colcon_core.shell:Skip shell extension 'dsv' for command environment
[0.518s] INFO:colcon.colcon_ros.task.ament_cmake.build:Building ROS package in '/home/m4rcos/Documents/rover/ext_ws/src/yolo_msgs' with build type 'ament_cmake'
[0.518s] INFO:colcon.colcon_cmake.task.cmake.build:Building CMake package in '/home/m4rcos/Documents/rover/ext_ws/src/yolo_msgs'
[0.520s] INFO:colcon.colcon_core.shell:Skip shell extension 'powershell' for command environment: Not usable outside of PowerShell
[0.521s] DEBUG:colcon.colcon_core.shell:Skip shell extension 'dsv' for command environment
[0.534s] DEBUG:colcon.colcon_core.event_handler.log_command:Invoking command in '/home/m4rcos/Documents/rover/ext_ws/build/obj_msgs': CMAKE_PREFIX_PATH=/opt/ros/foxy /usr/bin/cmake /home/m4rcos/Documents/rover/ext_ws/src/obj_msgs -DCMAKE_INSTALL_PREFIX=/home/m4rcos/Documents/rover/ext_ws/install/obj_msgs
[0.538s] DEBUG:colcon.colcon_core.event_handler.log_command:Invoking command in '/home/m4rcos/Documents/rover/ext_ws/build/yolo_detector': CMAKE_PREFIX_PATH=/opt/ros/foxy /usr/bin/cmake /home/m4rcos/Documents/rover/ext_ws/src/yolo_detector -DCMAKE_INSTALL_PREFIX=/home/m4rcos/Documents/rover/ext_ws/install/yolo_detector
[0.545s] DEBUG:colcon.colcon_core.event_handler.log_command:Invoking command in '/home/m4rcos/Documents/rover/ext_ws/build/yolo_msgs': CMAKE_PREFIX_PATH=/opt/ros/foxy /usr/bin/cmake /home/m4rcos/Documents/rover/ext_ws/src/yolo_msgs -DCMAKE_INSTALL_PREFIX=/home/m4rcos/Documents/rover/ext_ws/install/yolo_msgs
[2.190s] DEBUG:colcon.colcon_core.event_handler.log_command:Invoked command in '/home/m4rcos/Documents/rover/ext_ws/build/yolo_detector' returned '0': CMAKE_PREFIX_PATH=/opt/ros/foxy /usr/bin/cmake /home/m4rcos/Documents/rover/ext_ws/src/yolo_detector -DCMAKE_INSTALL_PREFIX=/home/m4rcos/Documents/rover/ext_ws/install/yolo_detector
[2.191s] DEBUG:colcon.colcon_core.event_handler.log_command:Invoking command in '/home/m4rcos/Documents/rover/ext_ws/build/yolo_detector': CMAKE_PREFIX_PATH=/opt/ros/foxy /usr/bin/cmake --build /home/m4rcos/Documents/rover/ext_ws/build/yolo_detector -- -j12 -l12
[2.238s] DEBUG:colcon.colcon_core.event_handler.log_command:Invoked command in '/home/m4rcos/Documents/rover/ext_ws/build/yolo_detector' returned '0': CMAKE_PREFIX_PATH=/opt/ros/foxy /usr/bin/cmake --build /home/m4rcos/Documents/rover/ext_ws/build/yolo_detector -- -j12 -l12
[2.293s] DEBUG:colcon.colcon_core.event_handler.log_command:Invoking command in '/home/m4rcos/Documents/rover/ext_ws/build/yolo_detector': CMAKE_PREFIX_PATH=/opt/ros/foxy /usr/bin/cmake --install /home/m4rcos/Documents/rover/ext_ws/build/yolo_detector
[2.306s] Level 1:colcon.colcon_core.environment:create_environment_scripts_only(yolo_detector)
[2.307s] DEBUG:colcon.colcon_core.event_handler.log_command:Invoked command in '/home/m4rcos/Documents/rover/ext_ws/build/yolo_detector' returned '0': CMAKE_PREFIX_PATH=/opt/ros/foxy /usr/bin/cmake --install /home/m4rcos/Documents/rover/ext_ws/build/yolo_detector
[2.308s] Level 1:colcon.colcon_core.environment:checking '/home/m4rcos/Documents/rover/ext_ws/install/yolo_detector' for CMake module files
[2.309s] Level 1:colcon.colcon_core.environment:checking '/home/m4rcos/Documents/rover/ext_ws/install/yolo_detector' for CMake config files
[2.309s] Level 1:colcon.colcon_core.shell:create_environment_hook('yolo_detector', 'cmake_prefix_path')
[2.309s] INFO:colcon.colcon_core.shell:Creating environment hook '/home/m4rcos/Documents/rover/ext_ws/install/yolo_detector/share/yolo_detector/hook/cmake_prefix_path.ps1'
[2.310s] INFO:colcon.colcon_core.shell:Creating environment descriptor '/home/m4rcos/Documents/rover/ext_ws/install/yolo_detector/share/yolo_detector/hook/cmake_prefix_path.dsv'
[2.310s] INFO:colcon.colcon_core.shell:Creating environment hook '/home/m4rcos/Documents/rover/ext_ws/install/yolo_detector/share/yolo_detector/hook/cmake_prefix_path.sh'
[2.312s] Level 1:colcon.colcon_core.environment:checking '/home/m4rcos/Documents/rover/ext_ws/install/yolo_detector/bin'
[2.312s] Level 1:colcon.colcon_core.environment:checking '/home/m4rcos/Documents/rover/ext_ws/install/yolo_detector/lib/pkgconfig/yolo_detector.pc'
[2.312s] Level 1:colcon.colcon_core.environment:checking '/home/m4rcos/Documents/rover/ext_ws/install/yolo_detector/lib/python3.8/site-packages'
[2.313s] Level 1:colcon.colcon_core.environment:checking '/home/m4rcos/Documents/rover/ext_ws/install/yolo_detector/bin'
[2.313s] INFO:colcon.colcon_core.shell:Creating package script '/home/m4rcos/Documents/rover/ext_ws/install/yolo_detector/share/yolo_detector/package.ps1'
[2.316s] INFO:colcon.colcon_core.shell:Creating package descriptor '/home/m4rcos/Documents/rover/ext_ws/install/yolo_detector/share/yolo_detector/package.dsv'
[2.317s] INFO:colcon.colcon_core.shell:Creating package script '/home/m4rcos/Documents/rover/ext_ws/install/yolo_detector/share/yolo_detector/package.sh'
[2.318s] INFO:colcon.colcon_core.shell:Creating package script '/home/m4rcos/Documents/rover/ext_ws/install/yolo_detector/share/yolo_detector/package.bash'
[2.319s] INFO:colcon.colcon_core.shell:Creating package script '/home/m4rcos/Documents/rover/ext_ws/install/yolo_detector/share/yolo_detector/package.zsh'
[2.319s] Level 1:colcon.colcon_core.environment:create_file_with_runtime_dependencies(/home/m4rcos/Documents/rover/ext_ws/install/yolo_detector/share/colcon-core/packages/yolo_detector)
[2.342s] Level 1:colcon.colcon_core.environment:create_environment_scripts_only(yolo_detector)
[2.343s] Level 1:colcon.colcon_core.environment:checking '/home/m4rcos/Documents/rover/ext_ws/install/yolo_detector' for CMake module files
[2.344s] Level 1:colcon.colcon_core.environment:checking '/home/m4rcos/Documents/rover/ext_ws/install/yolo_detector' for CMake config files
[2.344s] Level 1:colcon.colcon_core.shell:create_environment_hook('yolo_detector', 'cmake_prefix_path')
[2.344s] INFO:colcon.colcon_core.shell:Creating environment hook '/home/m4rcos/Documents/rover/ext_ws/install/yolo_detector/share/yolo_detector/hook/cmake_prefix_path.ps1'
[2.345s] INFO:colcon.colcon_core.shell:Creating environment descriptor '/home/m4rcos/Documents/rover/ext_ws/install/yolo_detector/share/yolo_detector/hook/cmake_prefix_path.dsv'
[2.346s] INFO:colcon.colcon_core.shell:Creating environment hook '/home/m4rcos/Documents/rover/ext_ws/install/yolo_detector/share/yolo_detector/hook/cmake_prefix_path.sh'
[2.347s] Level 1:colcon.colcon_core.environment:checking '/home/m4rcos/Documents/rover/ext_ws/install/yolo_detector/bin'
[2.347s] Level 1:colcon.colcon_core.environment:checking '/home/m4rcos/Documents/rover/ext_ws/install/yolo_detector/lib/pkgconfig/yolo_detector.pc'
[2.348s] Level 1:colcon.colcon_core.environment:checking '/home/m4rcos/Documents/rover/ext_ws/install/yolo_detector/lib/python3.8/site-packages'
[2.348s] Level 1:colcon.colcon_core.environment:checking '/home/m4rcos/Documents/rover/ext_ws/install/yolo_detector/bin'
[2.349s] INFO:colcon.colcon_core.shell:Creating package script '/home/m4rcos/Documents/rover/ext_ws/install/yolo_detector/share/yolo_detector/package.ps1'
[2.350s] INFO:colcon.colcon_core.shell:Creating package descriptor '/home/m4rcos/Documents/rover/ext_ws/install/yolo_detector/share/yolo_detector/package.dsv'
[2.350s] INFO:colcon.colcon_core.shell:Creating package script '/home/m4rcos/Documents/rover/ext_ws/install/yolo_detector/share/yolo_detector/package.sh'
[2.350s] INFO:colcon.colcon_core.shell:Creating package script '/home/m4rcos/Documents/rover/ext_ws/install/yolo_detector/share/yolo_detector/package.bash'
[2.351s] INFO:colcon.colcon_core.shell:Creating package script '/home/m4rcos/Documents/rover/ext_ws/install/yolo_detector/share/yolo_detector/package.zsh'
[2.351s] Level 1:colcon.colcon_core.environment:create_file_with_runtime_dependencies(/home/m4rcos/Documents/rover/ext_ws/install/yolo_detector/share/colcon-core/packages/yolo_detector)
[2.775s] DEBUG:colcon.colcon_core.event_handler.log_command:Invoked command in '/home/m4rcos/Documents/rover/ext_ws/build/obj_msgs' returned '0': CMAKE_PREFIX_PATH=/opt/ros/foxy /usr/bin/cmake /home/m4rcos/Documents/rover/ext_ws/src/obj_msgs -DCMAKE_INSTALL_PREFIX=/home/m4rcos/Documents/rover/ext_ws/install/obj_msgs
[2.776s] DEBUG:colcon.colcon_core.event_handler.log_command:Invoking command in '/home/m4rcos/Documents/rover/ext_ws/build/obj_msgs': CMAKE_PREFIX_PATH=/opt/ros/foxy /usr/bin/cmake --build /home/m4rcos/Documents/rover/ext_ws/build/obj_msgs -- -j12 -l12
[2.805s] DEBUG:colcon.colcon_core.event_handler.log_command:Invoked command in '/home/m4rcos/Documents/rover/ext_ws/build/yolo_msgs' returned '0': CMAKE_PREFIX_PATH=/opt/ros/foxy /usr/bin/cmake /home/m4rcos/Documents/rover/ext_ws/src/yolo_msgs -DCMAKE_INSTALL_PREFIX=/home/m4rcos/Documents/rover/ext_ws/install/yolo_msgs
[2.808s] DEBUG:colcon.colcon_core.event_handler.log_command:Invoking command in '/home/m4rcos/Documents/rover/ext_ws/build/yolo_msgs': CMAKE_PREFIX_PATH=/opt/ros/foxy /usr/bin/cmake --build /home/m4rcos/Documents/rover/ext_ws/build/yolo_msgs -- -j12 -l12
[5.801s] DEBUG:colcon.colcon_core.event_handler.log_command:Invoked command in '/home/m4rcos/Documents/rover/ext_ws/build/obj_msgs' returned '0': CMAKE_PREFIX_PATH=/opt/ros/foxy /usr/bin/cmake --build /home/m4rcos/Documents/rover/ext_ws/build/obj_msgs -- -j12 -l12
[5.840s] DEBUG:colcon.colcon_core.event_handler.log_command:Invoking command in '/home/m4rcos/Documents/rover/ext_ws/build/obj_msgs': CMAKE_PREFIX_PATH=/opt/ros/foxy /usr/bin/cmake --install /home/m4rcos/Documents/rover/ext_ws/build/obj_msgs
[5.907s] Level 1:colcon.colcon_core.environment:create_environment_scripts_only(obj_msgs)
[5.907s] Level 1:colcon.colcon_core.environment:checking '/home/m4rcos/Documents/rover/ext_ws/install/obj_msgs' for CMake module files
[5.908s] DEBUG:colcon.colcon_core.event_handler.log_command:Invoked command in '/home/m4rcos/Documents/rover/ext_ws/build/obj_msgs' returned '0': CMAKE_PREFIX_PATH=/opt/ros/foxy /usr/bin/cmake --install /home/m4rcos/Documents/rover/ext_ws/build/obj_msgs
[5.908s] Level 1:colcon.colcon_core.environment:checking '/home/m4rcos/Documents/rover/ext_ws/install/obj_msgs' for CMake config files
[5.908s] Level 1:colcon.colcon_core.shell:create_environment_hook('obj_msgs', 'cmake_prefix_path')
[5.909s] INFO:colcon.colcon_core.shell:Creating environment hook '/home/m4rcos/Documents/rover/ext_ws/install/obj_msgs/share/obj_msgs/hook/cmake_prefix_path.ps1'
[5.909s] INFO:colcon.colcon_core.shell:Creating environment descriptor '/home/m4rcos/Documents/rover/ext_ws/install/obj_msgs/share/obj_msgs/hook/cmake_prefix_path.dsv'
[5.909s] INFO:colcon.colcon_core.shell:Creating environment hook '/home/m4rcos/Documents/rover/ext_ws/install/obj_msgs/share/obj_msgs/hook/cmake_prefix_path.sh'
[5.910s] Level 1:colcon.colcon_core.environment:checking '/home/m4rcos/Documents/rover/ext_ws/install/obj_msgs/lib'
[5.910s] Level 1:colcon.colcon_core.shell:create_environment_hook('obj_msgs', 'ld_library_path_lib')
[5.910s] INFO:colcon.colcon_core.shell:Creating environment hook '/home/m4rcos/Documents/rover/ext_ws/install/obj_msgs/share/obj_msgs/hook/ld_library_path_lib.ps1'
[5.910s] INFO:colcon.colcon_core.shell:Creating environment descriptor '/home/m4rcos/Documents/rover/ext_ws/install/obj_msgs/share/obj_msgs/hook/ld_library_path_lib.dsv'
[5.911s] INFO:colcon.colcon_core.shell:Creating environment hook '/home/m4rcos/Documents/rover/ext_ws/install/obj_msgs/share/obj_msgs/hook/ld_library_path_lib.sh'
[5.911s] Level 1:colcon.colcon_core.environment:checking '/home/m4rcos/Documents/rover/ext_ws/install/obj_msgs/bin'
[5.911s] Level 1:colcon.colcon_core.environment:checking '/home/m4rcos/Documents/rover/ext_ws/install/obj_msgs/lib/pkgconfig/obj_msgs.pc'
[5.911s] Level 1:colcon.colcon_core.environment:checking '/home/m4rcos/Documents/rover/ext_ws/install/obj_msgs/lib/python3.8/site-packages'
[5.911s] Level 1:colcon.colcon_core.shell:create_environment_hook('obj_msgs', 'pythonpath')
[5.911s] INFO:colcon.colcon_core.shell:Creating environment hook '/home/m4rcos/Documents/rover/ext_ws/install/obj_msgs/share/obj_msgs/hook/pythonpath.ps1'
[5.912s] INFO:colcon.colcon_core.shell:Creating environment descriptor '/home/m4rcos/Documents/rover/ext_ws/install/obj_msgs/share/obj_msgs/hook/pythonpath.dsv'
[5.912s] INFO:colcon.colcon_core.shell:Creating environment hook '/home/m4rcos/Documents/rover/ext_ws/install/obj_msgs/share/obj_msgs/hook/pythonpath.sh'
[5.912s] Level 1:colcon.colcon_core.environment:checking '/home/m4rcos/Documents/rover/ext_ws/install/obj_msgs/bin'
[5.913s] INFO:colcon.colcon_core.shell:Creating package script '/home/m4rcos/Documents/rover/ext_ws/install/obj_msgs/share/obj_msgs/package.ps1'
[5.914s] INFO:colcon.colcon_core.shell:Creating package descriptor '/home/m4rcos/Documents/rover/ext_ws/install/obj_msgs/share/obj_msgs/package.dsv'
[5.915s] INFO:colcon.colcon_core.shell:Creating package script '/home/m4rcos/Documents/rover/ext_ws/install/obj_msgs/share/obj_msgs/package.sh'
[5.916s] INFO:colcon.colcon_core.shell:Creating package script '/home/m4rcos/Documents/rover/ext_ws/install/obj_msgs/share/obj_msgs/package.bash'
[5.916s] INFO:colcon.colcon_core.shell:Creating package script '/home/m4rcos/Documents/rover/ext_ws/install/obj_msgs/share/obj_msgs/package.zsh'
[5.917s] Level 1:colcon.colcon_core.environment:create_file_with_runtime_dependencies(/home/m4rcos/Documents/rover/ext_ws/install/obj_msgs/share/colcon-core/packages/obj_msgs)
[5.962s] Level 1:colcon.colcon_core.environment:create_environment_scripts_only(obj_msgs)
[5.962s] Level 1:colcon.colcon_core.environment:checking '/home/m4rcos/Documents/rover/ext_ws/install/obj_msgs' for CMake module files
[5.963s] Level 1:colcon.colcon_core.environment:checking '/home/m4rcos/Documents/rover/ext_ws/install/obj_msgs' for CMake config files
[5.964s] Level 1:colcon.colcon_core.shell:create_environment_hook('obj_msgs', 'cmake_prefix_path')
[5.964s] INFO:colcon.colcon_core.shell:Creating environment hook '/home/m4rcos/Documents/rover/ext_ws/install/obj_msgs/share/obj_msgs/hook/cmake_prefix_path.ps1'
[5.965s] INFO:colcon.colcon_core.shell:Creating environment descriptor '/home/m4rcos/Documents/rover/ext_ws/install/obj_msgs/share/obj_msgs/hook/cmake_prefix_path.dsv'
[5.967s] INFO:colcon.colcon_core.shell:Creating environment hook '/home/m4rcos/Documents/rover/ext_ws/install/obj_msgs/share/obj_msgs/hook/cmake_prefix_path.sh'
[5.968s] Level 1:colcon.colcon_core.environment:checking '/home/m4rcos/Documents/rover/ext_ws/install/obj_msgs/lib'
[5.968s] Level 1:colcon.colcon_core.shell:create_environment_hook('obj_msgs', 'ld_library_path_lib')
[5.969s] INFO:colcon.colcon_core.shell:Creating environment hook '/home/m4rcos/Documents/rover/ext_ws/install/obj_msgs/share/obj_msgs/hook/ld_library_path_lib.ps1'
[5.969s] INFO:colcon.colcon_core.shell:Creating environment descriptor '/home/m4rcos/Documents/rover/ext_ws/install/obj_msgs/share/obj_msgs/hook/ld_library_path_lib.dsv'
[5.970s] INFO:colcon.colcon_core.shell:Creating environment hook '/home/m4rcos/Documents/rover/ext_ws/install/obj_msgs/share/obj_msgs/hook/ld_library_path_lib.sh'
[5.970s] Level 1:colcon.colcon_core.environment:checking '/home/m4rcos/Documents/rover/ext_ws/install/obj_msgs/bin'
[5.970s] Level 1:colcon.colcon_core.environment:checking '/home/m4rcos/Documents/rover/ext_ws/install/obj_msgs/lib/pkgconfig/obj_msgs.pc'
[5.970s] Level 1:colcon.colcon_core.environment:checking '/home/m4rcos/Documents/rover/ext_ws/install/obj_msgs/lib/python3.8/site-packages'
[5.970s] Level 1:colcon.colcon_core.shell:create_environment_hook('obj_msgs', 'pythonpath')
[5.971s] INFO:colcon.colcon_core.shell:Creating environment hook '/home/m4rcos/Documents/rover/ext_ws/install/obj_msgs/share/obj_msgs/hook/pythonpath.ps1'
[5.971s] INFO:colcon.colcon_core.shell:Creating environment descriptor '/home/m4rcos/Documents/rover/ext_ws/install/obj_msgs/share/obj_msgs/hook/pythonpath.dsv'
[5.971s] INFO:colcon.colcon_core.shell:Creating environment hook '/home/m4rcos/Documents/rover/ext_ws/install/obj_msgs/share/obj_msgs/hook/pythonpath.sh'
[5.972s] Level 1:colcon.colcon_core.environment:checking '/home/m4rcos/Documents/rover/ext_ws/install/obj_msgs/bin'
[5.973s] INFO:colcon.colcon_core.shell:Creating package script '/home/m4rcos/Documents/rover/ext_ws/install/obj_msgs/share/obj_msgs/package.ps1'
[5.973s] INFO:colcon.colcon_core.shell:Creating package descriptor '/home/m4rcos/Documents/rover/ext_ws/install/obj_msgs/share/obj_msgs/package.dsv'
[5.974s] INFO:colcon.colcon_core.shell:Creating package script '/home/m4rcos/Documents/rover/ext_ws/install/obj_msgs/share/obj_msgs/package.sh'
[5.974s] INFO:colcon.colcon_core.shell:Creating package script '/home/m4rcos/Documents/rover/ext_ws/install/obj_msgs/share/obj_msgs/package.bash'
[5.975s] INFO:colcon.colcon_core.shell:Creating package script '/home/m4rcos/Documents/rover/ext_ws/install/obj_msgs/share/obj_msgs/package.zsh'
[5.975s] Level 1:colcon.colcon_core.environment:create_file_with_runtime_dependencies(/home/m4rcos/Documents/rover/ext_ws/install/obj_msgs/share/colcon-core/packages/obj_msgs)
[6.199s] DEBUG:colcon.colcon_core.event_handler.log_command:Invoked command in '/home/m4rcos/Documents/rover/ext_ws/build/yolo_msgs' returned '0': CMAKE_PREFIX_PATH=/opt/ros/foxy /usr/bin/cmake --build /home/m4rcos/Documents/rover/ext_ws/build/yolo_msgs -- -j12 -l12
[6.243s] DEBUG:colcon.colcon_core.event_handler.log_command:Invoking command in '/home/m4rcos/Documents/rover/ext_ws/build/yolo_msgs': CMAKE_PREFIX_PATH=/opt/ros/foxy /usr/bin/cmake --install /home/m4rcos/Documents/rover/ext_ws/build/yolo_msgs
[6.306s] Level 1:colcon.colcon_core.environment:create_environment_scripts_only(yolo_msgs)
[6.306s] Level 1:colcon.colcon_core.environment:checking '/home/m4rcos/Documents/rover/ext_ws/install/yolo_msgs' for CMake module files
[6.307s] DEBUG:colcon.colcon_core.event_handler.log_command:Invoked command in '/home/m4rcos/Documents/rover/ext_ws/build/yolo_msgs' returned '0': CMAKE_PREFIX_PATH=/opt/ros/foxy /usr/bin/cmake --install /home/m4rcos/Documents/rover/ext_ws/build/yolo_msgs
[6.307s] Level 1:colcon.colcon_core.environment:checking '/home/m4rcos/Documents/rover/ext_ws/install/yolo_msgs' for CMake config files
[6.307s] Level 1:colcon.colcon_core.shell:create_environment_hook('yolo_msgs', 'cmake_prefix_path')
[6.308s] INFO:colcon.colcon_core.shell:Creating environment hook '/home/m4rcos/Documents/rover/ext_ws/install/yolo_msgs/share/yolo_msgs/hook/cmake_prefix_path.ps1'
[6.308s] INFO:colcon.colcon_core.shell:Creating environment descriptor '/home/m4rcos/Documents/rover/ext_ws/install/yolo_msgs/share/yolo_msgs/hook/cmake_prefix_path.dsv'
[6.309s] INFO:colcon.colcon_core.shell:Creating environment hook '/home/m4rcos/Documents/rover/ext_ws/install/yolo_msgs/share/yolo_msgs/hook/cmake_prefix_path.sh'
[6.309s] Level 1:colcon.colcon_core.environment:checking '/home/m4rcos/Documents/rover/ext_ws/install/yolo_msgs/lib'
[6.310s] Level 1:colcon.colcon_core.shell:create_environment_hook('yolo_msgs', 'ld_library_path_lib')
[6.310s] INFO:colcon.colcon_core.shell:Creating environment hook '/home/m4rcos/Documents/rover/ext_ws/install/yolo_msgs/share/yolo_msgs/hook/ld_library_path_lib.ps1'
[6.311s] INFO:colcon.colcon_core.shell:Creating environment descriptor '/home/m4rcos/Documents/rover/ext_ws/install/yolo_msgs/share/yolo_msgs/hook/ld_library_path_lib.dsv'
[6.311s] INFO:colcon.colcon_core.shell:Creating environment hook '/home/m4rcos/Documents/rover/ext_ws/install/yolo_msgs/share/yolo_msgs/hook/ld_library_path_lib.sh'
[6.312s] Level 1:colcon.colcon_core.environment:checking '/home/m4rcos/Documents/rover/ext_ws/install/yolo_msgs/bin'
[6.312s] Level 1:colcon.colcon_core.environment:checking '/home/m4rcos/Documents/rover/ext_ws/install/yolo_msgs/lib/pkgconfig/yolo_msgs.pc'
[6.312s] Level 1:colcon.colcon_core.environment:checking '/home/m4rcos/Documents/rover/ext_ws/install/yolo_msgs/lib/python3.8/site-packages'
[6.312s] Level 1:colcon.colcon_core.shell:create_environment_hook('yolo_msgs', 'pythonpath')
[6.313s] INFO:colcon.colcon_core.shell:Creating environment hook '/home/m4rcos/Documents/rover/ext_ws/install/yolo_msgs/share/yolo_msgs/hook/pythonpath.ps1'
[6.313s] INFO:colcon.colcon_core.shell:Creating environment descriptor '/home/m4rcos/Documents/rover/ext_ws/install/yolo_msgs/share/yolo_msgs/hook/pythonpath.dsv'
[6.314s] INFO:colcon.colcon_core.shell:Creating environment hook '/home/m4rcos/Documents/rover/ext_ws/install/yolo_msgs/share/yolo_msgs/hook/pythonpath.sh'
[6.315s] Level 1:colcon.colcon_core.environment:checking '/home/m4rcos/Documents/rover/ext_ws/install/yolo_msgs/bin'
[6.316s] INFO:colcon.colcon_core.shell:Creating package script '/home/m4rcos/Documents/rover/ext_ws/install/yolo_msgs/share/yolo_msgs/package.ps1'
[6.317s] INFO:colcon.colcon_core.shell:Creating package descriptor '/home/m4rcos/Documents/rover/ext_ws/install/yolo_msgs/share/yolo_msgs/package.dsv'
[6.318s] INFO:colcon.colcon_core.shell:Creating package script '/home/m4rcos/Documents/rover/ext_ws/install/yolo_msgs/share/yolo_msgs/package.sh'
[6.318s] INFO:colcon.colcon_core.shell:Creating package script '/home/m4rcos/Documents/rover/ext_ws/install/yolo_msgs/share/yolo_msgs/package.bash'
[6.319s] INFO:colcon.colcon_core.shell:Creating package script '/home/m4rcos/Documents/rover/ext_ws/install/yolo_msgs/share/yolo_msgs/package.zsh'
[6.319s] Level 1:colcon.colcon_core.environment:create_file_with_runtime_dependencies(/home/m4rcos/Documents/rover/ext_ws/install/yolo_msgs/share/colcon-core/packages/yolo_msgs)
[6.356s] Level 1:colcon.colcon_core.environment:create_environment_scripts_only(yolo_msgs)
[6.356s] Level 1:colcon.colcon_core.environment:checking '/home/m4rcos/Documents/rover/ext_ws/install/yolo_msgs' for CMake module files
[6.357s] Level 1:colcon.colcon_core.environment:checking '/home/m4rcos/Documents/rover/ext_ws/install/yolo_msgs' for CMake config files
[6.357s] Level 1:colcon.colcon_core.shell:create_environment_hook('yolo_msgs', 'cmake_prefix_path')
[6.357s] INFO:colcon.colcon_core.shell:Creating environment hook '/home/m4rcos/Documents/rover/ext_ws/install/yolo_msgs/share/yolo_msgs/hook/cmake_prefix_path.ps1'
[6.358s] INFO:colcon.colcon_core.shell:Creating environment descriptor '/home/m4rcos/Documents/rover/ext_ws/install/yolo_msgs/share/yolo_msgs/hook/cmake_prefix_path.dsv'
[6.358s] INFO:colcon.colcon_core.shell:Creating environment hook '/home/m4rcos/Documents/rover/ext_ws/install/yolo_msgs/share/yolo_msgs/hook/cmake_prefix_path.sh'
[6.359s] Level 1:colcon.colcon_core.environment:checking '/home/m4rcos/Documents/rover/ext_ws/install/yolo_msgs/lib'
[6.359s] Level 1:colcon.colcon_core.shell:create_environment_hook('yolo_msgs', 'ld_library_path_lib')
[6.359s] INFO:colcon.colcon_core.shell:Creating environment hook '/home/m4rcos/Documents/rover/ext_ws/install/yolo_msgs/share/yolo_msgs/hook/ld_library_path_lib.ps1'
[6.360s] INFO:colcon.colcon_core.shell:Creating environment descriptor '/home/m4rcos/Documents/rover/ext_ws/install/yolo_msgs/share/yolo_msgs/hook/ld_library_path_lib.dsv'
[6.360s] INFO:colcon.colcon_core.shell:Creating environment hook '/home/m4rcos/Documents/rover/ext_ws/install/yolo_msgs/share/yolo_msgs/hook/ld_library_path_lib.sh'
[6.360s] Level 1:colcon.colcon_core.environment:checking '/home/m4rcos/Documents/rover/ext_ws/install/yolo_msgs/bin'
[6.360s] Level 1:colcon.colcon_core.environment:checking '/home/m4rcos/Documents/rover/ext_ws/install/yolo_msgs/lib/pkgconfig/yolo_msgs.pc'
[6.361s] Level 1:colcon.colcon_core.environment:checking '/home/m4rcos/Documents/rover/ext_ws/install/yolo_msgs/lib/python3.8/site-packages'
[6.361s] Level 1:colcon.colcon_core.shell:create_environment_hook('yolo_msgs', 'pythonpath')
[6.361s] INFO:colcon.colcon_core.shell:Creating environment hook '/home/m4rcos/Documents/rover/ext_ws/install/yolo_msgs/share/yolo_msgs/hook/pythonpath.ps1'
[6.361s] INFO:colcon.colcon_core.shell:Creating environment descriptor '/home/m4rcos/Documents/rover/ext_ws/install/yolo_msgs/share/yolo_msgs/hook/pythonpath.dsv'
[6.362s] INFO:colcon.colcon_core.shell:Creating environment hook '/home/m4rcos/Documents/rover/ext_ws/install/yolo_msgs/share/yolo_msgs/hook/pythonpath.sh'
[6.362s] Level 1:colcon.colcon_core.environment:checking '/home/m4rcos/Documents/rover/ext_ws/install/yolo_msgs/bin'
[6.363s] INFO:colcon.colcon_core.shell:Creating package script '/home/m4rcos/Documents/rover/ext_ws/install/yolo_msgs/share/yolo_msgs/package.ps1'
[6.363s] INFO:colcon.colcon_core.shell:Creating package descriptor '/home/m4rcos/Documents/rover/ext_ws/install/yolo_msgs/share/yolo_msgs/package.dsv'
[6.364s] INFO:colcon.colcon_core.shell:Creating package script '/home/m4rcos/Documents/rover/ext_ws/install/yolo_msgs/share/yolo_msgs/package.sh'
[6.364s] INFO:colcon.colcon_core.shell:Creating package script '/home/m4rcos/Documents/rover/ext_ws/install/yolo_msgs/share/yolo_msgs/package.bash'
[6.365s] INFO:colcon.colcon_core.shell:Creating package script '/home/m4rcos/Documents/rover/ext_ws/install/yolo_msgs/share/yolo_msgs/package.zsh'
[6.365s] Level 1:colcon.colcon_core.environment:create_file_with_runtime_dependencies(/home/m4rcos/Documents/rover/ext_ws/install/yolo_msgs/share/colcon-core/packages/yolo_msgs)
[6.365s] DEBUG:colcon.colcon_parallel_executor.executor.parallel:closing loop
[6.366s] DEBUG:colcon.colcon_parallel_executor.executor.parallel:loop closed
[6.366s] DEBUG:colcon.colcon_parallel_executor.executor.parallel:run_until_complete finished with '0'
[6.366s] DEBUG:colcon.colcon_core.event_reactor:joining thread
[6.372s] INFO:colcon.colcon_core.plugin_system:Skipping extension 'colcon_notification.desktop_notification.terminal_notifier': Not used on non-Darwin systems
[6.372s] INFO:colcon.colcon_core.plugin_system:Skipping extension 'colcon_notification.desktop_notification.win32': Not used on non-Windows systems
[6.372s] INFO:colcon.colcon_notification.desktop_notification:Sending desktop notification using 'notify2'
[6.393s] DEBUG:colcon.colcon_core.event_reactor:joined thread
[6.394s] INFO:colcon.colcon_core.shell:Creating prefix script '/home/m4rcos/Documents/rover/ext_ws/install/local_setup.ps1'
[6.395s] INFO:colcon.colcon_core.shell:Creating prefix util module '/home/m4rcos/Documents/rover/ext_ws/install/_local_setup_util_ps1.py'
[6.397s] INFO:colcon.colcon_core.shell:Creating prefix chain script '/home/m4rcos/Documents/rover/ext_ws/install/setup.ps1'
[6.398s] INFO:colcon.colcon_core.shell:Creating prefix script '/home/m4rcos/Documents/rover/ext_ws/install/local_setup.sh'
[6.398s] INFO:colcon.colcon_core.shell:Creating prefix util module '/home/m4rcos/Documents/rover/ext_ws/install/_local_setup_util_sh.py'
[6.399s] INFO:colcon.colcon_core.shell:Creating prefix chain script '/home/m4rcos/Documents/rover/ext_ws/install/setup.sh'
[6.400s] INFO:colcon.colcon_core.shell:Creating prefix script '/home/m4rcos/Documents/rover/ext_ws/install/local_setup.bash'
[6.400s] INFO:colcon.colcon_core.shell:Creating prefix chain script '/home/m4rcos/Documents/rover/ext_ws/install/setup.bash'
[6.401s] INFO:colcon.colcon_core.shell:Creating prefix script '/home/m4rcos/Documents/rover/ext_ws/install/local_setup.zsh'
[6.402s] INFO:colcon.colcon_core.shell:Creating prefix chain script '/home/m4rcos/Documents/rover/ext_ws/install/setup.zsh'
