[0.169s] DEBUG:colcon:Command line arguments: ['/usr/bin/colcon', 'build']
[0.169s] DEBUG:colcon:Parsed command line arguments: Namespace(allow_overriding=[], ament_cmake_args=None, base_paths=['.'], build_base='build', catkin_cmake_args=None, catkin_skip_building_tests=False, cmake_args=None, cmake_clean_cache=False, cmake_clean_first=False, cmake_force_configure=False, cmake_target=None, cmake_target_skip_unavailable=False, continue_on_error=False, event_handlers=None, executor='parallel', ignore_user_meta=False, install_base='install', log_base=None, log_level=None, main=<bound method BuildVerb.main of <colcon_core.verb.build.BuildVerb object at 0x7f9ff4e2f700>>, merge_install=False, metas=['./colcon.meta'], mixin=None, mixin_files=None, mixin_verb=('build',), packages_above=None, packages_above_and_dependencies=None, packages_above_depth=None, packages_end=None, packages_ignore=None, packages_ignore_regex=None, packages_select=None, packages_select_build_failed=False, packages_select_by_dep=None, packages_select_regex=None, packages_select_test_failures=False, packages_skip=None, packages_skip_build_finished=False, packages_skip_by_dep=None, packages_skip_regex=None, packages_skip_test_passed=False, packages_skip_up_to=None, packages_start=None, packages_up_to=None, packages_up_to_regex=None, parallel_workers=12, paths=None, symlink_install=False, test_result_base=None, verb_extension=<colcon_core.verb.build.BuildVerb object at 0x7f9ff4e2f700>, verb_name='build', verb_parser=<colcon_mixin.mixin.mixin_argument.MixinArgumentDecorator object at 0x7f9ff4d952e0>)
[0.297s] Level 1:colcon.colcon_core.package_discovery:discover_packages(colcon_meta) check parameters
[0.297s] Level 1:colcon.colcon_core.package_discovery:discover_packages(recursive) check parameters
[0.297s] Level 1:colcon.colcon_core.package_discovery:discover_packages(ignore) check parameters
[0.297s] Level 1:colcon.colcon_core.package_discovery:discover_packages(path) check parameters
[0.297s] Level 1:colcon.colcon_core.package_discovery:discover_packages(colcon_meta) discover
[0.297s] Level 1:colcon.colcon_core.package_discovery:discover_packages(recursive) discover
[0.297s] INFO:colcon.colcon_core.package_discovery:Crawling recursively for packages in '/home/m4rcos/Documents/rover/ext_ws'
[0.298s] Level 1:colcon.colcon_core.package_identification:_identify(.) by extensions ['ignore', 'ignore_ament_install']
[0.298s] Level 1:colcon.colcon_core.package_identification:_identify(.) by extension 'ignore'
[0.298s] Level 1:colcon.colcon_core.package_identification:_identify(.) by extension 'ignore_ament_install'
[0.298s] Level 1:colcon.colcon_core.package_identification:_identify(.) by extensions ['colcon_pkg']
[0.298s] Level 1:colcon.colcon_core.package_identification:_identify(.) by extension 'colcon_pkg'
[0.298s] Level 1:colcon.colcon_core.package_identification:_identify(.) by extensions ['colcon_meta']
[0.298s] Level 1:colcon.colcon_core.package_identification:_identify(.) by extension 'colcon_meta'
[0.298s] Level 1:colcon.colcon_core.package_identification:_identify(.) by extensions ['ros']
[0.298s] Level 1:colcon.colcon_core.package_identification:_identify(.) by extension 'ros'
[0.305s] Level 1:colcon.colcon_core.package_identification:_identify(.) by extensions ['cmake', 'python']
[0.305s] Level 1:colcon.colcon_core.package_identification:_identify(.) by extension 'cmake'
[0.305s] Level 1:colcon.colcon_core.package_identification:_identify(.) by extension 'python'
[0.305s] Level 1:colcon.colcon_core.package_identification:_identify(.) by extensions ['python_setup_py']
[0.305s] Level 1:colcon.colcon_core.package_identification:_identify(.) by extension 'python_setup_py'
[0.305s] Level 1:colcon.colcon_core.package_identification:_identify(build) by extensions ['ignore', 'ignore_ament_install']
[0.305s] Level 1:colcon.colcon_core.package_identification:_identify(build) by extension 'ignore'
[0.305s] Level 1:colcon.colcon_core.package_identification:_identify(build) ignored
[0.306s] Level 1:colcon.colcon_core.package_identification:_identify(install) by extensions ['ignore', 'ignore_ament_install']
[0.306s] Level 1:colcon.colcon_core.package_identification:_identify(install) by extension 'ignore'
[0.306s] Level 1:colcon.colcon_core.package_identification:_identify(install) ignored
[0.306s] Level 1:colcon.colcon_core.package_identification:_identify(log) by extensions ['ignore', 'ignore_ament_install']
[0.306s] Level 1:colcon.colcon_core.package_identification:_identify(log) by extension 'ignore'
[0.306s] Level 1:colcon.colcon_core.package_identification:_identify(log) ignored
[0.306s] Level 1:colcon.colcon_core.package_identification:_identify(src) by extensions ['ignore', 'ignore_ament_install']
[0.306s] Level 1:colcon.colcon_core.package_identification:_identify(src) by extension 'ignore'
[0.306s] Level 1:colcon.colcon_core.package_identification:_identify(src) by extension 'ignore_ament_install'
[0.306s] Level 1:colcon.colcon_core.package_identification:_identify(src) by extensions ['colcon_pkg']
[0.306s] Level 1:colcon.colcon_core.package_identification:_identify(src) by extension 'colcon_pkg'
[0.306s] Level 1:colcon.colcon_core.package_identification:_identify(src) by extensions ['colcon_meta']
[0.306s] Level 1:colcon.colcon_core.package_identification:_identify(src) by extension 'colcon_meta'
[0.306s] Level 1:colcon.colcon_core.package_identification:_identify(src) by extensions ['ros']
[0.306s] Level 1:colcon.colcon_core.package_identification:_identify(src) by extension 'ros'
[0.306s] Level 1:colcon.colcon_core.package_identification:_identify(src) by extensions ['cmake', 'python']
[0.306s] Level 1:colcon.colcon_core.package_identification:_identify(src) by extension 'cmake'
[0.306s] Level 1:colcon.colcon_core.package_identification:_identify(src) by extension 'python'
[0.306s] Level 1:colcon.colcon_core.package_identification:_identify(src) by extensions ['python_setup_py']
[0.306s] Level 1:colcon.colcon_core.package_identification:_identify(src) by extension 'python_setup_py'
[0.306s] Level 1:colcon.colcon_core.package_identification:_identify(src/obj_msgs) by extensions ['ignore', 'ignore_ament_install']
[0.306s] Level 1:colcon.colcon_core.package_identification:_identify(src/obj_msgs) by extension 'ignore'
[0.306s] Level 1:colcon.colcon_core.package_identification:_identify(src/obj_msgs) by extension 'ignore_ament_install'
[0.307s] Level 1:colcon.colcon_core.package_identification:_identify(src/obj_msgs) by extensions ['colcon_pkg']
[0.307s] Level 1:colcon.colcon_core.package_identification:_identify(src/obj_msgs) by extension 'colcon_pkg'
[0.307s] Level 1:colcon.colcon_core.package_identification:_identify(src/obj_msgs) by extensions ['colcon_meta']
[0.307s] Level 1:colcon.colcon_core.package_identification:_identify(src/obj_msgs) by extension 'colcon_meta'
[0.307s] Level 1:colcon.colcon_core.package_identification:_identify(src/obj_msgs) by extensions ['ros']
[0.307s] Level 1:colcon.colcon_core.package_identification:_identify(src/obj_msgs) by extension 'ros'
[0.308s] DEBUG:colcon.colcon_core.package_identification:Package 'src/obj_msgs' with type 'ros.ament_cmake' and name 'obj_msgs'
[0.308s] Level 1:colcon.colcon_core.package_identification:_identify(src/yolo_detector) by extensions ['ignore', 'ignore_ament_install']
[0.308s] Level 1:colcon.colcon_core.package_identification:_identify(src/yolo_detector) by extension 'ignore'
[0.308s] Level 1:colcon.colcon_core.package_identification:_identify(src/yolo_detector) by extension 'ignore_ament_install'
[0.308s] Level 1:colcon.colcon_core.package_identification:_identify(src/yolo_detector) by extensions ['colcon_pkg']
[0.309s] Level 1:colcon.colcon_core.package_identification:_identify(src/yolo_detector) by extension 'colcon_pkg'
[0.309s] Level 1:colcon.colcon_core.package_identification:_identify(src/yolo_detector) by extensions ['colcon_meta']
[0.309s] Level 1:colcon.colcon_core.package_identification:_identify(src/yolo_detector) by extension 'colcon_meta'
[0.309s] Level 1:colcon.colcon_core.package_identification:_identify(src/yolo_detector) by extensions ['ros']
[0.309s] Level 1:colcon.colcon_core.package_identification:_identify(src/yolo_detector) by extension 'ros'
[0.309s] DEBUG:colcon.colcon_core.package_identification:Package 'src/yolo_detector' with type 'ros.ament_cmake' and name 'yolo_detector'
[0.309s] Level 1:colcon.colcon_core.package_identification:_identify(src/yolo_msgs) by extensions ['ignore', 'ignore_ament_install']
[0.309s] Level 1:colcon.colcon_core.package_identification:_identify(src/yolo_msgs) by extension 'ignore'
[0.309s] Level 1:colcon.colcon_core.package_identification:_identify(src/yolo_msgs) by extension 'ignore_ament_install'
[0.309s] Level 1:colcon.colcon_core.package_identification:_identify(src/yolo_msgs) by extensions ['colcon_pkg']
[0.309s] Level 1:colcon.colcon_core.package_identification:_identify(src/yolo_msgs) by extension 'colcon_pkg'
[0.309s] Level 1:colcon.colcon_core.package_identification:_identify(src/yolo_msgs) by extensions ['colcon_meta']
[0.309s] Level 1:colcon.colcon_core.package_identification:_identify(src/yolo_msgs) by extension 'colcon_meta'
[0.309s] Level 1:colcon.colcon_core.package_identification:_identify(src/yolo_msgs) by extensions ['ros']
[0.309s] Level 1:colcon.colcon_core.package_identification:_identify(src/yolo_msgs) by extension 'ros'
[0.310s] DEBUG:colcon.colcon_core.package_identification:Package 'src/yolo_msgs' with type 'ros.ament_cmake' and name 'yolo_msgs'
[0.310s] Level 1:colcon.colcon_core.package_discovery:discover_packages(recursive) using defaults
[0.310s] Level 1:colcon.colcon_core.package_discovery:discover_packages(ignore) discover
[0.310s] Level 1:colcon.colcon_core.package_discovery:discover_packages(ignore) using defaults
[0.310s] Level 1:colcon.colcon_core.package_discovery:discover_packages(path) discover
[0.310s] Level 1:colcon.colcon_core.package_discovery:discover_packages(path) using defaults
[0.329s] Level 1:colcon.colcon_core.package_discovery:discover_packages(prefix_path) check parameters
[0.329s] Level 1:colcon.colcon_core.package_discovery:discover_packages(prefix_path) discover
[0.330s] DEBUG:colcon.colcon_installed_package_information.package_discovery:Found 3 installed packages in /home/m4rcos/Documents/rover/ext_ws/install
[0.331s] DEBUG:colcon.colcon_installed_package_information.package_discovery:Found 269 installed packages in /opt/ros/foxy
[0.332s] Level 1:colcon.colcon_core.package_discovery:discover_packages(prefix_path) using defaults
[0.372s] Level 5:colcon.colcon_core.verb:set package 'obj_msgs' build argument 'cmake_args' from command line to 'None'
[0.372s] Level 5:colcon.colcon_core.verb:set package 'obj_msgs' build argument 'cmake_target' from command line to 'None'
[0.372s] Level 5:colcon.colcon_core.verb:set package 'obj_msgs' build argument 'cmake_target_skip_unavailable' from command line to 'False'
[0.372s] Level 5:colcon.colcon_core.verb:set package 'obj_msgs' build argument 'cmake_clean_cache' from command line to 'False'
[0.372s] Level 5:colcon.colcon_core.verb:set package 'obj_msgs' build argument 'cmake_clean_first' from command line to 'False'
[0.372s] Level 5:colcon.colcon_core.verb:set package 'obj_msgs' build argument 'cmake_force_configure' from command line to 'False'
[0.372s] Level 5:colcon.colcon_core.verb:set package 'obj_msgs' build argument 'ament_cmake_args' from command line to 'None'
[0.372s] Level 5:colcon.colcon_core.verb:set package 'obj_msgs' build argument 'catkin_cmake_args' from command line to 'None'
[0.372s] Level 5:colcon.colcon_core.verb:set package 'obj_msgs' build argument 'catkin_skip_building_tests' from command line to 'False'
[0.372s] DEBUG:colcon.colcon_core.verb:Building package 'obj_msgs' with the following arguments: {'ament_cmake_args': None, 'build_base': '/home/m4rcos/Documents/rover/ext_ws/build/obj_msgs', 'catkin_cmake_args': None, 'catkin_skip_building_tests': False, 'cmake_args': None, 'cmake_clean_cache': False, 'cmake_clean_first': False, 'cmake_force_configure': False, 'cmake_target': None, 'cmake_target_skip_unavailable': False, 'install_base': '/home/m4rcos/Documents/rover/ext_ws/install/obj_msgs', 'merge_install': False, 'path': '/home/m4rcos/Documents/rover/ext_ws/src/obj_msgs', 'symlink_install': False, 'test_result_base': None}
[0.373s] Level 5:colcon.colcon_core.verb:set package 'yolo_detector' build argument 'cmake_args' from command line to 'None'
[0.373s] Level 5:colcon.colcon_core.verb:set package 'yolo_detector' build argument 'cmake_target' from command line to 'None'
[0.373s] Level 5:colcon.colcon_core.verb:set package 'yolo_detector' build argument 'cmake_target_skip_unavailable' from command line to 'False'
[0.373s] Level 5:colcon.colcon_core.verb:set package 'yolo_detector' build argument 'cmake_clean_cache' from command line to 'False'
[0.373s] Level 5:colcon.colcon_core.verb:set package 'yolo_detector' build argument 'cmake_clean_first' from command line to 'False'
[0.373s] Level 5:colcon.colcon_core.verb:set package 'yolo_detector' build argument 'cmake_force_configure' from command line to 'False'
[0.373s] Level 5:colcon.colcon_core.verb:set package 'yolo_detector' build argument 'ament_cmake_args' from command line to 'None'
[0.373s] Level 5:colcon.colcon_core.verb:set package 'yolo_detector' build argument 'catkin_cmake_args' from command line to 'None'
[0.373s] Level 5:colcon.colcon_core.verb:set package 'yolo_detector' build argument 'catkin_skip_building_tests' from command line to 'False'
[0.373s] DEBUG:colcon.colcon_core.verb:Building package 'yolo_detector' with the following arguments: {'ament_cmake_args': None, 'build_base': '/home/m4rcos/Documents/rover/ext_ws/build/yolo_detector', 'catkin_cmake_args': None, 'catkin_skip_building_tests': False, 'cmake_args': None, 'cmake_clean_cache': False, 'cmake_clean_first': False, 'cmake_force_configure': False, 'cmake_target': None, 'cmake_target_skip_unavailable': False, 'install_base': '/home/m4rcos/Documents/rover/ext_ws/install/yolo_detector', 'merge_install': False, 'path': '/home/m4rcos/Documents/rover/ext_ws/src/yolo_detector', 'symlink_install': False, 'test_result_base': None}
[0.373s] Level 5:colcon.colcon_core.verb:set package 'yolo_msgs' build argument 'cmake_args' from command line to 'None'
[0.373s] Level 5:colcon.colcon_core.verb:set package 'yolo_msgs' build argument 'cmake_target' from command line to 'None'
[0.373s] Level 5:colcon.colcon_core.verb:set package 'yolo_msgs' build argument 'cmake_target_skip_unavailable' from command line to 'False'
[0.373s] Level 5:colcon.colcon_core.verb:set package 'yolo_msgs' build argument 'cmake_clean_cache' from command line to 'False'
[0.373s] Level 5:colcon.colcon_core.verb:set package 'yolo_msgs' build argument 'cmake_clean_first' from command line to 'False'
[0.373s] Level 5:colcon.colcon_core.verb:set package 'yolo_msgs' build argument 'cmake_force_configure' from command line to 'False'
[0.373s] Level 5:colcon.colcon_core.verb:set package 'yolo_msgs' build argument 'ament_cmake_args' from command line to 'None'
[0.373s] Level 5:colcon.colcon_core.verb:set package 'yolo_msgs' build argument 'catkin_cmake_args' from command line to 'None'
[0.373s] Level 5:colcon.colcon_core.verb:set package 'yolo_msgs' build argument 'catkin_skip_building_tests' from command line to 'False'
[0.373s] DEBUG:colcon.colcon_core.verb:Building package 'yolo_msgs' with the following arguments: {'ament_cmake_args': None, 'build_base': '/home/m4rcos/Documents/rover/ext_ws/build/yolo_msgs', 'catkin_cmake_args': None, 'catkin_skip_building_tests': False, 'cmake_args': None, 'cmake_clean_cache': False, 'cmake_clean_first': False, 'cmake_force_configure': False, 'cmake_target': None, 'cmake_target_skip_unavailable': False, 'install_base': '/home/m4rcos/Documents/rover/ext_ws/install/yolo_msgs', 'merge_install': False, 'path': '/home/m4rcos/Documents/rover/ext_ws/src/yolo_msgs', 'symlink_install': False, 'test_result_base': None}
[0.373s] INFO:colcon.colcon_core.executor:Executing jobs using 'parallel' executor
[0.374s] DEBUG:colcon.colcon_parallel_executor.executor.parallel:run_until_complete
[0.375s] INFO:colcon.colcon_ros.task.ament_cmake.build:Building ROS package in '/home/m4rcos/Documents/rover/ext_ws/src/obj_msgs' with build type 'ament_cmake'
[0.375s] INFO:colcon.colcon_cmake.task.cmake.build:Building CMake package in '/home/m4rcos/Documents/rover/ext_ws/src/obj_msgs'
[0.376s] INFO:colcon.colcon_core.plugin_system:Skipping extension 'colcon_core.shell.bat': Not used on non-Windows systems
[0.376s] INFO:colcon.colcon_core.shell:Skip shell extension 'powershell' for command environment: Not usable outside of PowerShell
[0.376s] DEBUG:colcon.colcon_core.shell:Skip shell extension 'dsv' for command environment
[0.380s] INFO:colcon.colcon_ros.task.ament_cmake.build:Building ROS package in '/home/m4rcos/Documents/rover/ext_ws/src/yolo_detector' with build type 'ament_cmake'
[0.380s] INFO:colcon.colcon_cmake.task.cmake.build:Building CMake package in '/home/m4rcos/Documents/rover/ext_ws/src/yolo_detector'
[0.380s] INFO:colcon.colcon_core.shell:Skip shell extension 'powershell' for command environment: Not usable outside of PowerShell
[0.380s] DEBUG:colcon.colcon_core.shell:Skip shell extension 'dsv' for command environment
[0.383s] INFO:colcon.colcon_ros.task.ament_cmake.build:Building ROS package in '/home/m4rcos/Documents/rover/ext_ws/src/yolo_msgs' with build type 'ament_cmake'
[0.383s] INFO:colcon.colcon_cmake.task.cmake.build:Building CMake package in '/home/m4rcos/Documents/rover/ext_ws/src/yolo_msgs'
[0.384s] INFO:colcon.colcon_core.shell:Skip shell extension 'powershell' for command environment: Not usable outside of PowerShell
[0.384s] DEBUG:colcon.colcon_core.shell:Skip shell extension 'dsv' for command environment
[0.392s] DEBUG:colcon.colcon_core.event_handler.log_command:Invoking command in '/home/m4rcos/Documents/rover/ext_ws/build/obj_msgs': CMAKE_PREFIX_PATH=${CMAKE_PREFIX_PATH}:/opt/ros/foxy /usr/bin/cmake --build /home/m4rcos/Documents/rover/ext_ws/build/obj_msgs -- -j12 -l12
[0.395s] DEBUG:colcon.colcon_core.event_handler.log_command:Invoking command in '/home/m4rcos/Documents/rover/ext_ws/build/yolo_detector': CMAKE_PREFIX_PATH=${CMAKE_PREFIX_PATH}:/opt/ros/foxy /usr/bin/cmake --build /home/m4rcos/Documents/rover/ext_ws/build/yolo_detector -- -j12 -l12
[0.399s] DEBUG:colcon.colcon_core.event_handler.log_command:Invoking command in '/home/m4rcos/Documents/rover/ext_ws/build/yolo_msgs': CMAKE_PREFIX_PATH=${CMAKE_PREFIX_PATH}:/opt/ros/foxy /usr/bin/cmake --build /home/m4rcos/Documents/rover/ext_ws/build/yolo_msgs -- -j12 -l12
[0.419s] DEBUG:colcon.colcon_core.event_handler.log_command:Invoked command in '/home/m4rcos/Documents/rover/ext_ws/build/yolo_detector' returned '0': CMAKE_PREFIX_PATH=${CMAKE_PREFIX_PATH}:/opt/ros/foxy /usr/bin/cmake --build /home/m4rcos/Documents/rover/ext_ws/build/yolo_detector -- -j12 -l12
[0.443s] DEBUG:colcon.colcon_core.event_handler.log_command:Invoking command in '/home/m4rcos/Documents/rover/ext_ws/build/yolo_detector': CMAKE_PREFIX_PATH=${CMAKE_PREFIX_PATH}:/opt/ros/foxy /usr/bin/cmake --install /home/m4rcos/Documents/rover/ext_ws/build/yolo_detector
[0.451s] Level 1:colcon.colcon_core.environment:create_environment_scripts_only(yolo_detector)
[0.452s] DEBUG:colcon.colcon_core.event_handler.log_command:Invoked command in '/home/m4rcos/Documents/rover/ext_ws/build/yolo_detector' returned '0': CMAKE_PREFIX_PATH=${CMAKE_PREFIX_PATH}:/opt/ros/foxy /usr/bin/cmake --install /home/m4rcos/Documents/rover/ext_ws/build/yolo_detector
[0.454s] Level 1:colcon.colcon_core.environment:checking '/home/m4rcos/Documents/rover/ext_ws/install/yolo_detector' for CMake module files
[0.454s] Level 1:colcon.colcon_core.environment:checking '/home/m4rcos/Documents/rover/ext_ws/install/yolo_detector' for CMake config files
[0.455s] Level 1:colcon.colcon_core.shell:create_environment_hook('yolo_detector', 'cmake_prefix_path')
[0.455s] INFO:colcon.colcon_core.shell:Creating environment hook '/home/m4rcos/Documents/rover/ext_ws/install/yolo_detector/share/yolo_detector/hook/cmake_prefix_path.ps1'
[0.455s] INFO:colcon.colcon_core.shell:Creating environment descriptor '/home/m4rcos/Documents/rover/ext_ws/install/yolo_detector/share/yolo_detector/hook/cmake_prefix_path.dsv'
[0.456s] INFO:colcon.colcon_core.shell:Creating environment hook '/home/m4rcos/Documents/rover/ext_ws/install/yolo_detector/share/yolo_detector/hook/cmake_prefix_path.sh'
[0.456s] Level 1:colcon.colcon_core.environment:checking '/home/m4rcos/Documents/rover/ext_ws/install/yolo_detector/bin'
[0.456s] Level 1:colcon.colcon_core.environment:checking '/home/m4rcos/Documents/rover/ext_ws/install/yolo_detector/lib/pkgconfig/yolo_detector.pc'
[0.457s] Level 1:colcon.colcon_core.environment:checking '/home/m4rcos/Documents/rover/ext_ws/install/yolo_detector/lib/python3.8/site-packages'
[0.457s] Level 1:colcon.colcon_core.environment:checking '/home/m4rcos/Documents/rover/ext_ws/install/yolo_detector/bin'
[0.457s] INFO:colcon.colcon_core.shell:Creating package script '/home/m4rcos/Documents/rover/ext_ws/install/yolo_detector/share/yolo_detector/package.ps1'
[0.457s] INFO:colcon.colcon_core.shell:Creating package descriptor '/home/m4rcos/Documents/rover/ext_ws/install/yolo_detector/share/yolo_detector/package.dsv'
[0.458s] INFO:colcon.colcon_core.shell:Creating package script '/home/m4rcos/Documents/rover/ext_ws/install/yolo_detector/share/yolo_detector/package.sh'
[0.458s] INFO:colcon.colcon_core.shell:Creating package script '/home/m4rcos/Documents/rover/ext_ws/install/yolo_detector/share/yolo_detector/package.bash'
[0.459s] INFO:colcon.colcon_core.shell:Creating package script '/home/m4rcos/Documents/rover/ext_ws/install/yolo_detector/share/yolo_detector/package.zsh'
[0.459s] Level 1:colcon.colcon_core.environment:create_file_with_runtime_dependencies(/home/m4rcos/Documents/rover/ext_ws/install/yolo_detector/share/colcon-core/packages/yolo_detector)
[0.472s] Level 1:colcon.colcon_core.environment:create_environment_scripts_only(yolo_detector)
[0.473s] Level 1:colcon.colcon_core.environment:checking '/home/m4rcos/Documents/rover/ext_ws/install/yolo_detector' for CMake module files
[0.473s] Level 1:colcon.colcon_core.environment:checking '/home/m4rcos/Documents/rover/ext_ws/install/yolo_detector' for CMake config files
[0.473s] Level 1:colcon.colcon_core.shell:create_environment_hook('yolo_detector', 'cmake_prefix_path')
[0.473s] INFO:colcon.colcon_core.shell:Creating environment hook '/home/m4rcos/Documents/rover/ext_ws/install/yolo_detector/share/yolo_detector/hook/cmake_prefix_path.ps1'
[0.474s] INFO:colcon.colcon_core.shell:Creating environment descriptor '/home/m4rcos/Documents/rover/ext_ws/install/yolo_detector/share/yolo_detector/hook/cmake_prefix_path.dsv'
[0.474s] INFO:colcon.colcon_core.shell:Creating environment hook '/home/m4rcos/Documents/rover/ext_ws/install/yolo_detector/share/yolo_detector/hook/cmake_prefix_path.sh'
[0.475s] Level 1:colcon.colcon_core.environment:checking '/home/m4rcos/Documents/rover/ext_ws/install/yolo_detector/bin'
[0.475s] Level 1:colcon.colcon_core.environment:checking '/home/m4rcos/Documents/rover/ext_ws/install/yolo_detector/lib/pkgconfig/yolo_detector.pc'
[0.475s] Level 1:colcon.colcon_core.environment:checking '/home/m4rcos/Documents/rover/ext_ws/install/yolo_detector/lib/python3.8/site-packages'
[0.475s] Level 1:colcon.colcon_core.environment:checking '/home/m4rcos/Documents/rover/ext_ws/install/yolo_detector/bin'
[0.475s] INFO:colcon.colcon_core.shell:Creating package script '/home/m4rcos/Documents/rover/ext_ws/install/yolo_detector/share/yolo_detector/package.ps1'
[0.476s] INFO:colcon.colcon_core.shell:Creating package descriptor '/home/m4rcos/Documents/rover/ext_ws/install/yolo_detector/share/yolo_detector/package.dsv'
[0.476s] INFO:colcon.colcon_core.shell:Creating package script '/home/m4rcos/Documents/rover/ext_ws/install/yolo_detector/share/yolo_detector/package.sh'
[0.476s] INFO:colcon.colcon_core.shell:Creating package script '/home/m4rcos/Documents/rover/ext_ws/install/yolo_detector/share/yolo_detector/package.bash'
[0.476s] INFO:colcon.colcon_core.shell:Creating package script '/home/m4rcos/Documents/rover/ext_ws/install/yolo_detector/share/yolo_detector/package.zsh'
[0.477s] Level 1:colcon.colcon_core.environment:create_file_with_runtime_dependencies(/home/m4rcos/Documents/rover/ext_ws/install/yolo_detector/share/colcon-core/packages/yolo_detector)
[0.548s] DEBUG:colcon.colcon_core.event_handler.log_command:Invoked command in '/home/m4rcos/Documents/rover/ext_ws/build/yolo_msgs' returned '0': CMAKE_PREFIX_PATH=${CMAKE_PREFIX_PATH}:/opt/ros/foxy /usr/bin/cmake --build /home/m4rcos/Documents/rover/ext_ws/build/yolo_msgs -- -j12 -l12
[0.583s] DEBUG:colcon.colcon_core.event_handler.log_command:Invoking command in '/home/m4rcos/Documents/rover/ext_ws/build/yolo_msgs': CMAKE_PREFIX_PATH=${CMAKE_PREFIX_PATH}:/opt/ros/foxy /usr/bin/cmake --install /home/m4rcos/Documents/rover/ext_ws/build/yolo_msgs
[0.624s] Level 1:colcon.colcon_core.environment:create_environment_scripts_only(yolo_msgs)
[0.624s] Level 1:colcon.colcon_core.environment:checking '/home/m4rcos/Documents/rover/ext_ws/install/yolo_msgs' for CMake module files
[0.625s] DEBUG:colcon.colcon_core.event_handler.log_command:Invoked command in '/home/m4rcos/Documents/rover/ext_ws/build/yolo_msgs' returned '0': CMAKE_PREFIX_PATH=${CMAKE_PREFIX_PATH}:/opt/ros/foxy /usr/bin/cmake --install /home/m4rcos/Documents/rover/ext_ws/build/yolo_msgs
[0.625s] Level 1:colcon.colcon_core.environment:checking '/home/m4rcos/Documents/rover/ext_ws/install/yolo_msgs' for CMake config files
[0.625s] Level 1:colcon.colcon_core.shell:create_environment_hook('yolo_msgs', 'cmake_prefix_path')
[0.625s] INFO:colcon.colcon_core.shell:Creating environment hook '/home/m4rcos/Documents/rover/ext_ws/install/yolo_msgs/share/yolo_msgs/hook/cmake_prefix_path.ps1'
[0.626s] INFO:colcon.colcon_core.shell:Creating environment descriptor '/home/m4rcos/Documents/rover/ext_ws/install/yolo_msgs/share/yolo_msgs/hook/cmake_prefix_path.dsv'
[0.626s] INFO:colcon.colcon_core.shell:Creating environment hook '/home/m4rcos/Documents/rover/ext_ws/install/yolo_msgs/share/yolo_msgs/hook/cmake_prefix_path.sh'
[0.626s] Level 1:colcon.colcon_core.environment:checking '/home/m4rcos/Documents/rover/ext_ws/install/yolo_msgs/lib'
[0.626s] Level 1:colcon.colcon_core.shell:create_environment_hook('yolo_msgs', 'ld_library_path_lib')
[0.627s] INFO:colcon.colcon_core.shell:Creating environment hook '/home/m4rcos/Documents/rover/ext_ws/install/yolo_msgs/share/yolo_msgs/hook/ld_library_path_lib.ps1'
[0.627s] INFO:colcon.colcon_core.shell:Creating environment descriptor '/home/m4rcos/Documents/rover/ext_ws/install/yolo_msgs/share/yolo_msgs/hook/ld_library_path_lib.dsv'
[0.627s] INFO:colcon.colcon_core.shell:Creating environment hook '/home/m4rcos/Documents/rover/ext_ws/install/yolo_msgs/share/yolo_msgs/hook/ld_library_path_lib.sh'
[0.627s] Level 1:colcon.colcon_core.environment:checking '/home/m4rcos/Documents/rover/ext_ws/install/yolo_msgs/bin'
[0.627s] Level 1:colcon.colcon_core.environment:checking '/home/m4rcos/Documents/rover/ext_ws/install/yolo_msgs/lib/pkgconfig/yolo_msgs.pc'
[0.627s] Level 1:colcon.colcon_core.environment:checking '/home/m4rcos/Documents/rover/ext_ws/install/yolo_msgs/lib/python3.8/site-packages'
[0.627s] Level 1:colcon.colcon_core.shell:create_environment_hook('yolo_msgs', 'pythonpath')
[0.628s] INFO:colcon.colcon_core.shell:Creating environment hook '/home/m4rcos/Documents/rover/ext_ws/install/yolo_msgs/share/yolo_msgs/hook/pythonpath.ps1'
[0.628s] INFO:colcon.colcon_core.shell:Creating environment descriptor '/home/m4rcos/Documents/rover/ext_ws/install/yolo_msgs/share/yolo_msgs/hook/pythonpath.dsv'
[0.628s] INFO:colcon.colcon_core.shell:Creating environment hook '/home/m4rcos/Documents/rover/ext_ws/install/yolo_msgs/share/yolo_msgs/hook/pythonpath.sh'
[0.628s] Level 1:colcon.colcon_core.environment:checking '/home/m4rcos/Documents/rover/ext_ws/install/yolo_msgs/bin'
[0.629s] INFO:colcon.colcon_core.shell:Creating package script '/home/m4rcos/Documents/rover/ext_ws/install/yolo_msgs/share/yolo_msgs/package.ps1'
[0.629s] INFO:colcon.colcon_core.shell:Creating package descriptor '/home/m4rcos/Documents/rover/ext_ws/install/yolo_msgs/share/yolo_msgs/package.dsv'
[0.629s] INFO:colcon.colcon_core.shell:Creating package script '/home/m4rcos/Documents/rover/ext_ws/install/yolo_msgs/share/yolo_msgs/package.sh'
[0.630s] INFO:colcon.colcon_core.shell:Creating package script '/home/m4rcos/Documents/rover/ext_ws/install/yolo_msgs/share/yolo_msgs/package.bash'
[0.630s] INFO:colcon.colcon_core.shell:Creating package script '/home/m4rcos/Documents/rover/ext_ws/install/yolo_msgs/share/yolo_msgs/package.zsh'
[0.630s] Level 1:colcon.colcon_core.environment:create_file_with_runtime_dependencies(/home/m4rcos/Documents/rover/ext_ws/install/yolo_msgs/share/colcon-core/packages/yolo_msgs)
[0.660s] Level 1:colcon.colcon_core.environment:create_environment_scripts_only(yolo_msgs)
[0.661s] Level 1:colcon.colcon_core.environment:checking '/home/m4rcos/Documents/rover/ext_ws/install/yolo_msgs' for CMake module files
[0.661s] Level 1:colcon.colcon_core.environment:checking '/home/m4rcos/Documents/rover/ext_ws/install/yolo_msgs' for CMake config files
[0.661s] Level 1:colcon.colcon_core.shell:create_environment_hook('yolo_msgs', 'cmake_prefix_path')
[0.662s] INFO:colcon.colcon_core.shell:Creating environment hook '/home/m4rcos/Documents/rover/ext_ws/install/yolo_msgs/share/yolo_msgs/hook/cmake_prefix_path.ps1'
[0.662s] INFO:colcon.colcon_core.shell:Creating environment descriptor '/home/m4rcos/Documents/rover/ext_ws/install/yolo_msgs/share/yolo_msgs/hook/cmake_prefix_path.dsv'
[0.662s] INFO:colcon.colcon_core.shell:Creating environment hook '/home/m4rcos/Documents/rover/ext_ws/install/yolo_msgs/share/yolo_msgs/hook/cmake_prefix_path.sh'
[0.663s] Level 1:colcon.colcon_core.environment:checking '/home/m4rcos/Documents/rover/ext_ws/install/yolo_msgs/lib'
[0.663s] Level 1:colcon.colcon_core.shell:create_environment_hook('yolo_msgs', 'ld_library_path_lib')
[0.663s] INFO:colcon.colcon_core.shell:Creating environment hook '/home/m4rcos/Documents/rover/ext_ws/install/yolo_msgs/share/yolo_msgs/hook/ld_library_path_lib.ps1'
[0.664s] INFO:colcon.colcon_core.shell:Creating environment descriptor '/home/m4rcos/Documents/rover/ext_ws/install/yolo_msgs/share/yolo_msgs/hook/ld_library_path_lib.dsv'
[0.664s] INFO:colcon.colcon_core.shell:Creating environment hook '/home/m4rcos/Documents/rover/ext_ws/install/yolo_msgs/share/yolo_msgs/hook/ld_library_path_lib.sh'
[0.664s] Level 1:colcon.colcon_core.environment:checking '/home/m4rcos/Documents/rover/ext_ws/install/yolo_msgs/bin'
[0.664s] Level 1:colcon.colcon_core.environment:checking '/home/m4rcos/Documents/rover/ext_ws/install/yolo_msgs/lib/pkgconfig/yolo_msgs.pc'
[0.664s] Level 1:colcon.colcon_core.environment:checking '/home/m4rcos/Documents/rover/ext_ws/install/yolo_msgs/lib/python3.8/site-packages'
[0.664s] Level 1:colcon.colcon_core.shell:create_environment_hook('yolo_msgs', 'pythonpath')
[0.665s] INFO:colcon.colcon_core.shell:Creating environment hook '/home/m4rcos/Documents/rover/ext_ws/install/yolo_msgs/share/yolo_msgs/hook/pythonpath.ps1'
[0.665s] INFO:colcon.colcon_core.shell:Creating environment descriptor '/home/m4rcos/Documents/rover/ext_ws/install/yolo_msgs/share/yolo_msgs/hook/pythonpath.dsv'
[0.665s] INFO:colcon.colcon_core.shell:Creating environment hook '/home/m4rcos/Documents/rover/ext_ws/install/yolo_msgs/share/yolo_msgs/hook/pythonpath.sh'
[0.666s] Level 1:colcon.colcon_core.environment:checking '/home/m4rcos/Documents/rover/ext_ws/install/yolo_msgs/bin'
[0.666s] INFO:colcon.colcon_core.shell:Creating package script '/home/m4rcos/Documents/rover/ext_ws/install/yolo_msgs/share/yolo_msgs/package.ps1'
[0.666s] INFO:colcon.colcon_core.shell:Creating package descriptor '/home/m4rcos/Documents/rover/ext_ws/install/yolo_msgs/share/yolo_msgs/package.dsv'
[0.667s] INFO:colcon.colcon_core.shell:Creating package script '/home/m4rcos/Documents/rover/ext_ws/install/yolo_msgs/share/yolo_msgs/package.sh'
[0.667s] INFO:colcon.colcon_core.shell:Creating package script '/home/m4rcos/Documents/rover/ext_ws/install/yolo_msgs/share/yolo_msgs/package.bash'
[0.668s] INFO:colcon.colcon_core.shell:Creating package script '/home/m4rcos/Documents/rover/ext_ws/install/yolo_msgs/share/yolo_msgs/package.zsh'
[0.668s] Level 1:colcon.colcon_core.environment:create_file_with_runtime_dependencies(/home/m4rcos/Documents/rover/ext_ws/install/yolo_msgs/share/colcon-core/packages/yolo_msgs)
[1.943s] DEBUG:colcon.colcon_core.event_handler.log_command:Invoked command in '/home/m4rcos/Documents/rover/ext_ws/build/obj_msgs' returned '0': CMAKE_PREFIX_PATH=${CMAKE_PREFIX_PATH}:/opt/ros/foxy /usr/bin/cmake --build /home/m4rcos/Documents/rover/ext_ws/build/obj_msgs -- -j12 -l12
[1.984s] DEBUG:colcon.colcon_core.event_handler.log_command:Invoking command in '/home/m4rcos/Documents/rover/ext_ws/build/obj_msgs': CMAKE_PREFIX_PATH=${CMAKE_PREFIX_PATH}:/opt/ros/foxy /usr/bin/cmake --install /home/m4rcos/Documents/rover/ext_ws/build/obj_msgs
[1.993s] DEBUG:colcon.colcon_core.event_handler.log_command:Invoked command in '/home/m4rcos/Documents/rover/ext_ws/build/obj_msgs' returned '1': CMAKE_PREFIX_PATH=${CMAKE_PREFIX_PATH}:/opt/ros/foxy /usr/bin/cmake --install /home/m4rcos/Documents/rover/ext_ws/build/obj_msgs
[2.032s] Level 1:colcon.colcon_core.environment:create_environment_scripts_only(obj_msgs)
[2.033s] Level 1:colcon.colcon_core.environment:checking '/home/m4rcos/Documents/rover/ext_ws/install/obj_msgs' for CMake module files
[2.034s] Level 1:colcon.colcon_core.environment:checking '/home/m4rcos/Documents/rover/ext_ws/install/obj_msgs' for CMake config files
[2.035s] Level 1:colcon.colcon_core.shell:create_environment_hook('obj_msgs', 'cmake_prefix_path')
[2.036s] INFO:colcon.colcon_core.shell:Creating environment hook '/home/m4rcos/Documents/rover/ext_ws/install/obj_msgs/share/obj_msgs/hook/cmake_prefix_path.ps1'
[2.037s] INFO:colcon.colcon_core.shell:Creating environment descriptor '/home/m4rcos/Documents/rover/ext_ws/install/obj_msgs/share/obj_msgs/hook/cmake_prefix_path.dsv'
[2.037s] INFO:colcon.colcon_core.shell:Creating environment hook '/home/m4rcos/Documents/rover/ext_ws/install/obj_msgs/share/obj_msgs/hook/cmake_prefix_path.sh'
[2.038s] Level 1:colcon.colcon_core.environment:checking '/home/m4rcos/Documents/rover/ext_ws/install/obj_msgs/lib'
[2.039s] Level 1:colcon.colcon_core.shell:create_environment_hook('obj_msgs', 'ld_library_path_lib')
[2.039s] INFO:colcon.colcon_core.shell:Creating environment hook '/home/m4rcos/Documents/rover/ext_ws/install/obj_msgs/share/obj_msgs/hook/ld_library_path_lib.ps1'
[2.040s] INFO:colcon.colcon_core.shell:Creating environment descriptor '/home/m4rcos/Documents/rover/ext_ws/install/obj_msgs/share/obj_msgs/hook/ld_library_path_lib.dsv'
[2.040s] INFO:colcon.colcon_core.shell:Creating environment hook '/home/m4rcos/Documents/rover/ext_ws/install/obj_msgs/share/obj_msgs/hook/ld_library_path_lib.sh'
[2.041s] Level 1:colcon.colcon_core.environment:checking '/home/m4rcos/Documents/rover/ext_ws/install/obj_msgs/bin'
[2.041s] Level 1:colcon.colcon_core.environment:checking '/home/m4rcos/Documents/rover/ext_ws/install/obj_msgs/lib/pkgconfig/obj_msgs.pc'
[2.042s] Level 1:colcon.colcon_core.environment:checking '/home/m4rcos/Documents/rover/ext_ws/install/obj_msgs/lib/python3.8/site-packages'
[2.042s] Level 1:colcon.colcon_core.shell:create_environment_hook('obj_msgs', 'pythonpath')
[2.042s] INFO:colcon.colcon_core.shell:Creating environment hook '/home/m4rcos/Documents/rover/ext_ws/install/obj_msgs/share/obj_msgs/hook/pythonpath.ps1'
[2.042s] INFO:colcon.colcon_core.shell:Creating environment descriptor '/home/m4rcos/Documents/rover/ext_ws/install/obj_msgs/share/obj_msgs/hook/pythonpath.dsv'
[2.043s] INFO:colcon.colcon_core.shell:Creating environment hook '/home/m4rcos/Documents/rover/ext_ws/install/obj_msgs/share/obj_msgs/hook/pythonpath.sh'
[2.043s] Level 1:colcon.colcon_core.environment:checking '/home/m4rcos/Documents/rover/ext_ws/install/obj_msgs/bin'
[2.043s] INFO:colcon.colcon_core.shell:Creating package script '/home/m4rcos/Documents/rover/ext_ws/install/obj_msgs/share/obj_msgs/package.ps1'
[2.044s] INFO:colcon.colcon_core.shell:Creating package descriptor '/home/m4rcos/Documents/rover/ext_ws/install/obj_msgs/share/obj_msgs/package.dsv'
[2.044s] INFO:colcon.colcon_core.shell:Creating package script '/home/m4rcos/Documents/rover/ext_ws/install/obj_msgs/share/obj_msgs/package.sh'
[2.044s] INFO:colcon.colcon_core.shell:Creating package script '/home/m4rcos/Documents/rover/ext_ws/install/obj_msgs/share/obj_msgs/package.bash'
[2.045s] INFO:colcon.colcon_core.shell:Creating package script '/home/m4rcos/Documents/rover/ext_ws/install/obj_msgs/share/obj_msgs/package.zsh'
[2.045s] Level 1:colcon.colcon_core.environment:create_file_with_runtime_dependencies(/home/m4rcos/Documents/rover/ext_ws/install/obj_msgs/share/colcon-core/packages/obj_msgs)
[2.055s] DEBUG:colcon.colcon_parallel_executor.executor.parallel:closing loop
[2.055s] DEBUG:colcon.colcon_parallel_executor.executor.parallel:loop closed
[2.055s] DEBUG:colcon.colcon_parallel_executor.executor.parallel:run_until_complete finished with '1'
[2.055s] DEBUG:colcon.colcon_core.event_reactor:joining thread
[2.064s] INFO:colcon.colcon_core.plugin_system:Skipping extension 'colcon_notification.desktop_notification.terminal_notifier': Not used on non-Darwin systems
[2.064s] INFO:colcon.colcon_core.plugin_system:Skipping extension 'colcon_notification.desktop_notification.win32': Not used on non-Windows systems
[2.064s] INFO:colcon.colcon_notification.desktop_notification:Sending desktop notification using 'notify2'
[2.081s] DEBUG:colcon.colcon_core.event_reactor:joined thread
[2.081s] INFO:colcon.colcon_core.shell:Creating prefix script '/home/m4rcos/Documents/rover/ext_ws/install/local_setup.ps1'
[2.082s] INFO:colcon.colcon_core.shell:Creating prefix util module '/home/m4rcos/Documents/rover/ext_ws/install/_local_setup_util_ps1.py'
[2.083s] INFO:colcon.colcon_core.shell:Creating prefix chain script '/home/m4rcos/Documents/rover/ext_ws/install/setup.ps1'
[2.084s] INFO:colcon.colcon_core.shell:Creating prefix script '/home/m4rcos/Documents/rover/ext_ws/install/local_setup.sh'
[2.085s] INFO:colcon.colcon_core.shell:Creating prefix util module '/home/m4rcos/Documents/rover/ext_ws/install/_local_setup_util_sh.py'
[2.085s] INFO:colcon.colcon_core.shell:Creating prefix chain script '/home/m4rcos/Documents/rover/ext_ws/install/setup.sh'
[2.086s] INFO:colcon.colcon_core.shell:Creating prefix script '/home/m4rcos/Documents/rover/ext_ws/install/local_setup.bash'
[2.086s] INFO:colcon.colcon_core.shell:Creating prefix chain script '/home/m4rcos/Documents/rover/ext_ws/install/setup.bash'
[2.087s] INFO:colcon.colcon_core.shell:Creating prefix script '/home/m4rcos/Documents/rover/ext_ws/install/local_setup.zsh'
[2.088s] INFO:colcon.colcon_core.shell:Creating prefix chain script '/home/m4rcos/Documents/rover/ext_ws/install/setup.zsh'
