[0.026s] Invoking command in '/home/m4rcos/Documents/rover/ext_ws/build/yolo_msgs': CMAKE_PREFIX_PATH=/opt/ros/foxy /usr/bin/cmake /home/m4rcos/Documents/rover/ext_ws/src/yolo_msgs -DCMAKE_INSTALL_PREFIX=/home/m4rcos/Documents/rover/ext_ws/install/yolo_msgs
[0.094s] -- The C compiler identification is GNU 9.4.0
[0.828s] -- The CXX compiler identification is GNU 9.4.0
[0.834s] -- Check for working C compiler: /usr/bin/cc
[0.925s] -- Check for working C compiler: /usr/bin/cc -- works
[0.926s] -- Detecting C compiler ABI info
[1.016s] -- Detecting C compiler ABI info - done
[1.029s] -- Detecting C compile features
[1.029s] -- Detecting C compile features - done
[1.032s] -- Check for working CXX compiler: /usr/bin/c++
[1.122s] -- Check for working CXX compiler: /usr/bin/c++ -- works
[1.123s] -- Detecting CXX compiler ABI info
[1.218s] -- Detecting CXX compiler ABI info - done
[1.233s] -- Detecting CXX compile features
[1.234s] -- Detecting CXX compile features - done
[1.236s] -- Found ament_cmake: 0.9.12 (/opt/ros/foxy/share/ament_cmake/cmake)
[1.265s] -- Found PythonInterp: /usr/bin/python3 (found suitable version "3.8.10", minimum required is "3") 
[1.266s] -- Using PYTHON_EXECUTABLE: /usr/bin/python3
[1.579s] -- Found rosidl_default_generators: 1.0.1 (/opt/ros/foxy/share/rosidl_default_generators/cmake)
[1.583s] -- Using all available rosidl_typesupport_c: rosidl_typesupport_fastrtps_c;rosidl_typesupport_introspection_c
[1.591s] -- Found rosidl_adapter: 1.3.1 (/opt/ros/foxy/share/rosidl_adapter/cmake)
[1.685s] -- Found OpenSSL: /usr/lib/x86_64-linux-gnu/libcrypto.so (found version "1.1.1f")  
[1.725s] -- Found FastRTPS: /opt/ros/foxy/include  
[1.823s] -- Using all available rosidl_typesupport_cpp: rosidl_typesupport_fastrtps_cpp;rosidl_typesupport_introspection_cpp
[1.880s] -- Found PythonInterp: /usr/bin/python3 (found version "3.8.10") 
[2.004s] -- Found ament_cmake_ros: 0.9.2 (/opt/ros/foxy/share/ament_cmake_ros/cmake)
[2.115s] -- Using all available rosidl_typesupport_c: rosidl_typesupport_fastrtps_c;rosidl_typesupport_introspection_c
[2.122s] -- Using all available rosidl_typesupport_cpp: rosidl_typesupport_fastrtps_cpp;rosidl_typesupport_introspection_cpp
[2.145s] -- Found PythonInterp: /usr/bin/python3 (found suitable version "3.8.10", minimum required is "3.5") 
[2.146s] -- Found python_cmake_module: 0.8.1 (/opt/ros/foxy/share/python_cmake_module/cmake)
[2.175s] -- Found PythonLibs: /usr/lib/x86_64-linux-gnu/libpython3.8.so (found suitable version "3.8.10", minimum required is "3.5") 
[2.175s] -- Using PYTHON_EXECUTABLE: /usr/bin/python3
[2.175s] -- Using PYTHON_INCLUDE_DIRS: /usr/include/python3.8
[2.175s] -- Using PYTHON_LIBRARIES: /usr/lib/x86_64-linux-gnu/libpython3.8.so
[2.192s] -- Found PythonExtra: .so  
[2.231s] -- Found ament_lint_auto: 0.9.8 (/opt/ros/foxy/share/ament_lint_auto/cmake)
[2.246s] -- Added test 'copyright' to check source files copyright and LICENSE
[2.248s] -- Added test 'lint_cmake' to check CMake code style
[2.249s] -- Added test 'xmllint' to check XML markup files
[2.253s] -- Configuring done
[2.279s] -- Generating done
[2.281s] -- Build files have been written to: /home/m4rcos/Documents/rover/ext_ws/build/yolo_msgs
[2.287s] Invoked command in '/home/m4rcos/Documents/rover/ext_ws/build/yolo_msgs' returned '0': CMAKE_PREFIX_PATH=/opt/ros/foxy /usr/bin/cmake /home/m4rcos/Documents/rover/ext_ws/src/yolo_msgs -DCMAKE_INSTALL_PREFIX=/home/m4rcos/Documents/rover/ext_ws/install/yolo_msgs
[2.289s] Invoking command in '/home/m4rcos/Documents/rover/ext_ws/build/yolo_msgs': CMAKE_PREFIX_PATH=/opt/ros/foxy /usr/bin/cmake --build /home/m4rcos/Documents/rover/ext_ws/build/yolo_msgs -- -j12 -l12
[2.338s] [  3%] [34m[1mGenerating C code for ROS interfaces[0m
[2.338s] [35m[1mScanning dependencies of target yolo_msgs__cpp[0m
[2.348s] [  6%] [34m[1mGenerating C++ code for ROS interfaces[0m
[2.680s] [  6%] Built target yolo_msgs__cpp
[2.681s] [35m[1mScanning dependencies of target yolo_msgs__rosidl_generator_c[0m
[2.696s] [  9%] [34m[1mGenerating C++ introspection for ROS interfaces[0m
[2.701s] [ 12%] [34m[1mGenerating C++ type support for eProsima Fast-RTPS[0m
[2.727s] [ 16%] [34m[1mGenerating C++ type support dispatch for ROS interfaces[0m
[2.738s] [ 19%] [32mBuilding C object CMakeFiles/yolo_msgs__rosidl_generator_c.dir/rosidl_generator_c/yolo_msgs/msg/detail/yolo_detection__functions.c.o[0m
[2.846s] [ 22%] [32m[1mLinking C shared library libyolo_msgs__rosidl_generator_c.so[0m
[2.899s] [ 22%] Built target yolo_msgs__rosidl_generator_c
[2.912s] [ 25%] [34m[1mGenerating C introspection for ROS interfaces[0m
[2.916s] [ 29%] [34m[1mGenerating C type support dispatch for ROS interfaces[0m
[2.960s] [35m[1mScanning dependencies of target yolo_msgs__rosidl_typesupport_cpp[0m
[3.001s] [ 32%] [32mBuilding CXX object CMakeFiles/yolo_msgs__rosidl_typesupport_cpp.dir/rosidl_typesupport_cpp/yolo_msgs/msg/yolo_detection__type_support.cpp.o[0m
[3.010s] [35m[1mScanning dependencies of target yolo_msgs__rosidl_typesupport_introspection_cpp[0m
[3.034s] [ 35%] [32mBuilding CXX object CMakeFiles/yolo_msgs__rosidl_typesupport_introspection_cpp.dir/rosidl_typesupport_introspection_cpp/yolo_msgs/msg/detail/yolo_detection__type_support.cpp.o[0m
[3.048s] [35m[1mScanning dependencies of target yolo_msgs__rosidl_typesupport_fastrtps_cpp[0m
[3.137s] [ 38%] [32mBuilding CXX object CMakeFiles/yolo_msgs__rosidl_typesupport_fastrtps_cpp.dir/rosidl_typesupport_fastrtps_cpp/yolo_msgs/msg/detail/dds_fastrtps/yolo_detection__type_support.cpp.o[0m
[3.182s] [35m[1mScanning dependencies of target yolo_msgs__rosidl_typesupport_c[0m
[3.234s] [ 41%] [32mBuilding CXX object CMakeFiles/yolo_msgs__rosidl_typesupport_c.dir/rosidl_typesupport_c/yolo_msgs/msg/yolo_detection__type_support.cpp.o[0m
[3.286s] [35m[1mScanning dependencies of target yolo_msgs__rosidl_typesupport_introspection_c[0m
[3.338s] [ 45%] [32mBuilding C object CMakeFiles/yolo_msgs__rosidl_typesupport_introspection_c.dir/rosidl_typesupport_introspection_c/yolo_msgs/msg/detail/yolo_detection__type_support.c.o[0m
[3.350s] [ 48%] [32m[1mLinking CXX shared library libyolo_msgs__rosidl_typesupport_c.so[0m
[3.384s] [ 51%] [32m[1mLinking C shared library libyolo_msgs__rosidl_typesupport_introspection_c.so[0m
[3.434s] [ 51%] Built target yolo_msgs__rosidl_typesupport_c
[3.452s] [ 58%] [32m[1mLinking CXX shared library libyolo_msgs__rosidl_typesupport_introspection_cpp.so[0m
[3.452s] [ 58%] [32m[1mLinking CXX shared library libyolo_msgs__rosidl_typesupport_cpp.so[0m
[3.458s] [ 58%] Built target yolo_msgs__rosidl_typesupport_introspection_c
[3.523s] [ 58%] Built target yolo_msgs__rosidl_typesupport_cpp
[3.552s] [ 58%] Built target yolo_msgs__rosidl_typesupport_introspection_cpp
[3.777s] [ 61%] [32m[1mLinking CXX shared library libyolo_msgs__rosidl_typesupport_fastrtps_cpp.so[0m
[3.905s] [ 61%] Built target yolo_msgs__rosidl_typesupport_fastrtps_cpp
[3.916s] [ 64%] [34m[1mGenerating C type support for eProsima Fast-RTPS[0m
[4.127s] [35m[1mScanning dependencies of target yolo_msgs__rosidl_typesupport_fastrtps_c[0m
[4.145s] [ 67%] [32mBuilding CXX object CMakeFiles/yolo_msgs__rosidl_typesupport_fastrtps_c.dir/rosidl_typesupport_fastrtps_c/yolo_msgs/msg/detail/yolo_detection__type_support_c.cpp.o[0m
[4.617s] [ 70%] [32m[1mLinking CXX shared library libyolo_msgs__rosidl_typesupport_fastrtps_c.so[0m
[4.771s] [ 70%] Built target yolo_msgs__rosidl_typesupport_fastrtps_c
[4.778s] [35m[1mScanning dependencies of target yolo_msgs[0m
[4.788s] [ 70%] Built target yolo_msgs
[4.804s] [35m[1mScanning dependencies of target yolo_msgs__py[0m
[4.817s] [ 74%] [34m[1mGenerating Python code for ROS interfaces[0m
[5.245s] [ 74%] Built target yolo_msgs__py
[5.256s] [35m[1mScanning dependencies of target yolo_msgs__python[0m
[5.281s] [ 77%] [32mBuilding C object CMakeFiles/yolo_msgs__python.dir/rosidl_generator_py/yolo_msgs/msg/_yolo_detection_s.c.o[0m
[5.396s] [ 80%] [32m[1mLinking C shared library rosidl_generator_py/yolo_msgs/libyolo_msgs__python.so[0m
[5.436s] [ 80%] Built target yolo_msgs__python
[5.449s] [35m[1mScanning dependencies of target yolo_msgs__rosidl_typesupport_introspection_c__pyext[0m
[5.451s] [35m[1mScanning dependencies of target yolo_msgs__rosidl_typesupport_fastrtps_c__pyext[0m
[5.451s] [35m[1mScanning dependencies of target yolo_msgs__rosidl_typesupport_c__pyext[0m
[5.469s] [ 83%] [32mBuilding C object CMakeFiles/yolo_msgs__rosidl_typesupport_introspection_c__pyext.dir/rosidl_generator_py/yolo_msgs/_yolo_msgs_s.ep.rosidl_typesupport_introspection_c.c.o[0m
[5.479s] [ 87%] [32mBuilding C object CMakeFiles/yolo_msgs__rosidl_typesupport_fastrtps_c__pyext.dir/rosidl_generator_py/yolo_msgs/_yolo_msgs_s.ep.rosidl_typesupport_fastrtps_c.c.o[0m
[5.481s] [ 90%] [32mBuilding C object CMakeFiles/yolo_msgs__rosidl_typesupport_c__pyext.dir/rosidl_generator_py/yolo_msgs/_yolo_msgs_s.ep.rosidl_typesupport_c.c.o[0m
[5.583s] [ 93%] [32m[1mLinking C shared library rosidl_generator_py/yolo_msgs/yolo_msgs_s__rosidl_typesupport_introspection_c.cpython-38-x86_64-linux-gnu.so[0m
[5.584s] [ 96%] [32m[1mLinking C shared library rosidl_generator_py/yolo_msgs/yolo_msgs_s__rosidl_typesupport_c.cpython-38-x86_64-linux-gnu.so[0m
[5.590s] [100%] [32m[1mLinking CXX shared library rosidl_generator_py/yolo_msgs/yolo_msgs_s__rosidl_typesupport_fastrtps_c.cpython-38-x86_64-linux-gnu.so[0m
[5.618s] [100%] Built target yolo_msgs__rosidl_typesupport_c__pyext
[5.622s] [100%] Built target yolo_msgs__rosidl_typesupport_introspection_c__pyext
[5.670s] [100%] Built target yolo_msgs__rosidl_typesupport_fastrtps_c__pyext
[5.680s] Invoked command in '/home/m4rcos/Documents/rover/ext_ws/build/yolo_msgs' returned '0': CMAKE_PREFIX_PATH=/opt/ros/foxy /usr/bin/cmake --build /home/m4rcos/Documents/rover/ext_ws/build/yolo_msgs -- -j12 -l12
[5.724s] Invoking command in '/home/m4rcos/Documents/rover/ext_ws/build/yolo_msgs': CMAKE_PREFIX_PATH=/opt/ros/foxy /usr/bin/cmake --install /home/m4rcos/Documents/rover/ext_ws/build/yolo_msgs
[5.738s] -- Install configuration: ""
[5.738s] -- Installing: /home/m4rcos/Documents/rover/ext_ws/install/yolo_msgs/share/ament_index/resource_index/rosidl_interfaces/yolo_msgs
[5.738s] -- Installing: /home/m4rcos/Documents/rover/ext_ws/install/yolo_msgs/include/yolo_msgs
[5.738s] -- Installing: /home/m4rcos/Documents/rover/ext_ws/install/yolo_msgs/include/yolo_msgs/msg
[5.739s] -- Installing: /home/m4rcos/Documents/rover/ext_ws/install/yolo_msgs/include/yolo_msgs/msg/detail
[5.739s] -- Installing: /home/m4rcos/Documents/rover/ext_ws/install/yolo_msgs/include/yolo_msgs/msg/detail/yolo_detection__functions.h
[5.739s] -- Installing: /home/m4rcos/Documents/rover/ext_ws/install/yolo_msgs/include/yolo_msgs/msg/detail/yolo_detection__functions.c
[5.739s] -- Installing: /home/m4rcos/Documents/rover/ext_ws/install/yolo_msgs/include/yolo_msgs/msg/detail/yolo_detection__struct.h
[5.739s] -- Installing: /home/m4rcos/Documents/rover/ext_ws/install/yolo_msgs/include/yolo_msgs/msg/detail/yolo_detection__type_support.h
[5.739s] -- Installing: /home/m4rcos/Documents/rover/ext_ws/install/yolo_msgs/include/yolo_msgs/msg/rosidl_generator_c__visibility_control.h
[5.739s] -- Installing: /home/m4rcos/Documents/rover/ext_ws/install/yolo_msgs/include/yolo_msgs/msg/yolo_detection.h
[5.739s] -- Installing: /home/m4rcos/Documents/rover/ext_ws/install/yolo_msgs/share/yolo_msgs/environment/library_path.sh
[5.739s] -- Installing: /home/m4rcos/Documents/rover/ext_ws/install/yolo_msgs/share/yolo_msgs/environment/library_path.dsv
[5.739s] -- Installing: /home/m4rcos/Documents/rover/ext_ws/install/yolo_msgs/lib/libyolo_msgs__rosidl_generator_c.so
[5.740s] -- Set runtime path of "/home/m4rcos/Documents/rover/ext_ws/install/yolo_msgs/lib/libyolo_msgs__rosidl_generator_c.so" to ""
[5.740s] -- Up-to-date: /home/m4rcos/Documents/rover/ext_ws/install/yolo_msgs/include/yolo_msgs
[5.740s] -- Up-to-date: /home/m4rcos/Documents/rover/ext_ws/install/yolo_msgs/include/yolo_msgs/msg
[5.740s] -- Up-to-date: /home/m4rcos/Documents/rover/ext_ws/install/yolo_msgs/include/yolo_msgs/msg/detail
[5.740s] -- Installing: /home/m4rcos/Documents/rover/ext_ws/install/yolo_msgs/include/yolo_msgs/msg/detail/yolo_detection__rosidl_typesupport_fastrtps_c.h
[5.740s] -- Installing: /home/m4rcos/Documents/rover/ext_ws/install/yolo_msgs/include/yolo_msgs/msg/rosidl_typesupport_fastrtps_c__visibility_control.h
[5.740s] -- Installing: /home/m4rcos/Documents/rover/ext_ws/install/yolo_msgs/lib/libyolo_msgs__rosidl_typesupport_fastrtps_c.so
[5.740s] -- Set runtime path of "/home/m4rcos/Documents/rover/ext_ws/install/yolo_msgs/lib/libyolo_msgs__rosidl_typesupport_fastrtps_c.so" to ""
[5.740s] -- Up-to-date: /home/m4rcos/Documents/rover/ext_ws/install/yolo_msgs/include/yolo_msgs
[5.740s] -- Up-to-date: /home/m4rcos/Documents/rover/ext_ws/install/yolo_msgs/include/yolo_msgs/msg
[5.741s] -- Up-to-date: /home/m4rcos/Documents/rover/ext_ws/install/yolo_msgs/include/yolo_msgs/msg/detail
[5.741s] -- Installing: /home/m4rcos/Documents/rover/ext_ws/install/yolo_msgs/include/yolo_msgs/msg/detail/yolo_detection__rosidl_typesupport_fastrtps_cpp.hpp
[5.741s] -- Installing: /home/m4rcos/Documents/rover/ext_ws/install/yolo_msgs/include/yolo_msgs/msg/detail/dds_fastrtps
[5.741s] -- Installing: /home/m4rcos/Documents/rover/ext_ws/install/yolo_msgs/include/yolo_msgs/msg/rosidl_typesupport_fastrtps_cpp__visibility_control.h
[5.741s] -- Installing: /home/m4rcos/Documents/rover/ext_ws/install/yolo_msgs/lib/libyolo_msgs__rosidl_typesupport_fastrtps_cpp.so
[5.741s] -- Set runtime path of "/home/m4rcos/Documents/rover/ext_ws/install/yolo_msgs/lib/libyolo_msgs__rosidl_typesupport_fastrtps_cpp.so" to ""
[5.741s] -- Up-to-date: /home/m4rcos/Documents/rover/ext_ws/install/yolo_msgs/include/yolo_msgs
[5.741s] -- Up-to-date: /home/m4rcos/Documents/rover/ext_ws/install/yolo_msgs/include/yolo_msgs/msg
[5.741s] -- Up-to-date: /home/m4rcos/Documents/rover/ext_ws/install/yolo_msgs/include/yolo_msgs/msg/detail
[5.741s] -- Installing: /home/m4rcos/Documents/rover/ext_ws/install/yolo_msgs/include/yolo_msgs/msg/detail/yolo_detection__rosidl_typesupport_introspection_c.h
[5.742s] -- Installing: /home/m4rcos/Documents/rover/ext_ws/install/yolo_msgs/include/yolo_msgs/msg/detail/yolo_detection__type_support.c
[5.742s] -- Installing: /home/m4rcos/Documents/rover/ext_ws/install/yolo_msgs/include/yolo_msgs/msg/rosidl_typesupport_introspection_c__visibility_control.h
[5.742s] -- Installing: /home/m4rcos/Documents/rover/ext_ws/install/yolo_msgs/lib/libyolo_msgs__rosidl_typesupport_introspection_c.so
[5.742s] -- Set runtime path of "/home/m4rcos/Documents/rover/ext_ws/install/yolo_msgs/lib/libyolo_msgs__rosidl_typesupport_introspection_c.so" to ""
[5.742s] -- Installing: /home/m4rcos/Documents/rover/ext_ws/install/yolo_msgs/lib/libyolo_msgs__rosidl_typesupport_c.so
[5.742s] -- Set runtime path of "/home/m4rcos/Documents/rover/ext_ws/install/yolo_msgs/lib/libyolo_msgs__rosidl_typesupport_c.so" to ""
[5.743s] -- Up-to-date: /home/m4rcos/Documents/rover/ext_ws/install/yolo_msgs/include/yolo_msgs
[5.743s] -- Up-to-date: /home/m4rcos/Documents/rover/ext_ws/install/yolo_msgs/include/yolo_msgs/msg
[5.743s] -- Up-to-date: /home/m4rcos/Documents/rover/ext_ws/install/yolo_msgs/include/yolo_msgs/msg/detail
[5.743s] -- Installing: /home/m4rcos/Documents/rover/ext_ws/install/yolo_msgs/include/yolo_msgs/msg/detail/yolo_detection__builder.hpp
[5.743s] -- Installing: /home/m4rcos/Documents/rover/ext_ws/install/yolo_msgs/include/yolo_msgs/msg/detail/yolo_detection__struct.hpp
[5.743s] -- Installing: /home/m4rcos/Documents/rover/ext_ws/install/yolo_msgs/include/yolo_msgs/msg/detail/yolo_detection__traits.hpp
[5.743s] -- Installing: /home/m4rcos/Documents/rover/ext_ws/install/yolo_msgs/include/yolo_msgs/msg/detail/yolo_detection__type_support.hpp
[5.743s] -- Installing: /home/m4rcos/Documents/rover/ext_ws/install/yolo_msgs/include/yolo_msgs/msg/rosidl_generator_cpp__visibility_control.hpp
[5.743s] -- Installing: /home/m4rcos/Documents/rover/ext_ws/install/yolo_msgs/include/yolo_msgs/msg/yolo_detection.hpp
[5.743s] -- Up-to-date: /home/m4rcos/Documents/rover/ext_ws/install/yolo_msgs/include/yolo_msgs
[5.743s] -- Up-to-date: /home/m4rcos/Documents/rover/ext_ws/install/yolo_msgs/include/yolo_msgs/msg
[5.744s] -- Up-to-date: /home/m4rcos/Documents/rover/ext_ws/install/yolo_msgs/include/yolo_msgs/msg/detail
[5.744s] -- Installing: /home/m4rcos/Documents/rover/ext_ws/install/yolo_msgs/include/yolo_msgs/msg/detail/yolo_detection__type_support.cpp
[5.744s] -- Installing: /home/m4rcos/Documents/rover/ext_ws/install/yolo_msgs/include/yolo_msgs/msg/detail/yolo_detection__rosidl_typesupport_introspection_cpp.hpp
[5.744s] -- Installing: /home/m4rcos/Documents/rover/ext_ws/install/yolo_msgs/lib/libyolo_msgs__rosidl_typesupport_introspection_cpp.so
[5.744s] -- Set runtime path of "/home/m4rcos/Documents/rover/ext_ws/install/yolo_msgs/lib/libyolo_msgs__rosidl_typesupport_introspection_cpp.so" to ""
[5.744s] -- Installing: /home/m4rcos/Documents/rover/ext_ws/install/yolo_msgs/lib/libyolo_msgs__rosidl_typesupport_cpp.so
[5.744s] -- Set runtime path of "/home/m4rcos/Documents/rover/ext_ws/install/yolo_msgs/lib/libyolo_msgs__rosidl_typesupport_cpp.so" to ""
[5.744s] -- Installing: /home/m4rcos/Documents/rover/ext_ws/install/yolo_msgs/share/yolo_msgs/environment/pythonpath.sh
[5.744s] -- Installing: /home/m4rcos/Documents/rover/ext_ws/install/yolo_msgs/share/yolo_msgs/environment/pythonpath.dsv
[5.744s] -- Installing: /home/m4rcos/Documents/rover/ext_ws/install/yolo_msgs/lib/python3.8/site-packages/yolo_msgs/__init__.py
[5.775s] Compiling '/home/m4rcos/Documents/rover/ext_ws/install/yolo_msgs/lib/python3.8/site-packages/yolo_msgs/__init__.py'...
[5.779s] -- Installing: /home/m4rcos/Documents/rover/ext_ws/install/yolo_msgs/lib/python3.8/site-packages/yolo_msgs/msg
[5.779s] -- Installing: /home/m4rcos/Documents/rover/ext_ws/install/yolo_msgs/lib/python3.8/site-packages/yolo_msgs/msg/_yolo_detection_s.c
[5.779s] -- Installing: /home/m4rcos/Documents/rover/ext_ws/install/yolo_msgs/lib/python3.8/site-packages/yolo_msgs/msg/_yolo_detection.py
[5.779s] -- Installing: /home/m4rcos/Documents/rover/ext_ws/install/yolo_msgs/lib/python3.8/site-packages/yolo_msgs/msg/__init__.py
[5.779s] -- Installing: /home/m4rcos/Documents/rover/ext_ws/install/yolo_msgs/lib/python3.8/site-packages/yolo_msgs/yolo_msgs_s__rosidl_typesupport_fastrtps_c.cpython-38-x86_64-linux-gnu.so
[5.780s] -- Set runtime path of "/home/m4rcos/Documents/rover/ext_ws/install/yolo_msgs/lib/python3.8/site-packages/yolo_msgs/yolo_msgs_s__rosidl_typesupport_fastrtps_c.cpython-38-x86_64-linux-gnu.so" to ""
[5.780s] -- Installing: /home/m4rcos/Documents/rover/ext_ws/install/yolo_msgs/lib/python3.8/site-packages/yolo_msgs/yolo_msgs_s__rosidl_typesupport_introspection_c.cpython-38-x86_64-linux-gnu.so
[5.780s] -- Set runtime path of "/home/m4rcos/Documents/rover/ext_ws/install/yolo_msgs/lib/python3.8/site-packages/yolo_msgs/yolo_msgs_s__rosidl_typesupport_introspection_c.cpython-38-x86_64-linux-gnu.so" to ""
[5.780s] -- Installing: /home/m4rcos/Documents/rover/ext_ws/install/yolo_msgs/lib/python3.8/site-packages/yolo_msgs/yolo_msgs_s__rosidl_typesupport_c.cpython-38-x86_64-linux-gnu.so
[5.781s] -- Set runtime path of "/home/m4rcos/Documents/rover/ext_ws/install/yolo_msgs/lib/python3.8/site-packages/yolo_msgs/yolo_msgs_s__rosidl_typesupport_c.cpython-38-x86_64-linux-gnu.so" to ""
[5.781s] -- Installing: /home/m4rcos/Documents/rover/ext_ws/install/yolo_msgs/lib/libyolo_msgs__python.so
[5.781s] -- Set runtime path of "/home/m4rcos/Documents/rover/ext_ws/install/yolo_msgs/lib/libyolo_msgs__python.so" to ""
[5.781s] -- Installing: /home/m4rcos/Documents/rover/ext_ws/install/yolo_msgs/share/yolo_msgs/msg/YoloDetection.idl
[5.781s] -- Installing: /home/m4rcos/Documents/rover/ext_ws/install/yolo_msgs/share/yolo_msgs/msg/YoloDetection.msg
[5.782s] -- Installing: /home/m4rcos/Documents/rover/ext_ws/install/yolo_msgs/share/ament_index/resource_index/package_run_dependencies/yolo_msgs
[5.782s] -- Installing: /home/m4rcos/Documents/rover/ext_ws/install/yolo_msgs/share/ament_index/resource_index/parent_prefix_path/yolo_msgs
[5.782s] -- Installing: /home/m4rcos/Documents/rover/ext_ws/install/yolo_msgs/share/yolo_msgs/environment/ament_prefix_path.sh
[5.782s] -- Installing: /home/m4rcos/Documents/rover/ext_ws/install/yolo_msgs/share/yolo_msgs/environment/ament_prefix_path.dsv
[5.782s] -- Installing: /home/m4rcos/Documents/rover/ext_ws/install/yolo_msgs/share/yolo_msgs/environment/path.sh
[5.782s] -- Installing: /home/m4rcos/Documents/rover/ext_ws/install/yolo_msgs/share/yolo_msgs/environment/path.dsv
[5.782s] -- Installing: /home/m4rcos/Documents/rover/ext_ws/install/yolo_msgs/share/yolo_msgs/local_setup.bash
[5.782s] -- Installing: /home/m4rcos/Documents/rover/ext_ws/install/yolo_msgs/share/yolo_msgs/local_setup.sh
[5.783s] -- Installing: /home/m4rcos/Documents/rover/ext_ws/install/yolo_msgs/share/yolo_msgs/local_setup.zsh
[5.783s] -- Installing: /home/m4rcos/Documents/rover/ext_ws/install/yolo_msgs/share/yolo_msgs/local_setup.dsv
[5.783s] -- Installing: /home/m4rcos/Documents/rover/ext_ws/install/yolo_msgs/share/yolo_msgs/package.dsv
[5.783s] -- Installing: /home/m4rcos/Documents/rover/ext_ws/install/yolo_msgs/share/ament_index/resource_index/packages/yolo_msgs
[5.783s] -- Installing: /home/m4rcos/Documents/rover/ext_ws/install/yolo_msgs/share/yolo_msgs/cmake/yolo_msgs__rosidl_generator_cExport.cmake
[5.783s] -- Installing: /home/m4rcos/Documents/rover/ext_ws/install/yolo_msgs/share/yolo_msgs/cmake/yolo_msgs__rosidl_generator_cExport-noconfig.cmake
[5.783s] -- Installing: /home/m4rcos/Documents/rover/ext_ws/install/yolo_msgs/share/yolo_msgs/cmake/yolo_msgs__rosidl_typesupport_introspection_cExport.cmake
[5.784s] -- Installing: /home/m4rcos/Documents/rover/ext_ws/install/yolo_msgs/share/yolo_msgs/cmake/yolo_msgs__rosidl_typesupport_introspection_cExport-noconfig.cmake
[5.784s] -- Installing: /home/m4rcos/Documents/rover/ext_ws/install/yolo_msgs/share/yolo_msgs/cmake/yolo_msgs__rosidl_typesupport_cExport.cmake
[5.784s] -- Installing: /home/m4rcos/Documents/rover/ext_ws/install/yolo_msgs/share/yolo_msgs/cmake/yolo_msgs__rosidl_typesupport_cExport-noconfig.cmake
[5.784s] -- Installing: /home/m4rcos/Documents/rover/ext_ws/install/yolo_msgs/share/yolo_msgs/cmake/yolo_msgs__rosidl_generator_cppExport.cmake
[5.784s] -- Installing: /home/m4rcos/Documents/rover/ext_ws/install/yolo_msgs/share/yolo_msgs/cmake/yolo_msgs__rosidl_typesupport_introspection_cppExport.cmake
[5.784s] -- Installing: /home/m4rcos/Documents/rover/ext_ws/install/yolo_msgs/share/yolo_msgs/cmake/yolo_msgs__rosidl_typesupport_introspection_cppExport-noconfig.cmake
[5.784s] -- Installing: /home/m4rcos/Documents/rover/ext_ws/install/yolo_msgs/share/yolo_msgs/cmake/yolo_msgs__rosidl_typesupport_cppExport.cmake
[5.785s] -- Installing: /home/m4rcos/Documents/rover/ext_ws/install/yolo_msgs/share/yolo_msgs/cmake/yolo_msgs__rosidl_typesupport_cppExport-noconfig.cmake
[5.785s] -- Installing: /home/m4rcos/Documents/rover/ext_ws/install/yolo_msgs/share/yolo_msgs/cmake/rosidl_cmake-extras.cmake
[5.785s] -- Installing: /home/m4rcos/Documents/rover/ext_ws/install/yolo_msgs/share/yolo_msgs/cmake/ament_cmake_export_dependencies-extras.cmake
[5.785s] -- Installing: /home/m4rcos/Documents/rover/ext_ws/install/yolo_msgs/share/yolo_msgs/cmake/ament_cmake_export_libraries-extras.cmake
[5.785s] -- Installing: /home/m4rcos/Documents/rover/ext_ws/install/yolo_msgs/share/yolo_msgs/cmake/ament_cmake_export_targets-extras.cmake
[5.785s] -- Installing: /home/m4rcos/Documents/rover/ext_ws/install/yolo_msgs/share/yolo_msgs/cmake/ament_cmake_export_include_directories-extras.cmake
[5.785s] -- Installing: /home/m4rcos/Documents/rover/ext_ws/install/yolo_msgs/share/yolo_msgs/cmake/rosidl_cmake_export_typesupport_libraries-extras.cmake
[5.785s] -- Installing: /home/m4rcos/Documents/rover/ext_ws/install/yolo_msgs/share/yolo_msgs/cmake/rosidl_cmake_export_typesupport_targets-extras.cmake
[5.786s] -- Installing: /home/m4rcos/Documents/rover/ext_ws/install/yolo_msgs/share/yolo_msgs/cmake/yolo_msgsConfig.cmake
[5.786s] -- Installing: /home/m4rcos/Documents/rover/ext_ws/install/yolo_msgs/share/yolo_msgs/cmake/yolo_msgsConfig-version.cmake
[5.786s] -- Installing: /home/m4rcos/Documents/rover/ext_ws/install/yolo_msgs/share/yolo_msgs/package.xml
[5.789s] Invoked command in '/home/m4rcos/Documents/rover/ext_ws/build/yolo_msgs' returned '0': CMAKE_PREFIX_PATH=/opt/ros/foxy /usr/bin/cmake --install /home/m4rcos/Documents/rover/ext_ws/build/yolo_msgs
