[0.015s] Invoking command in '/home/m4rcos/Documents/rover/ext_ws/build/yolo_msgs': CMAKE_PREFIX_PATH=${CMAKE_PREFIX_PATH}:/opt/ros/foxy /usr/bin/cmake --build /home/m4rcos/Documents/rover/ext_ws/build/yolo_msgs -- -j12 -l12
[0.054s] [  3%] Built target yolo_msgs__cpp
[0.054s] [ 12%] Built target yolo_msgs__rosidl_generator_c
[0.068s] [ 32%] Built target yolo_msgs__rosidl_typesupport_introspection_c
[0.068s] [ 32%] Built target yolo_msgs__rosidl_typesupport_c
[0.068s] [ 41%] Built target yolo_msgs__rosidl_typesupport_introspection_cpp
[0.071s] [ 51%] Built target yolo_msgs__rosidl_typesupport_cpp
[0.071s] [ 61%] Built target yolo_msgs__rosidl_typesupport_fastrtps_cpp
[0.091s] [ 70%] Built target yolo_msgs__rosidl_typesupport_fastrtps_c
[0.104s] [ 70%] Built target yolo_msgs
[0.121s] [ 74%] Built target yolo_msgs__py
[0.143s] [ 80%] Built target yolo_msgs__python
[0.161s] [100%] Built target yolo_msgs__rosidl_typesupport_fastrtps_c__pyext
[0.161s] [100%] Built target yolo_msgs__rosidl_typesupport_c__pyext
[0.161s] [100%] Built target yolo_msgs__rosidl_typesupport_introspection_c__pyext
[0.169s] Invoked command in '/home/m4rcos/Documents/rover/ext_ws/build/yolo_msgs' returned '0': CMAKE_PREFIX_PATH=${CMAKE_PREFIX_PATH}:/opt/ros/foxy /usr/bin/cmake --build /home/m4rcos/Documents/rover/ext_ws/build/yolo_msgs -- -j12 -l12
[0.202s] Invoking command in '/home/m4rcos/Documents/rover/ext_ws/build/yolo_msgs': CMAKE_PREFIX_PATH=${CMAKE_PREFIX_PATH}:/opt/ros/foxy /usr/bin/cmake --install /home/m4rcos/Documents/rover/ext_ws/build/yolo_msgs
[0.211s] -- Install configuration: ""
[0.211s] -- Up-to-date: /home/m4rcos/Documents/rover/ext_ws/install/yolo_msgs/share/ament_index/resource_index/rosidl_interfaces/yolo_msgs
[0.211s] -- Up-to-date: /home/m4rcos/Documents/rover/ext_ws/install/yolo_msgs/include/yolo_msgs
[0.211s] -- Up-to-date: /home/m4rcos/Documents/rover/ext_ws/install/yolo_msgs/include/yolo_msgs/msg
[0.211s] -- Up-to-date: /home/m4rcos/Documents/rover/ext_ws/install/yolo_msgs/include/yolo_msgs/msg/detail
[0.211s] -- Up-to-date: /home/m4rcos/Documents/rover/ext_ws/install/yolo_msgs/include/yolo_msgs/msg/detail/yolo_detection__functions.h
[0.211s] -- Up-to-date: /home/m4rcos/Documents/rover/ext_ws/install/yolo_msgs/include/yolo_msgs/msg/detail/yolo_detection__functions.c
[0.211s] -- Up-to-date: /home/m4rcos/Documents/rover/ext_ws/install/yolo_msgs/include/yolo_msgs/msg/detail/yolo_detection__struct.h
[0.211s] -- Up-to-date: /home/m4rcos/Documents/rover/ext_ws/install/yolo_msgs/include/yolo_msgs/msg/detail/yolo_detection__type_support.h
[0.212s] -- Up-to-date: /home/m4rcos/Documents/rover/ext_ws/install/yolo_msgs/include/yolo_msgs/msg/rosidl_generator_c__visibility_control.h
[0.212s] -- Up-to-date: /home/m4rcos/Documents/rover/ext_ws/install/yolo_msgs/include/yolo_msgs/msg/yolo_detection.h
[0.212s] -- Up-to-date: /home/m4rcos/Documents/rover/ext_ws/install/yolo_msgs/share/yolo_msgs/environment/library_path.sh
[0.212s] -- Up-to-date: /home/m4rcos/Documents/rover/ext_ws/install/yolo_msgs/share/yolo_msgs/environment/library_path.dsv
[0.212s] -- Up-to-date: /home/m4rcos/Documents/rover/ext_ws/install/yolo_msgs/lib/libyolo_msgs__rosidl_generator_c.so
[0.212s] -- Up-to-date: /home/m4rcos/Documents/rover/ext_ws/install/yolo_msgs/include/yolo_msgs
[0.212s] -- Up-to-date: /home/m4rcos/Documents/rover/ext_ws/install/yolo_msgs/include/yolo_msgs/msg
[0.212s] -- Up-to-date: /home/m4rcos/Documents/rover/ext_ws/install/yolo_msgs/include/yolo_msgs/msg/detail
[0.212s] -- Up-to-date: /home/m4rcos/Documents/rover/ext_ws/install/yolo_msgs/include/yolo_msgs/msg/detail/yolo_detection__rosidl_typesupport_fastrtps_c.h
[0.212s] -- Up-to-date: /home/m4rcos/Documents/rover/ext_ws/install/yolo_msgs/include/yolo_msgs/msg/rosidl_typesupport_fastrtps_c__visibility_control.h
[0.212s] -- Up-to-date: /home/m4rcos/Documents/rover/ext_ws/install/yolo_msgs/lib/libyolo_msgs__rosidl_typesupport_fastrtps_c.so
[0.212s] -- Up-to-date: /home/m4rcos/Documents/rover/ext_ws/install/yolo_msgs/include/yolo_msgs
[0.212s] -- Up-to-date: /home/m4rcos/Documents/rover/ext_ws/install/yolo_msgs/include/yolo_msgs/msg
[0.212s] -- Up-to-date: /home/m4rcos/Documents/rover/ext_ws/install/yolo_msgs/include/yolo_msgs/msg/detail
[0.212s] -- Up-to-date: /home/m4rcos/Documents/rover/ext_ws/install/yolo_msgs/include/yolo_msgs/msg/detail/yolo_detection__rosidl_typesupport_fastrtps_cpp.hpp
[0.213s] -- Up-to-date: /home/m4rcos/Documents/rover/ext_ws/install/yolo_msgs/include/yolo_msgs/msg/detail/dds_fastrtps
[0.213s] -- Up-to-date: /home/m4rcos/Documents/rover/ext_ws/install/yolo_msgs/include/yolo_msgs/msg/rosidl_typesupport_fastrtps_cpp__visibility_control.h
[0.213s] -- Up-to-date: /home/m4rcos/Documents/rover/ext_ws/install/yolo_msgs/lib/libyolo_msgs__rosidl_typesupport_fastrtps_cpp.so
[0.213s] -- Up-to-date: /home/m4rcos/Documents/rover/ext_ws/install/yolo_msgs/include/yolo_msgs
[0.213s] -- Up-to-date: /home/m4rcos/Documents/rover/ext_ws/install/yolo_msgs/include/yolo_msgs/msg
[0.213s] -- Up-to-date: /home/m4rcos/Documents/rover/ext_ws/install/yolo_msgs/include/yolo_msgs/msg/detail
[0.213s] -- Up-to-date: /home/m4rcos/Documents/rover/ext_ws/install/yolo_msgs/include/yolo_msgs/msg/detail/yolo_detection__rosidl_typesupport_introspection_c.h
[0.213s] -- Up-to-date: /home/m4rcos/Documents/rover/ext_ws/install/yolo_msgs/include/yolo_msgs/msg/detail/yolo_detection__type_support.c
[0.213s] -- Up-to-date: /home/m4rcos/Documents/rover/ext_ws/install/yolo_msgs/include/yolo_msgs/msg/rosidl_typesupport_introspection_c__visibility_control.h
[0.213s] -- Up-to-date: /home/m4rcos/Documents/rover/ext_ws/install/yolo_msgs/lib/libyolo_msgs__rosidl_typesupport_introspection_c.so
[0.213s] -- Up-to-date: /home/m4rcos/Documents/rover/ext_ws/install/yolo_msgs/lib/libyolo_msgs__rosidl_typesupport_c.so
[0.213s] -- Up-to-date: /home/m4rcos/Documents/rover/ext_ws/install/yolo_msgs/include/yolo_msgs
[0.213s] -- Up-to-date: /home/m4rcos/Documents/rover/ext_ws/install/yolo_msgs/include/yolo_msgs/msg
[0.213s] -- Up-to-date: /home/m4rcos/Documents/rover/ext_ws/install/yolo_msgs/include/yolo_msgs/msg/detail
[0.213s] -- Up-to-date: /home/m4rcos/Documents/rover/ext_ws/install/yolo_msgs/include/yolo_msgs/msg/detail/yolo_detection__builder.hpp
[0.214s] -- Up-to-date: /home/m4rcos/Documents/rover/ext_ws/install/yolo_msgs/include/yolo_msgs/msg/detail/yolo_detection__struct.hpp
[0.214s] -- Up-to-date: /home/m4rcos/Documents/rover/ext_ws/install/yolo_msgs/include/yolo_msgs/msg/detail/yolo_detection__traits.hpp
[0.214s] -- Up-to-date: /home/m4rcos/Documents/rover/ext_ws/install/yolo_msgs/include/yolo_msgs/msg/detail/yolo_detection__type_support.hpp
[0.214s] -- Up-to-date: /home/m4rcos/Documents/rover/ext_ws/install/yolo_msgs/include/yolo_msgs/msg/rosidl_generator_cpp__visibility_control.hpp
[0.214s] -- Up-to-date: /home/m4rcos/Documents/rover/ext_ws/install/yolo_msgs/include/yolo_msgs/msg/yolo_detection.hpp
[0.214s] -- Up-to-date: /home/m4rcos/Documents/rover/ext_ws/install/yolo_msgs/include/yolo_msgs
[0.214s] -- Up-to-date: /home/m4rcos/Documents/rover/ext_ws/install/yolo_msgs/include/yolo_msgs/msg
[0.214s] -- Up-to-date: /home/m4rcos/Documents/rover/ext_ws/install/yolo_msgs/include/yolo_msgs/msg/detail
[0.214s] -- Up-to-date: /home/m4rcos/Documents/rover/ext_ws/install/yolo_msgs/include/yolo_msgs/msg/detail/yolo_detection__type_support.cpp
[0.214s] -- Up-to-date: /home/m4rcos/Documents/rover/ext_ws/install/yolo_msgs/include/yolo_msgs/msg/detail/yolo_detection__rosidl_typesupport_introspection_cpp.hpp
[0.214s] -- Up-to-date: /home/m4rcos/Documents/rover/ext_ws/install/yolo_msgs/lib/libyolo_msgs__rosidl_typesupport_introspection_cpp.so
[0.214s] -- Up-to-date: /home/m4rcos/Documents/rover/ext_ws/install/yolo_msgs/lib/libyolo_msgs__rosidl_typesupport_cpp.so
[0.214s] -- Up-to-date: /home/m4rcos/Documents/rover/ext_ws/install/yolo_msgs/share/yolo_msgs/environment/pythonpath.sh
[0.214s] -- Up-to-date: /home/m4rcos/Documents/rover/ext_ws/install/yolo_msgs/share/yolo_msgs/environment/pythonpath.dsv
[0.214s] -- Up-to-date: /home/m4rcos/Documents/rover/ext_ws/install/yolo_msgs/lib/python3.8/site-packages/yolo_msgs/__init__.py
[0.237s] -- Up-to-date: /home/m4rcos/Documents/rover/ext_ws/install/yolo_msgs/lib/python3.8/site-packages/yolo_msgs/msg
[0.238s] -- Up-to-date: /home/m4rcos/Documents/rover/ext_ws/install/yolo_msgs/lib/python3.8/site-packages/yolo_msgs/msg/_yolo_detection_s.c
[0.238s] -- Up-to-date: /home/m4rcos/Documents/rover/ext_ws/install/yolo_msgs/lib/python3.8/site-packages/yolo_msgs/msg/_yolo_detection.py
[0.238s] -- Up-to-date: /home/m4rcos/Documents/rover/ext_ws/install/yolo_msgs/lib/python3.8/site-packages/yolo_msgs/msg/__init__.py
[0.238s] -- Up-to-date: /home/m4rcos/Documents/rover/ext_ws/install/yolo_msgs/lib/python3.8/site-packages/yolo_msgs/yolo_msgs_s__rosidl_typesupport_fastrtps_c.cpython-38-x86_64-linux-gnu.so
[0.238s] -- Up-to-date: /home/m4rcos/Documents/rover/ext_ws/install/yolo_msgs/lib/python3.8/site-packages/yolo_msgs/yolo_msgs_s__rosidl_typesupport_introspection_c.cpython-38-x86_64-linux-gnu.so
[0.239s] -- Up-to-date: /home/m4rcos/Documents/rover/ext_ws/install/yolo_msgs/lib/python3.8/site-packages/yolo_msgs/yolo_msgs_s__rosidl_typesupport_c.cpython-38-x86_64-linux-gnu.so
[0.239s] -- Up-to-date: /home/m4rcos/Documents/rover/ext_ws/install/yolo_msgs/lib/libyolo_msgs__python.so
[0.239s] -- Up-to-date: /home/m4rcos/Documents/rover/ext_ws/install/yolo_msgs/share/yolo_msgs/msg/YoloDetection.idl
[0.240s] -- Up-to-date: /home/m4rcos/Documents/rover/ext_ws/install/yolo_msgs/share/yolo_msgs/msg/YoloDetection.msg
[0.240s] -- Up-to-date: /home/m4rcos/Documents/rover/ext_ws/install/yolo_msgs/share/ament_index/resource_index/package_run_dependencies/yolo_msgs
[0.240s] -- Up-to-date: /home/m4rcos/Documents/rover/ext_ws/install/yolo_msgs/share/ament_index/resource_index/parent_prefix_path/yolo_msgs
[0.240s] -- Up-to-date: /home/m4rcos/Documents/rover/ext_ws/install/yolo_msgs/share/yolo_msgs/environment/ament_prefix_path.sh
[0.240s] -- Up-to-date: /home/m4rcos/Documents/rover/ext_ws/install/yolo_msgs/share/yolo_msgs/environment/ament_prefix_path.dsv
[0.240s] -- Up-to-date: /home/m4rcos/Documents/rover/ext_ws/install/yolo_msgs/share/yolo_msgs/environment/path.sh
[0.240s] -- Up-to-date: /home/m4rcos/Documents/rover/ext_ws/install/yolo_msgs/share/yolo_msgs/environment/path.dsv
[0.240s] -- Up-to-date: /home/m4rcos/Documents/rover/ext_ws/install/yolo_msgs/share/yolo_msgs/local_setup.bash
[0.240s] -- Up-to-date: /home/m4rcos/Documents/rover/ext_ws/install/yolo_msgs/share/yolo_msgs/local_setup.sh
[0.240s] -- Up-to-date: /home/m4rcos/Documents/rover/ext_ws/install/yolo_msgs/share/yolo_msgs/local_setup.zsh
[0.241s] -- Up-to-date: /home/m4rcos/Documents/rover/ext_ws/install/yolo_msgs/share/yolo_msgs/local_setup.dsv
[0.241s] -- Installing: /home/m4rcos/Documents/rover/ext_ws/install/yolo_msgs/share/yolo_msgs/package.dsv
[0.241s] -- Up-to-date: /home/m4rcos/Documents/rover/ext_ws/install/yolo_msgs/share/ament_index/resource_index/packages/yolo_msgs
[0.241s] -- Up-to-date: /home/m4rcos/Documents/rover/ext_ws/install/yolo_msgs/share/yolo_msgs/cmake/yolo_msgs__rosidl_generator_cExport.cmake
[0.241s] -- Up-to-date: /home/m4rcos/Documents/rover/ext_ws/install/yolo_msgs/share/yolo_msgs/cmake/yolo_msgs__rosidl_generator_cExport-noconfig.cmake
[0.241s] -- Up-to-date: /home/m4rcos/Documents/rover/ext_ws/install/yolo_msgs/share/yolo_msgs/cmake/yolo_msgs__rosidl_typesupport_introspection_cExport.cmake
[0.241s] -- Up-to-date: /home/m4rcos/Documents/rover/ext_ws/install/yolo_msgs/share/yolo_msgs/cmake/yolo_msgs__rosidl_typesupport_introspection_cExport-noconfig.cmake
[0.241s] -- Up-to-date: /home/m4rcos/Documents/rover/ext_ws/install/yolo_msgs/share/yolo_msgs/cmake/yolo_msgs__rosidl_typesupport_cExport.cmake
[0.241s] -- Up-to-date: /home/m4rcos/Documents/rover/ext_ws/install/yolo_msgs/share/yolo_msgs/cmake/yolo_msgs__rosidl_typesupport_cExport-noconfig.cmake
[0.241s] -- Up-to-date: /home/m4rcos/Documents/rover/ext_ws/install/yolo_msgs/share/yolo_msgs/cmake/yolo_msgs__rosidl_generator_cppExport.cmake
[0.242s] -- Up-to-date: /home/m4rcos/Documents/rover/ext_ws/install/yolo_msgs/share/yolo_msgs/cmake/yolo_msgs__rosidl_typesupport_introspection_cppExport.cmake
[0.242s] -- Up-to-date: /home/m4rcos/Documents/rover/ext_ws/install/yolo_msgs/share/yolo_msgs/cmake/yolo_msgs__rosidl_typesupport_introspection_cppExport-noconfig.cmake
[0.242s] -- Up-to-date: /home/m4rcos/Documents/rover/ext_ws/install/yolo_msgs/share/yolo_msgs/cmake/yolo_msgs__rosidl_typesupport_cppExport.cmake
[0.242s] -- Up-to-date: /home/m4rcos/Documents/rover/ext_ws/install/yolo_msgs/share/yolo_msgs/cmake/yolo_msgs__rosidl_typesupport_cppExport-noconfig.cmake
[0.242s] -- Up-to-date: /home/m4rcos/Documents/rover/ext_ws/install/yolo_msgs/share/yolo_msgs/cmake/rosidl_cmake-extras.cmake
[0.242s] -- Up-to-date: /home/m4rcos/Documents/rover/ext_ws/install/yolo_msgs/share/yolo_msgs/cmake/ament_cmake_export_dependencies-extras.cmake
[0.242s] -- Up-to-date: /home/m4rcos/Documents/rover/ext_ws/install/yolo_msgs/share/yolo_msgs/cmake/ament_cmake_export_libraries-extras.cmake
[0.242s] -- Up-to-date: /home/m4rcos/Documents/rover/ext_ws/install/yolo_msgs/share/yolo_msgs/cmake/ament_cmake_export_targets-extras.cmake
[0.242s] -- Up-to-date: /home/m4rcos/Documents/rover/ext_ws/install/yolo_msgs/share/yolo_msgs/cmake/ament_cmake_export_include_directories-extras.cmake
[0.242s] -- Up-to-date: /home/m4rcos/Documents/rover/ext_ws/install/yolo_msgs/share/yolo_msgs/cmake/rosidl_cmake_export_typesupport_libraries-extras.cmake
[0.242s] -- Up-to-date: /home/m4rcos/Documents/rover/ext_ws/install/yolo_msgs/share/yolo_msgs/cmake/rosidl_cmake_export_typesupport_targets-extras.cmake
[0.242s] -- Up-to-date: /home/m4rcos/Documents/rover/ext_ws/install/yolo_msgs/share/yolo_msgs/cmake/yolo_msgsConfig.cmake
[0.242s] -- Up-to-date: /home/m4rcos/Documents/rover/ext_ws/install/yolo_msgs/share/yolo_msgs/cmake/yolo_msgsConfig-version.cmake
[0.243s] -- Up-to-date: /home/m4rcos/Documents/rover/ext_ws/install/yolo_msgs/share/yolo_msgs/package.xml
[0.244s] Invoked command in '/home/m4rcos/Documents/rover/ext_ws/build/yolo_msgs' returned '0': CMAKE_PREFIX_PATH=${CMAKE_PREFIX_PATH}:/opt/ros/foxy /usr/bin/cmake --install /home/m4rcos/Documents/rover/ext_ws/build/yolo_msgs
