[0.015s] Invoking command in '/home/m4rcos/Documents/rover/ext_ws/build/yolo_detector': CMAKE_PREFIX_PATH=${CMAKE_PREFIX_PATH}:/opt/ros/foxy /usr/bin/cmake --build /home/m4rcos/Documents/rover/ext_ws/build/yolo_detector -- -j12 -l12
[0.120s] Invoked command in '/home/m4rcos/Documents/rover/ext_ws/build/yolo_detector' returned '0': CMAKE_PREFIX_PATH=${CMAKE_PREFIX_PATH}:/opt/ros/foxy /usr/bin/cmake --build /home/m4rcos/Documents/rover/ext_ws/build/yolo_detector -- -j12 -l12
[0.155s] Invoking command in '/home/m4rcos/Documents/rover/ext_ws/build/yolo_detector': CMAKE_PREFIX_PATH=${CMAKE_PREFIX_PATH}:/opt/ros/foxy /usr/bin/cmake --install /home/m4rcos/Documents/rover/ext_ws/build/yolo_detector
[0.161s] -- Install configuration: ""
[0.161s] -- Up-to-date: /home/m4rcos/Documents/rover/ext_ws/install/yolo_detector/share/ament_index/resource_index/package_run_dependencies/yolo_detector
[0.161s] -- Up-to-date: /home/m4rcos/Documents/rover/ext_ws/install/yolo_detector/share/ament_index/resource_index/parent_prefix_path/yolo_detector
[0.161s] -- Up-to-date: /home/m4rcos/Documents/rover/ext_ws/install/yolo_detector/share/yolo_detector/environment/ament_prefix_path.sh
[0.161s] -- Up-to-date: /home/m4rcos/Documents/rover/ext_ws/install/yolo_detector/share/yolo_detector/environment/ament_prefix_path.dsv
[0.161s] -- Up-to-date: /home/m4rcos/Documents/rover/ext_ws/install/yolo_detector/share/yolo_detector/environment/path.sh
[0.161s] -- Up-to-date: /home/m4rcos/Documents/rover/ext_ws/install/yolo_detector/share/yolo_detector/environment/path.dsv
[0.161s] -- Up-to-date: /home/m4rcos/Documents/rover/ext_ws/install/yolo_detector/share/yolo_detector/local_setup.bash
[0.161s] -- Up-to-date: /home/m4rcos/Documents/rover/ext_ws/install/yolo_detector/share/yolo_detector/local_setup.sh
[0.162s] -- Up-to-date: /home/m4rcos/Documents/rover/ext_ws/install/yolo_detector/share/yolo_detector/local_setup.zsh
[0.162s] -- Up-to-date: /home/m4rcos/Documents/rover/ext_ws/install/yolo_detector/share/yolo_detector/local_setup.dsv
[0.162s] -- Up-to-date: /home/m4rcos/Documents/rover/ext_ws/install/yolo_detector/share/yolo_detector/package.dsv
[0.162s] -- Up-to-date: /home/m4rcos/Documents/rover/ext_ws/install/yolo_detector/share/ament_index/resource_index/packages/yolo_detector
[0.162s] -- Up-to-date: /home/m4rcos/Documents/rover/ext_ws/install/yolo_detector/share/yolo_detector/cmake/yolo_detectorConfig.cmake
[0.162s] -- Up-to-date: /home/m4rcos/Documents/rover/ext_ws/install/yolo_detector/share/yolo_detector/cmake/yolo_detectorConfig-version.cmake
[0.162s] -- Up-to-date: /home/m4rcos/Documents/rover/ext_ws/install/yolo_detector/share/yolo_detector/package.xml
[0.163s] Invoked command in '/home/m4rcos/Documents/rover/ext_ws/build/yolo_detector' returned '0': CMAKE_PREFIX_PATH=${CMAKE_PREFIX_PATH}:/opt/ros/foxy /usr/bin/cmake --install /home/m4rcos/Documents/rover/ext_ws/build/yolo_detector
