[  3%] Built target yolo_msgs__cpp
[ 12%] Built target yolo_msgs__rosidl_generator_c
[ 32%] Built target yolo_msgs__rosidl_typesupport_introspection_cpp
[ 32%] Built target yolo_msgs__rosidl_typesupport_c
[ 41%] Built target yolo_msgs__rosidl_typesupport_cpp
[ 61%] Built target yolo_msgs__rosidl_typesupport_fastrtps_cpp
[ 61%] Built target yolo_msgs__rosidl_typesupport_introspection_c
[ 70%] Built target yolo_msgs__rosidl_typesupport_fastrtps_c
[ 70%] Built target yolo_msgs
[ 74%] Built target yolo_msgs__py
[ 80%] Built target yolo_msgs__python
[100%] Built target yolo_msgs__rosidl_typesupport_fastrtps_c__pyext
[100%] Built target yolo_msgs__rosidl_typesupport_introspection_c__pyext
[100%] Built target yolo_msgs__rosidl_typesupport_c__pyext
-- Install configuration: ""
-- Up-to-date: /home/m4rcos/Documents/rover/ext_ws/install/yolo_msgs/share/ament_index/resource_index/rosidl_interfaces/yolo_msgs
-- Up-to-date: /home/m4rcos/Documents/rover/ext_ws/install/yolo_msgs/include/yolo_msgs
-- Up-to-date: /home/m4rcos/Documents/rover/ext_ws/install/yolo_msgs/include/yolo_msgs/msg
-- Up-to-date: /home/m4rcos/Documents/rover/ext_ws/install/yolo_msgs/include/yolo_msgs/msg/detail
-- Up-to-date: /home/m4rcos/Documents/rover/ext_ws/install/yolo_msgs/include/yolo_msgs/msg/detail/yolo_detection__functions.h
-- Up-to-date: /home/m4rcos/Documents/rover/ext_ws/install/yolo_msgs/include/yolo_msgs/msg/detail/yolo_detection__functions.c
-- Up-to-date: /home/m4rcos/Documents/rover/ext_ws/install/yolo_msgs/include/yolo_msgs/msg/detail/yolo_detection__struct.h
-- Up-to-date: /home/m4rcos/Documents/rover/ext_ws/install/yolo_msgs/include/yolo_msgs/msg/detail/yolo_detection__type_support.h
-- Up-to-date: /home/m4rcos/Documents/rover/ext_ws/install/yolo_msgs/include/yolo_msgs/msg/rosidl_generator_c__visibility_control.h
-- Up-to-date: /home/m4rcos/Documents/rover/ext_ws/install/yolo_msgs/include/yolo_msgs/msg/yolo_detection.h
-- Up-to-date: /home/m4rcos/Documents/rover/ext_ws/install/yolo_msgs/share/yolo_msgs/environment/library_path.sh
-- Up-to-date: /home/m4rcos/Documents/rover/ext_ws/install/yolo_msgs/share/yolo_msgs/environment/library_path.dsv
-- Up-to-date: /home/m4rcos/Documents/rover/ext_ws/install/yolo_msgs/lib/libyolo_msgs__rosidl_generator_c.so
-- Up-to-date: /home/m4rcos/Documents/rover/ext_ws/install/yolo_msgs/include/yolo_msgs
-- Up-to-date: /home/m4rcos/Documents/rover/ext_ws/install/yolo_msgs/include/yolo_msgs/msg
-- Up-to-date: /home/m4rcos/Documents/rover/ext_ws/install/yolo_msgs/include/yolo_msgs/msg/detail
-- Up-to-date: /home/m4rcos/Documents/rover/ext_ws/install/yolo_msgs/include/yolo_msgs/msg/detail/yolo_detection__rosidl_typesupport_fastrtps_c.h
-- Up-to-date: /home/m4rcos/Documents/rover/ext_ws/install/yolo_msgs/include/yolo_msgs/msg/rosidl_typesupport_fastrtps_c__visibility_control.h
-- Up-to-date: /home/m4rcos/Documents/rover/ext_ws/install/yolo_msgs/lib/libyolo_msgs__rosidl_typesupport_fastrtps_c.so
-- Up-to-date: /home/m4rcos/Documents/rover/ext_ws/install/yolo_msgs/include/yolo_msgs
-- Up-to-date: /home/m4rcos/Documents/rover/ext_ws/install/yolo_msgs/include/yolo_msgs/msg
-- Up-to-date: /home/m4rcos/Documents/rover/ext_ws/install/yolo_msgs/include/yolo_msgs/msg/detail
-- Up-to-date: /home/m4rcos/Documents/rover/ext_ws/install/yolo_msgs/include/yolo_msgs/msg/detail/yolo_detection__rosidl_typesupport_fastrtps_cpp.hpp
-- Up-to-date: /home/m4rcos/Documents/rover/ext_ws/install/yolo_msgs/include/yolo_msgs/msg/detail/dds_fastrtps
-- Up-to-date: /home/m4rcos/Documents/rover/ext_ws/install/yolo_msgs/include/yolo_msgs/msg/rosidl_typesupport_fastrtps_cpp__visibility_control.h
-- Up-to-date: /home/m4rcos/Documents/rover/ext_ws/install/yolo_msgs/lib/libyolo_msgs__rosidl_typesupport_fastrtps_cpp.so
-- Up-to-date: /home/m4rcos/Documents/rover/ext_ws/install/yolo_msgs/include/yolo_msgs
-- Up-to-date: /home/m4rcos/Documents/rover/ext_ws/install/yolo_msgs/include/yolo_msgs/msg
-- Up-to-date: /home/m4rcos/Documents/rover/ext_ws/install/yolo_msgs/include/yolo_msgs/msg/detail
-- Up-to-date: /home/m4rcos/Documents/rover/ext_ws/install/yolo_msgs/include/yolo_msgs/msg/detail/yolo_detection__rosidl_typesupport_introspection_c.h
-- Up-to-date: /home/m4rcos/Documents/rover/ext_ws/install/yolo_msgs/include/yolo_msgs/msg/detail/yolo_detection__type_support.c
-- Up-to-date: /home/m4rcos/Documents/rover/ext_ws/install/yolo_msgs/include/yolo_msgs/msg/rosidl_typesupport_introspection_c__visibility_control.h
-- Up-to-date: /home/m4rcos/Documents/rover/ext_ws/install/yolo_msgs/lib/libyolo_msgs__rosidl_typesupport_introspection_c.so
-- Up-to-date: /home/m4rcos/Documents/rover/ext_ws/install/yolo_msgs/lib/libyolo_msgs__rosidl_typesupport_c.so
-- Up-to-date: /home/m4rcos/Documents/rover/ext_ws/install/yolo_msgs/include/yolo_msgs
-- Up-to-date: /home/m4rcos/Documents/rover/ext_ws/install/yolo_msgs/include/yolo_msgs/msg
-- Up-to-date: /home/m4rcos/Documents/rover/ext_ws/install/yolo_msgs/include/yolo_msgs/msg/detail
-- Up-to-date: /home/m4rcos/Documents/rover/ext_ws/install/yolo_msgs/include/yolo_msgs/msg/detail/yolo_detection__builder.hpp
-- Up-to-date: /home/m4rcos/Documents/rover/ext_ws/install/yolo_msgs/include/yolo_msgs/msg/detail/yolo_detection__struct.hpp
-- Up-to-date: /home/m4rcos/Documents/rover/ext_ws/install/yolo_msgs/include/yolo_msgs/msg/detail/yolo_detection__traits.hpp
-- Up-to-date: /home/m4rcos/Documents/rover/ext_ws/install/yolo_msgs/include/yolo_msgs/msg/detail/yolo_detection__type_support.hpp
-- Up-to-date: /home/m4rcos/Documents/rover/ext_ws/install/yolo_msgs/include/yolo_msgs/msg/rosidl_generator_cpp__visibility_control.hpp
-- Up-to-date: /home/m4rcos/Documents/rover/ext_ws/install/yolo_msgs/include/yolo_msgs/msg/yolo_detection.hpp
-- Up-to-date: /home/m4rcos/Documents/rover/ext_ws/install/yolo_msgs/include/yolo_msgs
-- Up-to-date: /home/m4rcos/Documents/rover/ext_ws/install/yolo_msgs/include/yolo_msgs/msg
-- Up-to-date: /home/m4rcos/Documents/rover/ext_ws/install/yolo_msgs/include/yolo_msgs/msg/detail
-- Up-to-date: /home/m4rcos/Documents/rover/ext_ws/install/yolo_msgs/include/yolo_msgs/msg/detail/yolo_detection__type_support.cpp
-- Up-to-date: /home/m4rcos/Documents/rover/ext_ws/install/yolo_msgs/include/yolo_msgs/msg/detail/yolo_detection__rosidl_typesupport_introspection_cpp.hpp
-- Up-to-date: /home/m4rcos/Documents/rover/ext_ws/install/yolo_msgs/lib/libyolo_msgs__rosidl_typesupport_introspection_cpp.so
-- Up-to-date: /home/m4rcos/Documents/rover/ext_ws/install/yolo_msgs/lib/libyolo_msgs__rosidl_typesupport_cpp.so
-- Up-to-date: /home/m4rcos/Documents/rover/ext_ws/install/yolo_msgs/share/yolo_msgs/environment/pythonpath.sh
-- Up-to-date: /home/m4rcos/Documents/rover/ext_ws/install/yolo_msgs/share/yolo_msgs/environment/pythonpath.dsv
-- Up-to-date: /home/m4rcos/Documents/rover/ext_ws/install/yolo_msgs/lib/python3.8/site-packages/yolo_msgs/__init__.py
-- Up-to-date: /home/m4rcos/Documents/rover/ext_ws/install/yolo_msgs/lib/python3.8/site-packages/yolo_msgs/msg
-- Up-to-date: /home/m4rcos/Documents/rover/ext_ws/install/yolo_msgs/lib/python3.8/site-packages/yolo_msgs/msg/_yolo_detection_s.c
-- Up-to-date: /home/m4rcos/Documents/rover/ext_ws/install/yolo_msgs/lib/python3.8/site-packages/yolo_msgs/msg/_yolo_detection.py
-- Up-to-date: /home/m4rcos/Documents/rover/ext_ws/install/yolo_msgs/lib/python3.8/site-packages/yolo_msgs/msg/__init__.py
-- Up-to-date: /home/m4rcos/Documents/rover/ext_ws/install/yolo_msgs/lib/python3.8/site-packages/yolo_msgs/yolo_msgs_s__rosidl_typesupport_fastrtps_c.cpython-38-x86_64-linux-gnu.so
-- Up-to-date: /home/m4rcos/Documents/rover/ext_ws/install/yolo_msgs/lib/python3.8/site-packages/yolo_msgs/yolo_msgs_s__rosidl_typesupport_introspection_c.cpython-38-x86_64-linux-gnu.so
-- Up-to-date: /home/m4rcos/Documents/rover/ext_ws/install/yolo_msgs/lib/python3.8/site-packages/yolo_msgs/yolo_msgs_s__rosidl_typesupport_c.cpython-38-x86_64-linux-gnu.so
-- Up-to-date: /home/m4rcos/Documents/rover/ext_ws/install/yolo_msgs/lib/libyolo_msgs__python.so
-- Up-to-date: /home/m4rcos/Documents/rover/ext_ws/install/yolo_msgs/share/yolo_msgs/msg/YoloDetection.idl
-- Up-to-date: /home/m4rcos/Documents/rover/ext_ws/install/yolo_msgs/share/yolo_msgs/msg/YoloDetection.msg
-- Up-to-date: /home/m4rcos/Documents/rover/ext_ws/install/yolo_msgs/share/ament_index/resource_index/package_run_dependencies/yolo_msgs
-- Up-to-date: /home/m4rcos/Documents/rover/ext_ws/install/yolo_msgs/share/ament_index/resource_index/parent_prefix_path/yolo_msgs
-- Up-to-date: /home/m4rcos/Documents/rover/ext_ws/install/yolo_msgs/share/yolo_msgs/environment/ament_prefix_path.sh
-- Up-to-date: /home/m4rcos/Documents/rover/ext_ws/install/yolo_msgs/share/yolo_msgs/environment/ament_prefix_path.dsv
-- Up-to-date: /home/m4rcos/Documents/rover/ext_ws/install/yolo_msgs/share/yolo_msgs/environment/path.sh
-- Up-to-date: /home/m4rcos/Documents/rover/ext_ws/install/yolo_msgs/share/yolo_msgs/environment/path.dsv
-- Up-to-date: /home/m4rcos/Documents/rover/ext_ws/install/yolo_msgs/share/yolo_msgs/local_setup.bash
-- Up-to-date: /home/m4rcos/Documents/rover/ext_ws/install/yolo_msgs/share/yolo_msgs/local_setup.sh
-- Up-to-date: /home/m4rcos/Documents/rover/ext_ws/install/yolo_msgs/share/yolo_msgs/local_setup.zsh
-- Up-to-date: /home/m4rcos/Documents/rover/ext_ws/install/yolo_msgs/share/yolo_msgs/local_setup.dsv
-- Installing: /home/m4rcos/Documents/rover/ext_ws/install/yolo_msgs/share/yolo_msgs/package.dsv
-- Up-to-date: /home/m4rcos/Documents/rover/ext_ws/install/yolo_msgs/share/ament_index/resource_index/packages/yolo_msgs
-- Up-to-date: /home/m4rcos/Documents/rover/ext_ws/install/yolo_msgs/share/yolo_msgs/cmake/yolo_msgs__rosidl_generator_cExport.cmake
-- Up-to-date: /home/m4rcos/Documents/rover/ext_ws/install/yolo_msgs/share/yolo_msgs/cmake/yolo_msgs__rosidl_generator_cExport-noconfig.cmake
-- Up-to-date: /home/m4rcos/Documents/rover/ext_ws/install/yolo_msgs/share/yolo_msgs/cmake/yolo_msgs__rosidl_typesupport_introspection_cExport.cmake
-- Up-to-date: /home/m4rcos/Documents/rover/ext_ws/install/yolo_msgs/share/yolo_msgs/cmake/yolo_msgs__rosidl_typesupport_introspection_cExport-noconfig.cmake
-- Up-to-date: /home/m4rcos/Documents/rover/ext_ws/install/yolo_msgs/share/yolo_msgs/cmake/yolo_msgs__rosidl_typesupport_cExport.cmake
-- Up-to-date: /home/m4rcos/Documents/rover/ext_ws/install/yolo_msgs/share/yolo_msgs/cmake/yolo_msgs__rosidl_typesupport_cExport-noconfig.cmake
-- Up-to-date: /home/m4rcos/Documents/rover/ext_ws/install/yolo_msgs/share/yolo_msgs/cmake/yolo_msgs__rosidl_generator_cppExport.cmake
-- Up-to-date: /home/m4rcos/Documents/rover/ext_ws/install/yolo_msgs/share/yolo_msgs/cmake/yolo_msgs__rosidl_typesupport_introspection_cppExport.cmake
-- Up-to-date: /home/m4rcos/Documents/rover/ext_ws/install/yolo_msgs/share/yolo_msgs/cmake/yolo_msgs__rosidl_typesupport_introspection_cppExport-noconfig.cmake
-- Up-to-date: /home/m4rcos/Documents/rover/ext_ws/install/yolo_msgs/share/yolo_msgs/cmake/yolo_msgs__rosidl_typesupport_cppExport.cmake
-- Up-to-date: /home/m4rcos/Documents/rover/ext_ws/install/yolo_msgs/share/yolo_msgs/cmake/yolo_msgs__rosidl_typesupport_cppExport-noconfig.cmake
-- Up-to-date: /home/m4rcos/Documents/rover/ext_ws/install/yolo_msgs/share/yolo_msgs/cmake/rosidl_cmake-extras.cmake
-- Up-to-date: /home/m4rcos/Documents/rover/ext_ws/install/yolo_msgs/share/yolo_msgs/cmake/ament_cmake_export_dependencies-extras.cmake
-- Up-to-date: /home/m4rcos/Documents/rover/ext_ws/install/yolo_msgs/share/yolo_msgs/cmake/ament_cmake_export_libraries-extras.cmake
-- Up-to-date: /home/m4rcos/Documents/rover/ext_ws/install/yolo_msgs/share/yolo_msgs/cmake/ament_cmake_export_targets-extras.cmake
-- Up-to-date: /home/m4rcos/Documents/rover/ext_ws/install/yolo_msgs/share/yolo_msgs/cmake/ament_cmake_export_include_directories-extras.cmake
-- Up-to-date: /home/m4rcos/Documents/rover/ext_ws/install/yolo_msgs/share/yolo_msgs/cmake/rosidl_cmake_export_typesupport_libraries-extras.cmake
-- Up-to-date: /home/m4rcos/Documents/rover/ext_ws/install/yolo_msgs/share/yolo_msgs/cmake/rosidl_cmake_export_typesupport_targets-extras.cmake
-- Up-to-date: /home/m4rcos/Documents/rover/ext_ws/install/yolo_msgs/share/yolo_msgs/cmake/yolo_msgsConfig.cmake
-- Up-to-date: /home/m4rcos/Documents/rover/ext_ws/install/yolo_msgs/share/yolo_msgs/cmake/yolo_msgsConfig-version.cmake
-- Up-to-date: /home/m4rcos/Documents/rover/ext_ws/install/yolo_msgs/share/yolo_msgs/package.xml
