[0.165s] DEBUG:colcon:Command line arguments: ['/usr/bin/colcon', 'build']
[0.165s] DEBUG:colcon:Parsed command line arguments: Namespace(allow_overriding=[], ament_cmake_args=None, base_paths=['.'], build_base='build', catkin_cmake_args=None, catkin_skip_building_tests=False, cmake_args=None, cmake_clean_cache=False, cmake_clean_first=False, cmake_force_configure=False, cmake_target=None, cmake_target_skip_unavailable=False, continue_on_error=False, event_handlers=None, executor='parallel', ignore_user_meta=False, install_base='install', log_base=None, log_level=None, main=<bound method BuildVerb.main of <colcon_core.verb.build.BuildVerb object at 0x7f0684a77700>>, merge_install=False, metas=['./colcon.meta'], mixin=None, mixin_files=None, mixin_verb=('build',), packages_above=None, packages_above_and_dependencies=None, packages_above_depth=None, packages_end=None, packages_ignore=None, packages_ignore_regex=None, packages_select=None, packages_select_build_failed=False, packages_select_by_dep=None, packages_select_regex=None, packages_select_test_failures=False, packages_skip=None, packages_skip_build_finished=False, packages_skip_by_dep=None, packages_skip_regex=None, packages_skip_test_passed=False, packages_skip_up_to=None, packages_start=None, packages_up_to=None, packages_up_to_regex=None, parallel_workers=12, paths=None, symlink_install=False, test_result_base=None, verb_extension=<colcon_core.verb.build.BuildVerb object at 0x7f0684a77700>, verb_name='build', verb_parser=<colcon_mixin.mixin.mixin_argument.MixinArgumentDecorator object at 0x7f06849de2e0>)
[0.297s] Level 1:colcon.colcon_core.package_discovery:discover_packages(colcon_meta) check parameters
[0.297s] Level 1:colcon.colcon_core.package_discovery:discover_packages(recursive) check parameters
[0.297s] Level 1:colcon.colcon_core.package_discovery:discover_packages(ignore) check parameters
[0.297s] Level 1:colcon.colcon_core.package_discovery:discover_packages(path) check parameters
[0.297s] Level 1:colcon.colcon_core.package_discovery:discover_packages(colcon_meta) discover
[0.297s] Level 1:colcon.colcon_core.package_discovery:discover_packages(recursive) discover
[0.297s] INFO:colcon.colcon_core.package_discovery:Crawling recursively for packages in '/home/m4rcos/Documents/rover/ext_ws'
[0.297s] Level 1:colcon.colcon_core.package_identification:_identify(.) by extensions ['ignore', 'ignore_ament_install']
[0.297s] Level 1:colcon.colcon_core.package_identification:_identify(.) by extension 'ignore'
[0.297s] Level 1:colcon.colcon_core.package_identification:_identify(.) by extension 'ignore_ament_install'
[0.297s] Level 1:colcon.colcon_core.package_identification:_identify(.) by extensions ['colcon_pkg']
[0.297s] Level 1:colcon.colcon_core.package_identification:_identify(.) by extension 'colcon_pkg'
[0.297s] Level 1:colcon.colcon_core.package_identification:_identify(.) by extensions ['colcon_meta']
[0.297s] Level 1:colcon.colcon_core.package_identification:_identify(.) by extension 'colcon_meta'
[0.297s] Level 1:colcon.colcon_core.package_identification:_identify(.) by extensions ['ros']
[0.297s] Level 1:colcon.colcon_core.package_identification:_identify(.) by extension 'ros'
[0.305s] Level 1:colcon.colcon_core.package_identification:_identify(.) by extensions ['cmake', 'python']
[0.305s] Level 1:colcon.colcon_core.package_identification:_identify(.) by extension 'cmake'
[0.305s] Level 1:colcon.colcon_core.package_identification:_identify(.) by extension 'python'
[0.305s] Level 1:colcon.colcon_core.package_identification:_identify(.) by extensions ['python_setup_py']
[0.305s] Level 1:colcon.colcon_core.package_identification:_identify(.) by extension 'python_setup_py'
[0.306s] Level 1:colcon.colcon_core.package_identification:_identify(build) by extensions ['ignore', 'ignore_ament_install']
[0.306s] Level 1:colcon.colcon_core.package_identification:_identify(build) by extension 'ignore'
[0.306s] Level 1:colcon.colcon_core.package_identification:_identify(build) ignored
[0.306s] Level 1:colcon.colcon_core.package_identification:_identify(install) by extensions ['ignore', 'ignore_ament_install']
[0.306s] Level 1:colcon.colcon_core.package_identification:_identify(install) by extension 'ignore'
[0.306s] Level 1:colcon.colcon_core.package_identification:_identify(install) ignored
[0.306s] Level 1:colcon.colcon_core.package_identification:_identify(log) by extensions ['ignore', 'ignore_ament_install']
[0.306s] Level 1:colcon.colcon_core.package_identification:_identify(log) by extension 'ignore'
[0.306s] Level 1:colcon.colcon_core.package_identification:_identify(log) ignored
[0.306s] Level 1:colcon.colcon_core.package_identification:_identify(src) by extensions ['ignore', 'ignore_ament_install']
[0.306s] Level 1:colcon.colcon_core.package_identification:_identify(src) by extension 'ignore'
[0.306s] Level 1:colcon.colcon_core.package_identification:_identify(src) by extension 'ignore_ament_install'
[0.306s] Level 1:colcon.colcon_core.package_identification:_identify(src) by extensions ['colcon_pkg']
[0.306s] Level 1:colcon.colcon_core.package_identification:_identify(src) by extension 'colcon_pkg'
[0.306s] Level 1:colcon.colcon_core.package_identification:_identify(src) by extensions ['colcon_meta']
[0.306s] Level 1:colcon.colcon_core.package_identification:_identify(src) by extension 'colcon_meta'
[0.306s] Level 1:colcon.colcon_core.package_identification:_identify(src) by extensions ['ros']
[0.306s] Level 1:colcon.colcon_core.package_identification:_identify(src) by extension 'ros'
[0.307s] Level 1:colcon.colcon_core.package_identification:_identify(src) by extensions ['cmake', 'python']
[0.307s] Level 1:colcon.colcon_core.package_identification:_identify(src) by extension 'cmake'
[0.307s] Level 1:colcon.colcon_core.package_identification:_identify(src) by extension 'python'
[0.307s] Level 1:colcon.colcon_core.package_identification:_identify(src) by extensions ['python_setup_py']
[0.307s] Level 1:colcon.colcon_core.package_identification:_identify(src) by extension 'python_setup_py'
[0.307s] Level 1:colcon.colcon_core.package_identification:_identify(src/obj_msgs) by extensions ['ignore', 'ignore_ament_install']
[0.307s] Level 1:colcon.colcon_core.package_identification:_identify(src/obj_msgs) by extension 'ignore'
[0.307s] Level 1:colcon.colcon_core.package_identification:_identify(src/obj_msgs) by extension 'ignore_ament_install'
[0.307s] Level 1:colcon.colcon_core.package_identification:_identify(src/obj_msgs) by extensions ['colcon_pkg']
[0.307s] Level 1:colcon.colcon_core.package_identification:_identify(src/obj_msgs) by extension 'colcon_pkg'
[0.307s] Level 1:colcon.colcon_core.package_identification:_identify(src/obj_msgs) by extensions ['colcon_meta']
[0.307s] Level 1:colcon.colcon_core.package_identification:_identify(src/obj_msgs) by extension 'colcon_meta'
[0.307s] Level 1:colcon.colcon_core.package_identification:_identify(src/obj_msgs) by extensions ['ros']
[0.307s] Level 1:colcon.colcon_core.package_identification:_identify(src/obj_msgs) by extension 'ros'
[0.309s] DEBUG:colcon.colcon_core.package_identification:Package 'src/obj_msgs' with type 'ros.ament_cmake' and name 'obj_msgs'
[0.309s] Level 1:colcon.colcon_core.package_identification:_identify(src/yolo_detector) by extensions ['ignore', 'ignore_ament_install']
[0.309s] Level 1:colcon.colcon_core.package_identification:_identify(src/yolo_detector) by extension 'ignore'
[0.309s] Level 1:colcon.colcon_core.package_identification:_identify(src/yolo_detector) by extension 'ignore_ament_install'
[0.309s] Level 1:colcon.colcon_core.package_identification:_identify(src/yolo_detector) by extensions ['colcon_pkg']
[0.309s] Level 1:colcon.colcon_core.package_identification:_identify(src/yolo_detector) by extension 'colcon_pkg'
[0.309s] Level 1:colcon.colcon_core.package_identification:_identify(src/yolo_detector) by extensions ['colcon_meta']
[0.309s] Level 1:colcon.colcon_core.package_identification:_identify(src/yolo_detector) by extension 'colcon_meta'
[0.309s] Level 1:colcon.colcon_core.package_identification:_identify(src/yolo_detector) by extensions ['ros']
[0.309s] Level 1:colcon.colcon_core.package_identification:_identify(src/yolo_detector) by extension 'ros'
[0.310s] DEBUG:colcon.colcon_core.package_identification:Package 'src/yolo_detector' with type 'ros.ament_cmake' and name 'yolo_detector'
[0.311s] Level 1:colcon.colcon_core.package_identification:_identify(src/yolo_msgs) by extensions ['ignore', 'ignore_ament_install']
[0.311s] Level 1:colcon.colcon_core.package_identification:_identify(src/yolo_msgs) by extension 'ignore'
[0.311s] Level 1:colcon.colcon_core.package_identification:_identify(src/yolo_msgs) by extension 'ignore_ament_install'
[0.311s] Level 1:colcon.colcon_core.package_identification:_identify(src/yolo_msgs) by extensions ['colcon_pkg']
[0.311s] Level 1:colcon.colcon_core.package_identification:_identify(src/yolo_msgs) by extension 'colcon_pkg'
[0.311s] Level 1:colcon.colcon_core.package_identification:_identify(src/yolo_msgs) by extensions ['colcon_meta']
[0.311s] Level 1:colcon.colcon_core.package_identification:_identify(src/yolo_msgs) by extension 'colcon_meta'
[0.312s] Level 1:colcon.colcon_core.package_identification:_identify(src/yolo_msgs) by extensions ['ros']
[0.312s] Level 1:colcon.colcon_core.package_identification:_identify(src/yolo_msgs) by extension 'ros'
[0.313s] DEBUG:colcon.colcon_core.package_identification:Package 'src/yolo_msgs' with type 'ros.ament_cmake' and name 'yolo_msgs'
[0.313s] Level 1:colcon.colcon_core.package_discovery:discover_packages(recursive) using defaults
[0.313s] Level 1:colcon.colcon_core.package_discovery:discover_packages(ignore) discover
[0.313s] Level 1:colcon.colcon_core.package_discovery:discover_packages(ignore) using defaults
[0.313s] Level 1:colcon.colcon_core.package_discovery:discover_packages(path) discover
[0.313s] Level 1:colcon.colcon_core.package_discovery:discover_packages(path) using defaults
[0.332s] Level 1:colcon.colcon_core.package_discovery:discover_packages(prefix_path) check parameters
[0.332s] Level 1:colcon.colcon_core.package_discovery:discover_packages(prefix_path) discover
[0.333s] DEBUG:colcon.colcon_installed_package_information.package_discovery:Found 3 installed packages in /home/m4rcos/Documents/rover/ext_ws/install
[0.334s] DEBUG:colcon.colcon_installed_package_information.package_discovery:Found 269 installed packages in /opt/ros/foxy
[0.335s] Level 1:colcon.colcon_core.package_discovery:discover_packages(prefix_path) using defaults
[0.379s] Level 5:colcon.colcon_core.verb:set package 'obj_msgs' build argument 'cmake_args' from command line to 'None'
[0.380s] Level 5:colcon.colcon_core.verb:set package 'obj_msgs' build argument 'cmake_target' from command line to 'None'
[0.380s] Level 5:colcon.colcon_core.verb:set package 'obj_msgs' build argument 'cmake_target_skip_unavailable' from command line to 'False'
[0.380s] Level 5:colcon.colcon_core.verb:set package 'obj_msgs' build argument 'cmake_clean_cache' from command line to 'False'
[0.380s] Level 5:colcon.colcon_core.verb:set package 'obj_msgs' build argument 'cmake_clean_first' from command line to 'False'
[0.380s] Level 5:colcon.colcon_core.verb:set package 'obj_msgs' build argument 'cmake_force_configure' from command line to 'False'
[0.380s] Level 5:colcon.colcon_core.verb:set package 'obj_msgs' build argument 'ament_cmake_args' from command line to 'None'
[0.380s] Level 5:colcon.colcon_core.verb:set package 'obj_msgs' build argument 'catkin_cmake_args' from command line to 'None'
[0.380s] Level 5:colcon.colcon_core.verb:set package 'obj_msgs' build argument 'catkin_skip_building_tests' from command line to 'False'
[0.380s] DEBUG:colcon.colcon_core.verb:Building package 'obj_msgs' with the following arguments: {'ament_cmake_args': None, 'build_base': '/home/m4rcos/Documents/rover/ext_ws/build/obj_msgs', 'catkin_cmake_args': None, 'catkin_skip_building_tests': False, 'cmake_args': None, 'cmake_clean_cache': False, 'cmake_clean_first': False, 'cmake_force_configure': False, 'cmake_target': None, 'cmake_target_skip_unavailable': False, 'install_base': '/home/m4rcos/Documents/rover/ext_ws/install/obj_msgs', 'merge_install': False, 'path': '/home/m4rcos/Documents/rover/ext_ws/src/obj_msgs', 'symlink_install': False, 'test_result_base': None}
[0.380s] Level 5:colcon.colcon_core.verb:set package 'yolo_detector' build argument 'cmake_args' from command line to 'None'
[0.380s] Level 5:colcon.colcon_core.verb:set package 'yolo_detector' build argument 'cmake_target' from command line to 'None'
[0.380s] Level 5:colcon.colcon_core.verb:set package 'yolo_detector' build argument 'cmake_target_skip_unavailable' from command line to 'False'
[0.380s] Level 5:colcon.colcon_core.verb:set package 'yolo_detector' build argument 'cmake_clean_cache' from command line to 'False'
[0.380s] Level 5:colcon.colcon_core.verb:set package 'yolo_detector' build argument 'cmake_clean_first' from command line to 'False'
[0.380s] Level 5:colcon.colcon_core.verb:set package 'yolo_detector' build argument 'cmake_force_configure' from command line to 'False'
[0.380s] Level 5:colcon.colcon_core.verb:set package 'yolo_detector' build argument 'ament_cmake_args' from command line to 'None'
[0.380s] Level 5:colcon.colcon_core.verb:set package 'yolo_detector' build argument 'catkin_cmake_args' from command line to 'None'
[0.380s] Level 5:colcon.colcon_core.verb:set package 'yolo_detector' build argument 'catkin_skip_building_tests' from command line to 'False'
[0.380s] DEBUG:colcon.colcon_core.verb:Building package 'yolo_detector' with the following arguments: {'ament_cmake_args': None, 'build_base': '/home/m4rcos/Documents/rover/ext_ws/build/yolo_detector', 'catkin_cmake_args': None, 'catkin_skip_building_tests': False, 'cmake_args': None, 'cmake_clean_cache': False, 'cmake_clean_first': False, 'cmake_force_configure': False, 'cmake_target': None, 'cmake_target_skip_unavailable': False, 'install_base': '/home/m4rcos/Documents/rover/ext_ws/install/yolo_detector', 'merge_install': False, 'path': '/home/m4rcos/Documents/rover/ext_ws/src/yolo_detector', 'symlink_install': False, 'test_result_base': None}
[0.380s] Level 5:colcon.colcon_core.verb:set package 'yolo_msgs' build argument 'cmake_args' from command line to 'None'
[0.380s] Level 5:colcon.colcon_core.verb:set package 'yolo_msgs' build argument 'cmake_target' from command line to 'None'
[0.380s] Level 5:colcon.colcon_core.verb:set package 'yolo_msgs' build argument 'cmake_target_skip_unavailable' from command line to 'False'
[0.380s] Level 5:colcon.colcon_core.verb:set package 'yolo_msgs' build argument 'cmake_clean_cache' from command line to 'False'
[0.380s] Level 5:colcon.colcon_core.verb:set package 'yolo_msgs' build argument 'cmake_clean_first' from command line to 'False'
[0.380s] Level 5:colcon.colcon_core.verb:set package 'yolo_msgs' build argument 'cmake_force_configure' from command line to 'False'
[0.380s] Level 5:colcon.colcon_core.verb:set package 'yolo_msgs' build argument 'ament_cmake_args' from command line to 'None'
[0.381s] Level 5:colcon.colcon_core.verb:set package 'yolo_msgs' build argument 'catkin_cmake_args' from command line to 'None'
[0.381s] Level 5:colcon.colcon_core.verb:set package 'yolo_msgs' build argument 'catkin_skip_building_tests' from command line to 'False'
[0.381s] DEBUG:colcon.colcon_core.verb:Building package 'yolo_msgs' with the following arguments: {'ament_cmake_args': None, 'build_base': '/home/m4rcos/Documents/rover/ext_ws/build/yolo_msgs', 'catkin_cmake_args': None, 'catkin_skip_building_tests': False, 'cmake_args': None, 'cmake_clean_cache': False, 'cmake_clean_first': False, 'cmake_force_configure': False, 'cmake_target': None, 'cmake_target_skip_unavailable': False, 'install_base': '/home/m4rcos/Documents/rover/ext_ws/install/yolo_msgs', 'merge_install': False, 'path': '/home/m4rcos/Documents/rover/ext_ws/src/yolo_msgs', 'symlink_install': False, 'test_result_base': None}
[0.381s] INFO:colcon.colcon_core.executor:Executing jobs using 'parallel' executor
[0.382s] DEBUG:colcon.colcon_parallel_executor.executor.parallel:run_until_complete
[0.382s] INFO:colcon.colcon_ros.task.ament_cmake.build:Building ROS package in '/home/m4rcos/Documents/rover/ext_ws/src/obj_msgs' with build type 'ament_cmake'
[0.382s] INFO:colcon.colcon_cmake.task.cmake.build:Building CMake package in '/home/m4rcos/Documents/rover/ext_ws/src/obj_msgs'
[0.383s] INFO:colcon.colcon_core.plugin_system:Skipping extension 'colcon_core.shell.bat': Not used on non-Windows systems
[0.383s] INFO:colcon.colcon_core.shell:Skip shell extension 'powershell' for command environment: Not usable outside of PowerShell
[0.383s] DEBUG:colcon.colcon_core.shell:Skip shell extension 'dsv' for command environment
[0.387s] INFO:colcon.colcon_ros.task.ament_cmake.build:Building ROS package in '/home/m4rcos/Documents/rover/ext_ws/src/yolo_detector' with build type 'ament_cmake'
[0.387s] INFO:colcon.colcon_cmake.task.cmake.build:Building CMake package in '/home/m4rcos/Documents/rover/ext_ws/src/yolo_detector'
[0.388s] INFO:colcon.colcon_core.shell:Skip shell extension 'powershell' for command environment: Not usable outside of PowerShell
[0.388s] DEBUG:colcon.colcon_core.shell:Skip shell extension 'dsv' for command environment
[0.390s] INFO:colcon.colcon_ros.task.ament_cmake.build:Building ROS package in '/home/m4rcos/Documents/rover/ext_ws/src/yolo_msgs' with build type 'ament_cmake'
[0.391s] INFO:colcon.colcon_cmake.task.cmake.build:Building CMake package in '/home/m4rcos/Documents/rover/ext_ws/src/yolo_msgs'
[0.391s] INFO:colcon.colcon_core.shell:Skip shell extension 'powershell' for command environment: Not usable outside of PowerShell
[0.391s] DEBUG:colcon.colcon_core.shell:Skip shell extension 'dsv' for command environment
[0.399s] DEBUG:colcon.colcon_core.event_handler.log_command:Invoking command in '/home/m4rcos/Documents/rover/ext_ws/build/obj_msgs': CMAKE_PREFIX_PATH=${CMAKE_PREFIX_PATH}:/opt/ros/foxy /usr/bin/cmake --build /home/m4rcos/Documents/rover/ext_ws/build/obj_msgs -- -j12 -l12
[0.402s] DEBUG:colcon.colcon_core.event_handler.log_command:Invoking command in '/home/m4rcos/Documents/rover/ext_ws/build/yolo_detector': CMAKE_PREFIX_PATH=${CMAKE_PREFIX_PATH}:/opt/ros/foxy /usr/bin/cmake --build /home/m4rcos/Documents/rover/ext_ws/build/yolo_detector -- -j12 -l12
[0.406s] DEBUG:colcon.colcon_core.event_handler.log_command:Invoking command in '/home/m4rcos/Documents/rover/ext_ws/build/yolo_msgs': CMAKE_PREFIX_PATH=${CMAKE_PREFIX_PATH}:/opt/ros/foxy /usr/bin/cmake --build /home/m4rcos/Documents/rover/ext_ws/build/yolo_msgs -- -j12 -l12
[0.429s] DEBUG:colcon.colcon_core.event_handler.log_command:Invoked command in '/home/m4rcos/Documents/rover/ext_ws/build/yolo_detector' returned '0': CMAKE_PREFIX_PATH=${CMAKE_PREFIX_PATH}:/opt/ros/foxy /usr/bin/cmake --build /home/m4rcos/Documents/rover/ext_ws/build/yolo_detector -- -j12 -l12
[0.454s] DEBUG:colcon.colcon_core.event_handler.log_command:Invoking command in '/home/m4rcos/Documents/rover/ext_ws/build/yolo_detector': CMAKE_PREFIX_PATH=${CMAKE_PREFIX_PATH}:/opt/ros/foxy /usr/bin/cmake --install /home/m4rcos/Documents/rover/ext_ws/build/yolo_detector
[0.461s] Level 1:colcon.colcon_core.environment:create_environment_scripts_only(yolo_detector)
[0.461s] DEBUG:colcon.colcon_core.event_handler.log_command:Invoked command in '/home/m4rcos/Documents/rover/ext_ws/build/yolo_detector' returned '0': CMAKE_PREFIX_PATH=${CMAKE_PREFIX_PATH}:/opt/ros/foxy /usr/bin/cmake --install /home/m4rcos/Documents/rover/ext_ws/build/yolo_detector
[0.463s] Level 1:colcon.colcon_core.environment:checking '/home/m4rcos/Documents/rover/ext_ws/install/yolo_detector' for CMake module files
[0.464s] Level 1:colcon.colcon_core.environment:checking '/home/m4rcos/Documents/rover/ext_ws/install/yolo_detector' for CMake config files
[0.464s] Level 1:colcon.colcon_core.shell:create_environment_hook('yolo_detector', 'cmake_prefix_path')
[0.464s] INFO:colcon.colcon_core.shell:Creating environment hook '/home/m4rcos/Documents/rover/ext_ws/install/yolo_detector/share/yolo_detector/hook/cmake_prefix_path.ps1'
[0.464s] INFO:colcon.colcon_core.shell:Creating environment descriptor '/home/m4rcos/Documents/rover/ext_ws/install/yolo_detector/share/yolo_detector/hook/cmake_prefix_path.dsv'
[0.465s] INFO:colcon.colcon_core.shell:Creating environment hook '/home/m4rcos/Documents/rover/ext_ws/install/yolo_detector/share/yolo_detector/hook/cmake_prefix_path.sh'
[0.466s] Level 1:colcon.colcon_core.environment:checking '/home/m4rcos/Documents/rover/ext_ws/install/yolo_detector/bin'
[0.466s] Level 1:colcon.colcon_core.environment:checking '/home/m4rcos/Documents/rover/ext_ws/install/yolo_detector/lib/pkgconfig/yolo_detector.pc'
[0.466s] Level 1:colcon.colcon_core.environment:checking '/home/m4rcos/Documents/rover/ext_ws/install/yolo_detector/lib/python3.8/site-packages'
[0.466s] Level 1:colcon.colcon_core.environment:checking '/home/m4rcos/Documents/rover/ext_ws/install/yolo_detector/bin'
[0.466s] INFO:colcon.colcon_core.shell:Creating package script '/home/m4rcos/Documents/rover/ext_ws/install/yolo_detector/share/yolo_detector/package.ps1'
[0.467s] INFO:colcon.colcon_core.shell:Creating package descriptor '/home/m4rcos/Documents/rover/ext_ws/install/yolo_detector/share/yolo_detector/package.dsv'
[0.467s] INFO:colcon.colcon_core.shell:Creating package script '/home/m4rcos/Documents/rover/ext_ws/install/yolo_detector/share/yolo_detector/package.sh'
[0.467s] INFO:colcon.colcon_core.shell:Creating package script '/home/m4rcos/Documents/rover/ext_ws/install/yolo_detector/share/yolo_detector/package.bash'
[0.468s] INFO:colcon.colcon_core.shell:Creating package script '/home/m4rcos/Documents/rover/ext_ws/install/yolo_detector/share/yolo_detector/package.zsh'
[0.468s] Level 1:colcon.colcon_core.environment:create_file_with_runtime_dependencies(/home/m4rcos/Documents/rover/ext_ws/install/yolo_detector/share/colcon-core/packages/yolo_detector)
[0.483s] Level 1:colcon.colcon_core.environment:create_environment_scripts_only(yolo_detector)
[0.483s] Level 1:colcon.colcon_core.environment:checking '/home/m4rcos/Documents/rover/ext_ws/install/yolo_detector' for CMake module files
[0.484s] Level 1:colcon.colcon_core.environment:checking '/home/m4rcos/Documents/rover/ext_ws/install/yolo_detector' for CMake config files
[0.484s] Level 1:colcon.colcon_core.shell:create_environment_hook('yolo_detector', 'cmake_prefix_path')
[0.484s] INFO:colcon.colcon_core.shell:Creating environment hook '/home/m4rcos/Documents/rover/ext_ws/install/yolo_detector/share/yolo_detector/hook/cmake_prefix_path.ps1'
[0.484s] INFO:colcon.colcon_core.shell:Creating environment descriptor '/home/m4rcos/Documents/rover/ext_ws/install/yolo_detector/share/yolo_detector/hook/cmake_prefix_path.dsv'
[0.485s] INFO:colcon.colcon_core.shell:Creating environment hook '/home/m4rcos/Documents/rover/ext_ws/install/yolo_detector/share/yolo_detector/hook/cmake_prefix_path.sh'
[0.485s] Level 1:colcon.colcon_core.environment:checking '/home/m4rcos/Documents/rover/ext_ws/install/yolo_detector/bin'
[0.485s] Level 1:colcon.colcon_core.environment:checking '/home/m4rcos/Documents/rover/ext_ws/install/yolo_detector/lib/pkgconfig/yolo_detector.pc'
[0.485s] Level 1:colcon.colcon_core.environment:checking '/home/m4rcos/Documents/rover/ext_ws/install/yolo_detector/lib/python3.8/site-packages'
[0.485s] Level 1:colcon.colcon_core.environment:checking '/home/m4rcos/Documents/rover/ext_ws/install/yolo_detector/bin'
[0.486s] INFO:colcon.colcon_core.shell:Creating package script '/home/m4rcos/Documents/rover/ext_ws/install/yolo_detector/share/yolo_detector/package.ps1'
[0.486s] INFO:colcon.colcon_core.shell:Creating package descriptor '/home/m4rcos/Documents/rover/ext_ws/install/yolo_detector/share/yolo_detector/package.dsv'
[0.486s] INFO:colcon.colcon_core.shell:Creating package script '/home/m4rcos/Documents/rover/ext_ws/install/yolo_detector/share/yolo_detector/package.sh'
[0.487s] INFO:colcon.colcon_core.shell:Creating package script '/home/m4rcos/Documents/rover/ext_ws/install/yolo_detector/share/yolo_detector/package.bash'
[0.487s] INFO:colcon.colcon_core.shell:Creating package script '/home/m4rcos/Documents/rover/ext_ws/install/yolo_detector/share/yolo_detector/package.zsh'
[0.487s] Level 1:colcon.colcon_core.environment:create_file_with_runtime_dependencies(/home/m4rcos/Documents/rover/ext_ws/install/yolo_detector/share/colcon-core/packages/yolo_detector)
[0.559s] DEBUG:colcon.colcon_core.event_handler.log_command:Invoked command in '/home/m4rcos/Documents/rover/ext_ws/build/yolo_msgs' returned '0': CMAKE_PREFIX_PATH=${CMAKE_PREFIX_PATH}:/opt/ros/foxy /usr/bin/cmake --build /home/m4rcos/Documents/rover/ext_ws/build/yolo_msgs -- -j12 -l12
[0.593s] DEBUG:colcon.colcon_core.event_handler.log_command:Invoking command in '/home/m4rcos/Documents/rover/ext_ws/build/yolo_msgs': CMAKE_PREFIX_PATH=${CMAKE_PREFIX_PATH}:/opt/ros/foxy /usr/bin/cmake --install /home/m4rcos/Documents/rover/ext_ws/build/yolo_msgs
[0.634s] Level 1:colcon.colcon_core.environment:create_environment_scripts_only(yolo_msgs)
[0.634s] Level 1:colcon.colcon_core.environment:checking '/home/m4rcos/Documents/rover/ext_ws/install/yolo_msgs' for CMake module files
[0.635s] DEBUG:colcon.colcon_core.event_handler.log_command:Invoked command in '/home/m4rcos/Documents/rover/ext_ws/build/yolo_msgs' returned '0': CMAKE_PREFIX_PATH=${CMAKE_PREFIX_PATH}:/opt/ros/foxy /usr/bin/cmake --install /home/m4rcos/Documents/rover/ext_ws/build/yolo_msgs
[0.635s] Level 1:colcon.colcon_core.environment:checking '/home/m4rcos/Documents/rover/ext_ws/install/yolo_msgs' for CMake config files
[0.635s] Level 1:colcon.colcon_core.shell:create_environment_hook('yolo_msgs', 'cmake_prefix_path')
[0.635s] INFO:colcon.colcon_core.shell:Creating environment hook '/home/m4rcos/Documents/rover/ext_ws/install/yolo_msgs/share/yolo_msgs/hook/cmake_prefix_path.ps1'
[0.636s] INFO:colcon.colcon_core.shell:Creating environment descriptor '/home/m4rcos/Documents/rover/ext_ws/install/yolo_msgs/share/yolo_msgs/hook/cmake_prefix_path.dsv'
[0.636s] INFO:colcon.colcon_core.shell:Creating environment hook '/home/m4rcos/Documents/rover/ext_ws/install/yolo_msgs/share/yolo_msgs/hook/cmake_prefix_path.sh'
[0.637s] Level 1:colcon.colcon_core.environment:checking '/home/m4rcos/Documents/rover/ext_ws/install/yolo_msgs/lib'
[0.637s] Level 1:colcon.colcon_core.shell:create_environment_hook('yolo_msgs', 'ld_library_path_lib')
[0.637s] INFO:colcon.colcon_core.shell:Creating environment hook '/home/m4rcos/Documents/rover/ext_ws/install/yolo_msgs/share/yolo_msgs/hook/ld_library_path_lib.ps1'
[0.637s] INFO:colcon.colcon_core.shell:Creating environment descriptor '/home/m4rcos/Documents/rover/ext_ws/install/yolo_msgs/share/yolo_msgs/hook/ld_library_path_lib.dsv'
[0.638s] INFO:colcon.colcon_core.shell:Creating environment hook '/home/m4rcos/Documents/rover/ext_ws/install/yolo_msgs/share/yolo_msgs/hook/ld_library_path_lib.sh'
[0.638s] Level 1:colcon.colcon_core.environment:checking '/home/m4rcos/Documents/rover/ext_ws/install/yolo_msgs/bin'
[0.638s] Level 1:colcon.colcon_core.environment:checking '/home/m4rcos/Documents/rover/ext_ws/install/yolo_msgs/lib/pkgconfig/yolo_msgs.pc'
[0.638s] Level 1:colcon.colcon_core.environment:checking '/home/m4rcos/Documents/rover/ext_ws/install/yolo_msgs/lib/python3.8/site-packages'
[0.638s] Level 1:colcon.colcon_core.shell:create_environment_hook('yolo_msgs', 'pythonpath')
[0.639s] INFO:colcon.colcon_core.shell:Creating environment hook '/home/m4rcos/Documents/rover/ext_ws/install/yolo_msgs/share/yolo_msgs/hook/pythonpath.ps1'
[0.639s] INFO:colcon.colcon_core.shell:Creating environment descriptor '/home/m4rcos/Documents/rover/ext_ws/install/yolo_msgs/share/yolo_msgs/hook/pythonpath.dsv'
[0.639s] INFO:colcon.colcon_core.shell:Creating environment hook '/home/m4rcos/Documents/rover/ext_ws/install/yolo_msgs/share/yolo_msgs/hook/pythonpath.sh'
[0.640s] Level 1:colcon.colcon_core.environment:checking '/home/m4rcos/Documents/rover/ext_ws/install/yolo_msgs/bin'
[0.640s] INFO:colcon.colcon_core.shell:Creating package script '/home/m4rcos/Documents/rover/ext_ws/install/yolo_msgs/share/yolo_msgs/package.ps1'
[0.641s] INFO:colcon.colcon_core.shell:Creating package descriptor '/home/m4rcos/Documents/rover/ext_ws/install/yolo_msgs/share/yolo_msgs/package.dsv'
[0.641s] INFO:colcon.colcon_core.shell:Creating package script '/home/m4rcos/Documents/rover/ext_ws/install/yolo_msgs/share/yolo_msgs/package.sh'
[0.641s] INFO:colcon.colcon_core.shell:Creating package script '/home/m4rcos/Documents/rover/ext_ws/install/yolo_msgs/share/yolo_msgs/package.bash'
[0.642s] INFO:colcon.colcon_core.shell:Creating package script '/home/m4rcos/Documents/rover/ext_ws/install/yolo_msgs/share/yolo_msgs/package.zsh'
[0.642s] Level 1:colcon.colcon_core.environment:create_file_with_runtime_dependencies(/home/m4rcos/Documents/rover/ext_ws/install/yolo_msgs/share/colcon-core/packages/yolo_msgs)
[0.677s] Level 1:colcon.colcon_core.environment:create_environment_scripts_only(yolo_msgs)
[0.677s] Level 1:colcon.colcon_core.environment:checking '/home/m4rcos/Documents/rover/ext_ws/install/yolo_msgs' for CMake module files
[0.677s] Level 1:colcon.colcon_core.environment:checking '/home/m4rcos/Documents/rover/ext_ws/install/yolo_msgs' for CMake config files
[0.678s] Level 1:colcon.colcon_core.shell:create_environment_hook('yolo_msgs', 'cmake_prefix_path')
[0.678s] INFO:colcon.colcon_core.shell:Creating environment hook '/home/m4rcos/Documents/rover/ext_ws/install/yolo_msgs/share/yolo_msgs/hook/cmake_prefix_path.ps1'
[0.678s] INFO:colcon.colcon_core.shell:Creating environment descriptor '/home/m4rcos/Documents/rover/ext_ws/install/yolo_msgs/share/yolo_msgs/hook/cmake_prefix_path.dsv'
[0.679s] INFO:colcon.colcon_core.shell:Creating environment hook '/home/m4rcos/Documents/rover/ext_ws/install/yolo_msgs/share/yolo_msgs/hook/cmake_prefix_path.sh'
[0.679s] Level 1:colcon.colcon_core.environment:checking '/home/m4rcos/Documents/rover/ext_ws/install/yolo_msgs/lib'
[0.679s] Level 1:colcon.colcon_core.shell:create_environment_hook('yolo_msgs', 'ld_library_path_lib')
[0.679s] INFO:colcon.colcon_core.shell:Creating environment hook '/home/m4rcos/Documents/rover/ext_ws/install/yolo_msgs/share/yolo_msgs/hook/ld_library_path_lib.ps1'
[0.680s] INFO:colcon.colcon_core.shell:Creating environment descriptor '/home/m4rcos/Documents/rover/ext_ws/install/yolo_msgs/share/yolo_msgs/hook/ld_library_path_lib.dsv'
[0.680s] INFO:colcon.colcon_core.shell:Creating environment hook '/home/m4rcos/Documents/rover/ext_ws/install/yolo_msgs/share/yolo_msgs/hook/ld_library_path_lib.sh'
[0.680s] Level 1:colcon.colcon_core.environment:checking '/home/m4rcos/Documents/rover/ext_ws/install/yolo_msgs/bin'
[0.680s] Level 1:colcon.colcon_core.environment:checking '/home/m4rcos/Documents/rover/ext_ws/install/yolo_msgs/lib/pkgconfig/yolo_msgs.pc'
[0.681s] Level 1:colcon.colcon_core.environment:checking '/home/m4rcos/Documents/rover/ext_ws/install/yolo_msgs/lib/python3.8/site-packages'
[0.681s] Level 1:colcon.colcon_core.shell:create_environment_hook('yolo_msgs', 'pythonpath')
[0.681s] INFO:colcon.colcon_core.shell:Creating environment hook '/home/m4rcos/Documents/rover/ext_ws/install/yolo_msgs/share/yolo_msgs/hook/pythonpath.ps1'
[0.681s] INFO:colcon.colcon_core.shell:Creating environment descriptor '/home/m4rcos/Documents/rover/ext_ws/install/yolo_msgs/share/yolo_msgs/hook/pythonpath.dsv'
[0.681s] INFO:colcon.colcon_core.shell:Creating environment hook '/home/m4rcos/Documents/rover/ext_ws/install/yolo_msgs/share/yolo_msgs/hook/pythonpath.sh'
[0.682s] Level 1:colcon.colcon_core.environment:checking '/home/m4rcos/Documents/rover/ext_ws/install/yolo_msgs/bin'
[0.682s] INFO:colcon.colcon_core.shell:Creating package script '/home/m4rcos/Documents/rover/ext_ws/install/yolo_msgs/share/yolo_msgs/package.ps1'
[0.683s] INFO:colcon.colcon_core.shell:Creating package descriptor '/home/m4rcos/Documents/rover/ext_ws/install/yolo_msgs/share/yolo_msgs/package.dsv'
[0.683s] INFO:colcon.colcon_core.shell:Creating package script '/home/m4rcos/Documents/rover/ext_ws/install/yolo_msgs/share/yolo_msgs/package.sh'
[0.684s] INFO:colcon.colcon_core.shell:Creating package script '/home/m4rcos/Documents/rover/ext_ws/install/yolo_msgs/share/yolo_msgs/package.bash'
[0.684s] INFO:colcon.colcon_core.shell:Creating package script '/home/m4rcos/Documents/rover/ext_ws/install/yolo_msgs/share/yolo_msgs/package.zsh'
[0.684s] Level 1:colcon.colcon_core.environment:create_file_with_runtime_dependencies(/home/m4rcos/Documents/rover/ext_ws/install/yolo_msgs/share/colcon-core/packages/yolo_msgs)
[1.181s] DEBUG:colcon.colcon_core.event_handler.log_command:Invoked command in '/home/m4rcos/Documents/rover/ext_ws/build/obj_msgs' returned '0': CMAKE_PREFIX_PATH=${CMAKE_PREFIX_PATH}:/opt/ros/foxy /usr/bin/cmake --build /home/m4rcos/Documents/rover/ext_ws/build/obj_msgs -- -j12 -l12
[1.238s] DEBUG:colcon.colcon_core.event_handler.log_command:Invoking command in '/home/m4rcos/Documents/rover/ext_ws/build/obj_msgs': CMAKE_PREFIX_PATH=${CMAKE_PREFIX_PATH}:/opt/ros/foxy /usr/bin/cmake --install /home/m4rcos/Documents/rover/ext_ws/build/obj_msgs
[1.283s] Level 1:colcon.colcon_core.environment:create_environment_scripts_only(obj_msgs)
[1.284s] Level 1:colcon.colcon_core.environment:checking '/home/m4rcos/Documents/rover/ext_ws/install/obj_msgs' for CMake module files
[1.284s] DEBUG:colcon.colcon_core.event_handler.log_command:Invoked command in '/home/m4rcos/Documents/rover/ext_ws/build/obj_msgs' returned '0': CMAKE_PREFIX_PATH=${CMAKE_PREFIX_PATH}:/opt/ros/foxy /usr/bin/cmake --install /home/m4rcos/Documents/rover/ext_ws/build/obj_msgs
[1.285s] Level 1:colcon.colcon_core.environment:checking '/home/m4rcos/Documents/rover/ext_ws/install/obj_msgs' for CMake config files
[1.285s] Level 1:colcon.colcon_core.shell:create_environment_hook('obj_msgs', 'cmake_prefix_path')
[1.285s] INFO:colcon.colcon_core.shell:Creating environment hook '/home/m4rcos/Documents/rover/ext_ws/install/obj_msgs/share/obj_msgs/hook/cmake_prefix_path.ps1'
[1.286s] INFO:colcon.colcon_core.shell:Creating environment descriptor '/home/m4rcos/Documents/rover/ext_ws/install/obj_msgs/share/obj_msgs/hook/cmake_prefix_path.dsv'
[1.286s] INFO:colcon.colcon_core.shell:Creating environment hook '/home/m4rcos/Documents/rover/ext_ws/install/obj_msgs/share/obj_msgs/hook/cmake_prefix_path.sh'
[1.286s] Level 1:colcon.colcon_core.environment:checking '/home/m4rcos/Documents/rover/ext_ws/install/obj_msgs/lib'
[1.286s] Level 1:colcon.colcon_core.shell:create_environment_hook('obj_msgs', 'ld_library_path_lib')
[1.287s] INFO:colcon.colcon_core.shell:Creating environment hook '/home/m4rcos/Documents/rover/ext_ws/install/obj_msgs/share/obj_msgs/hook/ld_library_path_lib.ps1'
[1.287s] INFO:colcon.colcon_core.shell:Creating environment descriptor '/home/m4rcos/Documents/rover/ext_ws/install/obj_msgs/share/obj_msgs/hook/ld_library_path_lib.dsv'
[1.287s] INFO:colcon.colcon_core.shell:Creating environment hook '/home/m4rcos/Documents/rover/ext_ws/install/obj_msgs/share/obj_msgs/hook/ld_library_path_lib.sh'
[1.287s] Level 1:colcon.colcon_core.environment:checking '/home/m4rcos/Documents/rover/ext_ws/install/obj_msgs/bin'
[1.287s] Level 1:colcon.colcon_core.environment:checking '/home/m4rcos/Documents/rover/ext_ws/install/obj_msgs/lib/pkgconfig/obj_msgs.pc'
[1.288s] Level 1:colcon.colcon_core.environment:checking '/home/m4rcos/Documents/rover/ext_ws/install/obj_msgs/lib/python3.8/site-packages'
[1.288s] Level 1:colcon.colcon_core.shell:create_environment_hook('obj_msgs', 'pythonpath')
[1.288s] INFO:colcon.colcon_core.shell:Creating environment hook '/home/m4rcos/Documents/rover/ext_ws/install/obj_msgs/share/obj_msgs/hook/pythonpath.ps1'
[1.288s] INFO:colcon.colcon_core.shell:Creating environment descriptor '/home/m4rcos/Documents/rover/ext_ws/install/obj_msgs/share/obj_msgs/hook/pythonpath.dsv'
[1.288s] INFO:colcon.colcon_core.shell:Creating environment hook '/home/m4rcos/Documents/rover/ext_ws/install/obj_msgs/share/obj_msgs/hook/pythonpath.sh'
[1.289s] Level 1:colcon.colcon_core.environment:checking '/home/m4rcos/Documents/rover/ext_ws/install/obj_msgs/bin'
[1.289s] INFO:colcon.colcon_core.shell:Creating package script '/home/m4rcos/Documents/rover/ext_ws/install/obj_msgs/share/obj_msgs/package.ps1'
[1.290s] INFO:colcon.colcon_core.shell:Creating package descriptor '/home/m4rcos/Documents/rover/ext_ws/install/obj_msgs/share/obj_msgs/package.dsv'
[1.290s] INFO:colcon.colcon_core.shell:Creating package script '/home/m4rcos/Documents/rover/ext_ws/install/obj_msgs/share/obj_msgs/package.sh'
[1.290s] INFO:colcon.colcon_core.shell:Creating package script '/home/m4rcos/Documents/rover/ext_ws/install/obj_msgs/share/obj_msgs/package.bash'
[1.291s] INFO:colcon.colcon_core.shell:Creating package script '/home/m4rcos/Documents/rover/ext_ws/install/obj_msgs/share/obj_msgs/package.zsh'
[1.291s] Level 1:colcon.colcon_core.environment:create_file_with_runtime_dependencies(/home/m4rcos/Documents/rover/ext_ws/install/obj_msgs/share/colcon-core/packages/obj_msgs)
[1.324s] Level 1:colcon.colcon_core.environment:create_environment_scripts_only(obj_msgs)
[1.325s] Level 1:colcon.colcon_core.environment:checking '/home/m4rcos/Documents/rover/ext_ws/install/obj_msgs' for CMake module files
[1.326s] Level 1:colcon.colcon_core.environment:checking '/home/m4rcos/Documents/rover/ext_ws/install/obj_msgs' for CMake config files
[1.326s] Level 1:colcon.colcon_core.shell:create_environment_hook('obj_msgs', 'cmake_prefix_path')
[1.327s] INFO:colcon.colcon_core.shell:Creating environment hook '/home/m4rcos/Documents/rover/ext_ws/install/obj_msgs/share/obj_msgs/hook/cmake_prefix_path.ps1'
[1.328s] INFO:colcon.colcon_core.shell:Creating environment descriptor '/home/m4rcos/Documents/rover/ext_ws/install/obj_msgs/share/obj_msgs/hook/cmake_prefix_path.dsv'
[1.329s] INFO:colcon.colcon_core.shell:Creating environment hook '/home/m4rcos/Documents/rover/ext_ws/install/obj_msgs/share/obj_msgs/hook/cmake_prefix_path.sh'
[1.330s] Level 1:colcon.colcon_core.environment:checking '/home/m4rcos/Documents/rover/ext_ws/install/obj_msgs/lib'
[1.330s] Level 1:colcon.colcon_core.shell:create_environment_hook('obj_msgs', 'ld_library_path_lib')
[1.331s] INFO:colcon.colcon_core.shell:Creating environment hook '/home/m4rcos/Documents/rover/ext_ws/install/obj_msgs/share/obj_msgs/hook/ld_library_path_lib.ps1'
[1.332s] INFO:colcon.colcon_core.shell:Creating environment descriptor '/home/m4rcos/Documents/rover/ext_ws/install/obj_msgs/share/obj_msgs/hook/ld_library_path_lib.dsv'
[1.332s] INFO:colcon.colcon_core.shell:Creating environment hook '/home/m4rcos/Documents/rover/ext_ws/install/obj_msgs/share/obj_msgs/hook/ld_library_path_lib.sh'
[1.333s] Level 1:colcon.colcon_core.environment:checking '/home/m4rcos/Documents/rover/ext_ws/install/obj_msgs/bin'
[1.333s] Level 1:colcon.colcon_core.environment:checking '/home/m4rcos/Documents/rover/ext_ws/install/obj_msgs/lib/pkgconfig/obj_msgs.pc'
[1.333s] Level 1:colcon.colcon_core.environment:checking '/home/m4rcos/Documents/rover/ext_ws/install/obj_msgs/lib/python3.8/site-packages'
[1.333s] Level 1:colcon.colcon_core.shell:create_environment_hook('obj_msgs', 'pythonpath')
[1.334s] INFO:colcon.colcon_core.shell:Creating environment hook '/home/m4rcos/Documents/rover/ext_ws/install/obj_msgs/share/obj_msgs/hook/pythonpath.ps1'
[1.334s] INFO:colcon.colcon_core.shell:Creating environment descriptor '/home/m4rcos/Documents/rover/ext_ws/install/obj_msgs/share/obj_msgs/hook/pythonpath.dsv'
[1.334s] INFO:colcon.colcon_core.shell:Creating environment hook '/home/m4rcos/Documents/rover/ext_ws/install/obj_msgs/share/obj_msgs/hook/pythonpath.sh'
[1.334s] Level 1:colcon.colcon_core.environment:checking '/home/m4rcos/Documents/rover/ext_ws/install/obj_msgs/bin'
[1.335s] INFO:colcon.colcon_core.shell:Creating package script '/home/m4rcos/Documents/rover/ext_ws/install/obj_msgs/share/obj_msgs/package.ps1'
[1.335s] INFO:colcon.colcon_core.shell:Creating package descriptor '/home/m4rcos/Documents/rover/ext_ws/install/obj_msgs/share/obj_msgs/package.dsv'
[1.335s] INFO:colcon.colcon_core.shell:Creating package script '/home/m4rcos/Documents/rover/ext_ws/install/obj_msgs/share/obj_msgs/package.sh'
[1.336s] INFO:colcon.colcon_core.shell:Creating package script '/home/m4rcos/Documents/rover/ext_ws/install/obj_msgs/share/obj_msgs/package.bash'
[1.336s] INFO:colcon.colcon_core.shell:Creating package script '/home/m4rcos/Documents/rover/ext_ws/install/obj_msgs/share/obj_msgs/package.zsh'
[1.336s] Level 1:colcon.colcon_core.environment:create_file_with_runtime_dependencies(/home/m4rcos/Documents/rover/ext_ws/install/obj_msgs/share/colcon-core/packages/obj_msgs)
[1.336s] DEBUG:colcon.colcon_parallel_executor.executor.parallel:closing loop
[1.337s] DEBUG:colcon.colcon_parallel_executor.executor.parallel:loop closed
[1.337s] DEBUG:colcon.colcon_parallel_executor.executor.parallel:run_until_complete finished with '0'
[1.337s] DEBUG:colcon.colcon_core.event_reactor:joining thread
[1.344s] INFO:colcon.colcon_core.plugin_system:Skipping extension 'colcon_notification.desktop_notification.terminal_notifier': Not used on non-Darwin systems
[1.344s] INFO:colcon.colcon_core.plugin_system:Skipping extension 'colcon_notification.desktop_notification.win32': Not used on non-Windows systems
[1.344s] INFO:colcon.colcon_notification.desktop_notification:Sending desktop notification using 'notify2'
[1.354s] DEBUG:colcon.colcon_core.event_reactor:joined thread
[1.354s] INFO:colcon.colcon_core.shell:Creating prefix script '/home/m4rcos/Documents/rover/ext_ws/install/local_setup.ps1'
[1.355s] INFO:colcon.colcon_core.shell:Creating prefix util module '/home/m4rcos/Documents/rover/ext_ws/install/_local_setup_util_ps1.py'
[1.356s] INFO:colcon.colcon_core.shell:Creating prefix chain script '/home/m4rcos/Documents/rover/ext_ws/install/setup.ps1'
[1.357s] INFO:colcon.colcon_core.shell:Creating prefix script '/home/m4rcos/Documents/rover/ext_ws/install/local_setup.sh'
[1.357s] INFO:colcon.colcon_core.shell:Creating prefix util module '/home/m4rcos/Documents/rover/ext_ws/install/_local_setup_util_sh.py'
[1.358s] INFO:colcon.colcon_core.shell:Creating prefix chain script '/home/m4rcos/Documents/rover/ext_ws/install/setup.sh'
[1.359s] INFO:colcon.colcon_core.shell:Creating prefix script '/home/m4rcos/Documents/rover/ext_ws/install/local_setup.bash'
[1.360s] INFO:colcon.colcon_core.shell:Creating prefix chain script '/home/m4rcos/Documents/rover/ext_ws/install/setup.bash'
[1.361s] INFO:colcon.colcon_core.shell:Creating prefix script '/home/m4rcos/Documents/rover/ext_ws/install/local_setup.zsh'
[1.361s] INFO:colcon.colcon_core.shell:Creating prefix chain script '/home/m4rcos/Documents/rover/ext_ws/install/setup.zsh'
