[0.020s] Invoking command in '/home/m4rcos/Documents/rover/ext_ws/build/obj_msgs': CMAKE_PREFIX_PATH=${CMAKE_PREFIX_PATH}:/opt/ros/foxy /usr/bin/cmake --build /home/m4rcos/Documents/rover/ext_ws/build/obj_msgs -- -j12 -l12
[0.174s] [  3%] Built target obj_msgs__cpp
[0.174s] [ 12%] Built target obj_msgs__rosidl_generator_c
[0.196s] [ 22%] Built target obj_msgs__rosidl_typesupport_cpp
[0.197s] [ 32%] Built target obj_msgs__rosidl_typesupport_c
[0.197s] [ 41%] Built target obj_msgs__rosidl_typesupport_introspection_c
[0.197s] [ 51%] Built target obj_msgs__rosidl_typesupport_introspection_cpp
[0.231s] [ 61%] Built target obj_msgs__rosidl_typesupport_fastrtps_cpp
[0.260s] [ 70%] Built target obj_msgs__rosidl_typesupport_fastrtps_c
[0.280s] [ 70%] Built target obj_msgs
[0.295s] [ 74%] Built target obj_msgs__py
[0.379s] [ 80%] Built target obj_msgs__python
[0.396s] [100%] Built target obj_msgs__rosidl_typesupport_c__pyext
[0.397s] [100%] Built target obj_msgs__rosidl_typesupport_introspection_c__pyext
[0.397s] [100%] Built target obj_msgs__rosidl_typesupport_fastrtps_c__pyext
[0.405s] Invoked command in '/home/m4rcos/Documents/rover/ext_ws/build/obj_msgs' returned '0': CMAKE_PREFIX_PATH=${CMAKE_PREFIX_PATH}:/opt/ros/foxy /usr/bin/cmake --build /home/m4rcos/Documents/rover/ext_ws/build/obj_msgs -- -j12 -l12
[0.442s] Invoking command in '/home/m4rcos/Documents/rover/ext_ws/build/obj_msgs': CMAKE_PREFIX_PATH=${CMAKE_PREFIX_PATH}:/opt/ros/foxy /usr/bin/cmake --install /home/m4rcos/Documents/rover/ext_ws/build/obj_msgs
[0.450s] -- Install configuration: ""
[0.450s] -- Up-to-date: /home/m4rcos/Documents/rover/ext_ws/install/obj_msgs/share/ament_index/resource_index/rosidl_interfaces/obj_msgs
[0.450s] -- Up-to-date: /home/m4rcos/Documents/rover/ext_ws/install/obj_msgs/include/obj_msgs
[0.450s] -- Up-to-date: /home/m4rcos/Documents/rover/ext_ws/install/obj_msgs/include/obj_msgs/msg
[0.450s] -- Up-to-date: /home/m4rcos/Documents/rover/ext_ws/install/obj_msgs/include/obj_msgs/msg/detail
[0.450s] -- Up-to-date: /home/m4rcos/Documents/rover/ext_ws/install/obj_msgs/include/obj_msgs/msg/detail/object_msg__type_support.h
[0.450s] -- Up-to-date: /home/m4rcos/Documents/rover/ext_ws/install/obj_msgs/include/obj_msgs/msg/detail/object_msg__struct.h
[0.450s] -- Up-to-date: /home/m4rcos/Documents/rover/ext_ws/install/obj_msgs/include/obj_msgs/msg/detail/object_msg__functions.c
[0.450s] -- Up-to-date: /home/m4rcos/Documents/rover/ext_ws/install/obj_msgs/include/obj_msgs/msg/detail/object_msg__functions.h
[0.450s] -- Up-to-date: /home/m4rcos/Documents/rover/ext_ws/install/obj_msgs/include/obj_msgs/msg/rosidl_generator_c__visibility_control.h
[0.450s] -- Up-to-date: /home/m4rcos/Documents/rover/ext_ws/install/obj_msgs/include/obj_msgs/msg/object_msg.h
[0.450s] -- Up-to-date: /home/m4rcos/Documents/rover/ext_ws/install/obj_msgs/share/obj_msgs/environment/library_path.sh
[0.450s] -- Up-to-date: /home/m4rcos/Documents/rover/ext_ws/install/obj_msgs/share/obj_msgs/environment/library_path.dsv
[0.450s] -- Up-to-date: /home/m4rcos/Documents/rover/ext_ws/install/obj_msgs/lib/libobj_msgs__rosidl_generator_c.so
[0.451s] -- Up-to-date: /home/m4rcos/Documents/rover/ext_ws/install/obj_msgs/include/obj_msgs
[0.451s] -- Up-to-date: /home/m4rcos/Documents/rover/ext_ws/install/obj_msgs/include/obj_msgs/msg
[0.451s] -- Up-to-date: /home/m4rcos/Documents/rover/ext_ws/install/obj_msgs/include/obj_msgs/msg/detail
[0.451s] -- Up-to-date: /home/m4rcos/Documents/rover/ext_ws/install/obj_msgs/include/obj_msgs/msg/detail/object_msg__rosidl_typesupport_fastrtps_c.h
[0.451s] -- Up-to-date: /home/m4rcos/Documents/rover/ext_ws/install/obj_msgs/include/obj_msgs/msg/rosidl_typesupport_fastrtps_c__visibility_control.h
[0.451s] -- Up-to-date: /home/m4rcos/Documents/rover/ext_ws/install/obj_msgs/lib/libobj_msgs__rosidl_typesupport_fastrtps_c.so
[0.451s] -- Up-to-date: /home/m4rcos/Documents/rover/ext_ws/install/obj_msgs/include/obj_msgs
[0.451s] -- Up-to-date: /home/m4rcos/Documents/rover/ext_ws/install/obj_msgs/include/obj_msgs/msg
[0.451s] -- Up-to-date: /home/m4rcos/Documents/rover/ext_ws/install/obj_msgs/include/obj_msgs/msg/detail
[0.451s] -- Up-to-date: /home/m4rcos/Documents/rover/ext_ws/install/obj_msgs/include/obj_msgs/msg/detail/object_msg__rosidl_typesupport_fastrtps_cpp.hpp
[0.451s] -- Up-to-date: /home/m4rcos/Documents/rover/ext_ws/install/obj_msgs/include/obj_msgs/msg/detail/dds_fastrtps
[0.451s] -- Up-to-date: /home/m4rcos/Documents/rover/ext_ws/install/obj_msgs/include/obj_msgs/msg/rosidl_typesupport_fastrtps_cpp__visibility_control.h
[0.451s] -- Up-to-date: /home/m4rcos/Documents/rover/ext_ws/install/obj_msgs/lib/libobj_msgs__rosidl_typesupport_fastrtps_cpp.so
[0.451s] -- Up-to-date: /home/m4rcos/Documents/rover/ext_ws/install/obj_msgs/include/obj_msgs
[0.451s] -- Up-to-date: /home/m4rcos/Documents/rover/ext_ws/install/obj_msgs/include/obj_msgs/msg
[0.451s] -- Up-to-date: /home/m4rcos/Documents/rover/ext_ws/install/obj_msgs/include/obj_msgs/msg/detail
[0.451s] -- Up-to-date: /home/m4rcos/Documents/rover/ext_ws/install/obj_msgs/include/obj_msgs/msg/detail/object_msg__rosidl_typesupport_introspection_c.h
[0.452s] -- Up-to-date: /home/m4rcos/Documents/rover/ext_ws/install/obj_msgs/include/obj_msgs/msg/detail/object_msg__type_support.c
[0.452s] -- Up-to-date: /home/m4rcos/Documents/rover/ext_ws/install/obj_msgs/include/obj_msgs/msg/rosidl_typesupport_introspection_c__visibility_control.h
[0.452s] -- Up-to-date: /home/m4rcos/Documents/rover/ext_ws/install/obj_msgs/lib/libobj_msgs__rosidl_typesupport_introspection_c.so
[0.452s] -- Up-to-date: /home/m4rcos/Documents/rover/ext_ws/install/obj_msgs/lib/libobj_msgs__rosidl_typesupport_c.so
[0.452s] -- Up-to-date: /home/m4rcos/Documents/rover/ext_ws/install/obj_msgs/include/obj_msgs
[0.452s] -- Up-to-date: /home/m4rcos/Documents/rover/ext_ws/install/obj_msgs/include/obj_msgs/msg
[0.452s] -- Up-to-date: /home/m4rcos/Documents/rover/ext_ws/install/obj_msgs/include/obj_msgs/msg/detail
[0.452s] -- Up-to-date: /home/m4rcos/Documents/rover/ext_ws/install/obj_msgs/include/obj_msgs/msg/detail/object_msg__type_support.hpp
[0.452s] -- Up-to-date: /home/m4rcos/Documents/rover/ext_ws/install/obj_msgs/include/obj_msgs/msg/detail/object_msg__builder.hpp
[0.452s] -- Up-to-date: /home/m4rcos/Documents/rover/ext_ws/install/obj_msgs/include/obj_msgs/msg/detail/object_msg__traits.hpp
[0.452s] -- Up-to-date: /home/m4rcos/Documents/rover/ext_ws/install/obj_msgs/include/obj_msgs/msg/detail/object_msg__struct.hpp
[0.452s] -- Up-to-date: /home/m4rcos/Documents/rover/ext_ws/install/obj_msgs/include/obj_msgs/msg/rosidl_generator_cpp__visibility_control.hpp
[0.452s] -- Up-to-date: /home/m4rcos/Documents/rover/ext_ws/install/obj_msgs/include/obj_msgs/msg/object_msg.hpp
[0.452s] -- Up-to-date: /home/m4rcos/Documents/rover/ext_ws/install/obj_msgs/include/obj_msgs
[0.452s] -- Up-to-date: /home/m4rcos/Documents/rover/ext_ws/install/obj_msgs/include/obj_msgs/msg
[0.452s] -- Up-to-date: /home/m4rcos/Documents/rover/ext_ws/install/obj_msgs/include/obj_msgs/msg/detail
[0.453s] -- Up-to-date: /home/m4rcos/Documents/rover/ext_ws/install/obj_msgs/include/obj_msgs/msg/detail/object_msg__rosidl_typesupport_introspection_cpp.hpp
[0.453s] -- Up-to-date: /home/m4rcos/Documents/rover/ext_ws/install/obj_msgs/include/obj_msgs/msg/detail/object_msg__type_support.cpp
[0.453s] -- Up-to-date: /home/m4rcos/Documents/rover/ext_ws/install/obj_msgs/lib/libobj_msgs__rosidl_typesupport_introspection_cpp.so
[0.453s] -- Up-to-date: /home/m4rcos/Documents/rover/ext_ws/install/obj_msgs/lib/libobj_msgs__rosidl_typesupport_cpp.so
[0.453s] -- Up-to-date: /home/m4rcos/Documents/rover/ext_ws/install/obj_msgs/share/obj_msgs/environment/pythonpath.sh
[0.453s] -- Up-to-date: /home/m4rcos/Documents/rover/ext_ws/install/obj_msgs/share/obj_msgs/environment/pythonpath.dsv
[0.453s] -- Up-to-date: /home/m4rcos/Documents/rover/ext_ws/install/obj_msgs/lib/python3.8/site-packages/obj_msgs/__init__.py
[0.498s] -- Up-to-date: /home/m4rcos/Documents/rover/ext_ws/install/obj_msgs/lib/python3.8/site-packages/obj_msgs/msg
[0.498s] -- Up-to-date: /home/m4rcos/Documents/rover/ext_ws/install/obj_msgs/lib/python3.8/site-packages/obj_msgs/msg/_object_msg_s.c
[0.498s] -- Up-to-date: /home/m4rcos/Documents/rover/ext_ws/install/obj_msgs/lib/python3.8/site-packages/obj_msgs/msg/_object_msg.py
[0.498s] -- Up-to-date: /home/m4rcos/Documents/rover/ext_ws/install/obj_msgs/lib/python3.8/site-packages/obj_msgs/msg/__init__.py
[0.499s] -- Up-to-date: /home/m4rcos/Documents/rover/ext_ws/install/obj_msgs/lib/python3.8/site-packages/obj_msgs/obj_msgs_s__rosidl_typesupport_fastrtps_c.cpython-38-x86_64-linux-gnu.so
[0.499s] -- Up-to-date: /home/m4rcos/Documents/rover/ext_ws/install/obj_msgs/lib/python3.8/site-packages/obj_msgs/obj_msgs_s__rosidl_typesupport_introspection_c.cpython-38-x86_64-linux-gnu.so
[0.500s] -- Up-to-date: /home/m4rcos/Documents/rover/ext_ws/install/obj_msgs/lib/python3.8/site-packages/obj_msgs/obj_msgs_s__rosidl_typesupport_c.cpython-38-x86_64-linux-gnu.so
[0.500s] -- Up-to-date: /home/m4rcos/Documents/rover/ext_ws/install/obj_msgs/lib/libobj_msgs__python.so
[0.500s] -- Up-to-date: /home/m4rcos/Documents/rover/ext_ws/install/obj_msgs/share/obj_msgs/msg/ObjectMsg.idl
[0.500s] -- Up-to-date: /home/m4rcos/Documents/rover/ext_ws/install/obj_msgs/share/obj_msgs/msg/ObjectMsg.msg
[0.500s] -- Up-to-date: /home/m4rcos/Documents/rover/ext_ws/install/obj_msgs/share/ament_index/resource_index/package_run_dependencies/obj_msgs
[0.501s] -- Up-to-date: /home/m4rcos/Documents/rover/ext_ws/install/obj_msgs/share/ament_index/resource_index/parent_prefix_path/obj_msgs
[0.501s] -- Up-to-date: /home/m4rcos/Documents/rover/ext_ws/install/obj_msgs/share/obj_msgs/environment/ament_prefix_path.sh
[0.501s] -- Up-to-date: /home/m4rcos/Documents/rover/ext_ws/install/obj_msgs/share/obj_msgs/environment/ament_prefix_path.dsv
[0.501s] -- Up-to-date: /home/m4rcos/Documents/rover/ext_ws/install/obj_msgs/share/obj_msgs/environment/path.sh
[0.501s] -- Up-to-date: /home/m4rcos/Documents/rover/ext_ws/install/obj_msgs/share/obj_msgs/environment/path.dsv
[0.501s] -- Up-to-date: /home/m4rcos/Documents/rover/ext_ws/install/obj_msgs/share/obj_msgs/local_setup.bash
[0.501s] -- Up-to-date: /home/m4rcos/Documents/rover/ext_ws/install/obj_msgs/share/obj_msgs/local_setup.sh
[0.501s] -- Up-to-date: /home/m4rcos/Documents/rover/ext_ws/install/obj_msgs/share/obj_msgs/local_setup.zsh
[0.501s] -- Up-to-date: /home/m4rcos/Documents/rover/ext_ws/install/obj_msgs/share/obj_msgs/local_setup.dsv
[0.501s] -- Installing: /home/m4rcos/Documents/rover/ext_ws/install/obj_msgs/share/obj_msgs/package.dsv
[0.501s] -- Up-to-date: /home/m4rcos/Documents/rover/ext_ws/install/obj_msgs/share/ament_index/resource_index/packages/obj_msgs
[0.502s] -- Up-to-date: /home/m4rcos/Documents/rover/ext_ws/install/obj_msgs/share/obj_msgs/cmake/obj_msgs__rosidl_generator_cExport.cmake
[0.503s] -- Up-to-date: /home/m4rcos/Documents/rover/ext_ws/install/obj_msgs/share/obj_msgs/cmake/obj_msgs__rosidl_generator_cExport-noconfig.cmake
[0.503s] -- Up-to-date: /home/m4rcos/Documents/rover/ext_ws/install/obj_msgs/share/obj_msgs/cmake/obj_msgs__rosidl_typesupport_introspection_cExport.cmake
[0.503s] -- Up-to-date: /home/m4rcos/Documents/rover/ext_ws/install/obj_msgs/share/obj_msgs/cmake/obj_msgs__rosidl_typesupport_introspection_cExport-noconfig.cmake
[0.503s] -- Up-to-date: /home/m4rcos/Documents/rover/ext_ws/install/obj_msgs/share/obj_msgs/cmake/obj_msgs__rosidl_typesupport_cExport.cmake
[0.503s] -- Up-to-date: /home/m4rcos/Documents/rover/ext_ws/install/obj_msgs/share/obj_msgs/cmake/obj_msgs__rosidl_typesupport_cExport-noconfig.cmake
[0.503s] -- Up-to-date: /home/m4rcos/Documents/rover/ext_ws/install/obj_msgs/share/obj_msgs/cmake/obj_msgs__rosidl_generator_cppExport.cmake
[0.504s] -- Up-to-date: /home/m4rcos/Documents/rover/ext_ws/install/obj_msgs/share/obj_msgs/cmake/obj_msgs__rosidl_typesupport_introspection_cppExport.cmake
[0.504s] -- Up-to-date: /home/m4rcos/Documents/rover/ext_ws/install/obj_msgs/share/obj_msgs/cmake/obj_msgs__rosidl_typesupport_introspection_cppExport-noconfig.cmake
[0.504s] -- Up-to-date: /home/m4rcos/Documents/rover/ext_ws/install/obj_msgs/share/obj_msgs/cmake/obj_msgs__rosidl_typesupport_cppExport.cmake
[0.504s] -- Up-to-date: /home/m4rcos/Documents/rover/ext_ws/install/obj_msgs/share/obj_msgs/cmake/obj_msgs__rosidl_typesupport_cppExport-noconfig.cmake
[0.504s] -- Up-to-date: /home/m4rcos/Documents/rover/ext_ws/install/obj_msgs/share/obj_msgs/cmake/rosidl_cmake-extras.cmake
[0.504s] -- Up-to-date: /home/m4rcos/Documents/rover/ext_ws/install/obj_msgs/share/obj_msgs/cmake/ament_cmake_export_dependencies-extras.cmake
[0.504s] -- Up-to-date: /home/m4rcos/Documents/rover/ext_ws/install/obj_msgs/share/obj_msgs/cmake/ament_cmake_export_libraries-extras.cmake
[0.504s] -- Up-to-date: /home/m4rcos/Documents/rover/ext_ws/install/obj_msgs/share/obj_msgs/cmake/ament_cmake_export_targets-extras.cmake
[0.504s] -- Up-to-date: /home/m4rcos/Documents/rover/ext_ws/install/obj_msgs/share/obj_msgs/cmake/ament_cmake_export_include_directories-extras.cmake
[0.504s] -- Up-to-date: /home/m4rcos/Documents/rover/ext_ws/install/obj_msgs/share/obj_msgs/cmake/rosidl_cmake_export_typesupport_libraries-extras.cmake
[0.505s] -- Up-to-date: /home/m4rcos/Documents/rover/ext_ws/install/obj_msgs/share/obj_msgs/cmake/rosidl_cmake_export_typesupport_targets-extras.cmake
[0.505s] -- Up-to-date: /home/m4rcos/Documents/rover/ext_ws/install/obj_msgs/share/obj_msgs/cmake/obj_msgsConfig.cmake
[0.505s] -- Up-to-date: /home/m4rcos/Documents/rover/ext_ws/install/obj_msgs/share/obj_msgs/cmake/obj_msgsConfig-version.cmake
[0.507s] -- Up-to-date: /home/m4rcos/Documents/rover/ext_ws/install/obj_msgs/share/obj_msgs/package.xml
[0.507s] Invoked command in '/home/m4rcos/Documents/rover/ext_ws/build/obj_msgs' returned '0': CMAKE_PREFIX_PATH=${CMAKE_PREFIX_PATH}:/opt/ros/foxy /usr/bin/cmake --install /home/m4rcos/Documents/rover/ext_ws/build/obj_msgs
