[0.030s] Invoking command in '/home/m4rcos/Documents/rover/ext_ws/build/obj_msgs': CMAKE_PREFIX_PATH=/opt/ros/foxy /usr/bin/cmake /home/m4rcos/Documents/rover/ext_ws/src/obj_msgs -DCMAKE_INSTALL_PREFIX=/home/m4rcos/Documents/rover/ext_ws/install/obj_msgs
[0.102s] -- The C compiler identification is GNU 9.4.0
[0.160s] -- The CXX compiler identification is GNU 9.4.0
[0.164s] -- Check for working C compiler: /usr/bin/cc
[0.890s] -- Check for working C compiler: /usr/bin/cc -- works
[0.891s] -- Detecting C compiler ABI info
[0.981s] -- Detecting C compiler ABI info - done
[0.990s] -- Detecting C compile features
[0.991s] -- Detecting C compile features - done
[0.993s] -- Check for working CXX compiler: /usr/bin/c++
[1.084s] -- Check for working CXX compiler: /usr/bin/c++ -- works
[1.090s] -- Detecting CXX compiler ABI info
[1.175s] -- Detecting CXX compiler ABI info - done
[1.190s] -- Detecting CXX compile features
[1.191s] -- Detecting CXX compile features - done
[1.193s] -- Found ament_cmake: 0.9.12 (/opt/ros/foxy/share/ament_cmake/cmake)
[1.221s] -- Found PythonInterp: /usr/bin/python3 (found suitable version "3.8.10", minimum required is "3") 
[1.221s] -- Using PYTHON_EXECUTABLE: /usr/bin/python3
[1.487s] -- Found rosidl_default_generators: 1.0.1 (/opt/ros/foxy/share/rosidl_default_generators/cmake)
[1.490s] -- Using all available rosidl_typesupport_c: rosidl_typesupport_fastrtps_c;rosidl_typesupport_introspection_c
[1.498s] -- Found rosidl_adapter: 1.3.1 (/opt/ros/foxy/share/rosidl_adapter/cmake)
[1.616s] -- Found OpenSSL: /usr/lib/x86_64-linux-gnu/libcrypto.so (found version "1.1.1f")  
[1.651s] -- Found FastRTPS: /opt/ros/foxy/include  
[1.735s] -- Using all available rosidl_typesupport_cpp: rosidl_typesupport_fastrtps_cpp;rosidl_typesupport_introspection_cpp
[1.795s] -- Found PythonInterp: /usr/bin/python3 (found version "3.8.10") 
[1.940s] -- Found ament_cmake_ros: 0.9.2 (/opt/ros/foxy/share/ament_cmake_ros/cmake)
[2.063s] -- Using all available rosidl_typesupport_c: rosidl_typesupport_fastrtps_c;rosidl_typesupport_introspection_c
[2.073s] -- Using all available rosidl_typesupport_cpp: rosidl_typesupport_fastrtps_cpp;rosidl_typesupport_introspection_cpp
[2.099s] -- Found PythonInterp: /usr/bin/python3 (found suitable version "3.8.10", minimum required is "3.5") 
[2.100s] -- Found python_cmake_module: 0.8.1 (/opt/ros/foxy/share/python_cmake_module/cmake)
[2.136s] -- Found PythonLibs: /usr/lib/x86_64-linux-gnu/libpython3.8.so (found suitable version "3.8.10", minimum required is "3.5") 
[2.137s] -- Using PYTHON_EXECUTABLE: /usr/bin/python3
[2.137s] -- Using PYTHON_INCLUDE_DIRS: /usr/include/python3.8
[2.137s] -- Using PYTHON_LIBRARIES: /usr/lib/x86_64-linux-gnu/libpython3.8.so
[2.162s] -- Found PythonExtra: .so  
[2.205s] -- Found ament_lint_auto: 0.9.8 (/opt/ros/foxy/share/ament_lint_auto/cmake)
[2.225s] -- Added test 'copyright' to check source files copyright and LICENSE
[2.226s] -- Added test 'lint_cmake' to check CMake code style
[2.227s] -- Added test 'xmllint' to check XML markup files
[2.230s] -- Configuring done
[2.260s] -- Generating done
[2.262s] -- Build files have been written to: /home/m4rcos/Documents/rover/ext_ws/build/obj_msgs
[2.272s] Invoked command in '/home/m4rcos/Documents/rover/ext_ws/build/obj_msgs' returned '0': CMAKE_PREFIX_PATH=/opt/ros/foxy /usr/bin/cmake /home/m4rcos/Documents/rover/ext_ws/src/obj_msgs -DCMAKE_INSTALL_PREFIX=/home/m4rcos/Documents/rover/ext_ws/install/obj_msgs
[2.273s] Invoking command in '/home/m4rcos/Documents/rover/ext_ws/build/obj_msgs': CMAKE_PREFIX_PATH=/opt/ros/foxy /usr/bin/cmake --build /home/m4rcos/Documents/rover/ext_ws/build/obj_msgs -- -j12 -l12
[2.320s] [  3%] [34m[1mGenerating C code for ROS interfaces[0m
[2.320s] [35m[1mScanning dependencies of target obj_msgs__cpp[0m
[2.332s] [  6%] [34m[1mGenerating C++ code for ROS interfaces[0m
[2.615s] [  6%] Built target obj_msgs__cpp
[2.626s] [  9%] [34m[1mGenerating C++ type support for eProsima Fast-RTPS[0m
[2.626s] [ 16%] [34m[1mGenerating C++ type support dispatch for ROS interfaces[0m
[2.626s] [ 16%] [34m[1mGenerating C++ introspection for ROS interfaces[0m
[2.666s] [35m[1mScanning dependencies of target obj_msgs__rosidl_generator_c[0m
[2.683s] [ 19%] [32mBuilding C object CMakeFiles/obj_msgs__rosidl_generator_c.dir/rosidl_generator_c/obj_msgs/msg/detail/object_msg__functions.c.o[0m
[2.803s] [ 22%] [32m[1mLinking C shared library libobj_msgs__rosidl_generator_c.so[0m
[2.861s] [ 22%] Built target obj_msgs__rosidl_generator_c
[2.897s] [ 25%] [34m[1mGenerating C introspection for ROS interfaces[0m
[2.897s] [ 29%] [34m[1mGenerating C type support dispatch for ROS interfaces[0m
[2.898s] [35m[1mScanning dependencies of target obj_msgs__rosidl_typesupport_introspection_cpp[0m
[2.935s] [ 32%] [32mBuilding CXX object CMakeFiles/obj_msgs__rosidl_typesupport_introspection_cpp.dir/rosidl_typesupport_introspection_cpp/obj_msgs/msg/detail/object_msg__type_support.cpp.o[0m
[2.959s] [35m[1mScanning dependencies of target obj_msgs__rosidl_typesupport_fastrtps_cpp[0m
[2.962s] [35m[1mScanning dependencies of target obj_msgs__rosidl_typesupport_cpp[0m
[2.988s] [ 35%] [32mBuilding CXX object CMakeFiles/obj_msgs__rosidl_typesupport_cpp.dir/rosidl_typesupport_cpp/obj_msgs/msg/object_msg__type_support.cpp.o[0m
[3.007s] [ 38%] [32mBuilding CXX object CMakeFiles/obj_msgs__rosidl_typesupport_fastrtps_cpp.dir/rosidl_typesupport_fastrtps_cpp/obj_msgs/msg/detail/dds_fastrtps/object_msg__type_support.cpp.o[0m
[3.172s] [35m[1mScanning dependencies of target obj_msgs__rosidl_typesupport_c[0m
[3.188s] [ 41%] [32mBuilding CXX object CMakeFiles/obj_msgs__rosidl_typesupport_c.dir/rosidl_typesupport_c/obj_msgs/msg/object_msg__type_support.cpp.o[0m
[3.228s] [ 45%] [32m[1mLinking CXX shared library libobj_msgs__rosidl_typesupport_c.so[0m
[3.237s] [35m[1mScanning dependencies of target obj_msgs__rosidl_typesupport_introspection_c[0m
[3.269s] [ 48%] [32mBuilding C object CMakeFiles/obj_msgs__rosidl_typesupport_introspection_c.dir/rosidl_typesupport_introspection_c/obj_msgs/msg/detail/object_msg__type_support.c.o[0m
[3.341s] [ 48%] Built target obj_msgs__rosidl_typesupport_c
[3.341s] [ 51%] [32m[1mLinking CXX shared library libobj_msgs__rosidl_typesupport_cpp.so[0m
[3.352s] [ 54%] [32m[1mLinking C shared library libobj_msgs__rosidl_typesupport_introspection_c.so[0m
[3.397s] [ 58%] [32m[1mLinking CXX shared library libobj_msgs__rosidl_typesupport_introspection_cpp.so[0m
[3.397s] [ 58%] Built target obj_msgs__rosidl_typesupport_introspection_c
[3.448s] [ 58%] Built target obj_msgs__rosidl_typesupport_cpp
[3.547s] [ 58%] Built target obj_msgs__rosidl_typesupport_introspection_cpp
[3.595s] [ 61%] [32m[1mLinking CXX shared library libobj_msgs__rosidl_typesupport_fastrtps_cpp.so[0m
[3.691s] [ 61%] Built target obj_msgs__rosidl_typesupport_fastrtps_cpp
[3.703s] [ 64%] [34m[1mGenerating C type support for eProsima Fast-RTPS[0m
[3.950s] [35m[1mScanning dependencies of target obj_msgs__rosidl_typesupport_fastrtps_c[0m
[3.965s] [ 67%] [32mBuilding CXX object CMakeFiles/obj_msgs__rosidl_typesupport_fastrtps_c.dir/rosidl_typesupport_fastrtps_c/obj_msgs/msg/detail/object_msg__type_support_c.cpp.o[0m
[4.327s] [ 70%] [32m[1mLinking CXX shared library libobj_msgs__rosidl_typesupport_fastrtps_c.so[0m
[4.418s] [ 70%] Built target obj_msgs__rosidl_typesupport_fastrtps_c
[4.428s] [35m[1mScanning dependencies of target obj_msgs[0m
[4.437s] [ 70%] Built target obj_msgs
[4.450s] [35m[1mScanning dependencies of target obj_msgs__py[0m
[4.461s] [ 74%] [34m[1mGenerating Python code for ROS interfaces[0m
[4.844s] [ 74%] Built target obj_msgs__py
[4.857s] [35m[1mScanning dependencies of target obj_msgs__python[0m
[4.873s] [ 77%] [32mBuilding C object CMakeFiles/obj_msgs__python.dir/rosidl_generator_py/obj_msgs/msg/_object_msg_s.c.o[0m
[4.965s] [ 80%] [32m[1mLinking C shared library rosidl_generator_py/obj_msgs/libobj_msgs__python.so[0m
[5.008s] [ 80%] Built target obj_msgs__python
[5.020s] [35m[1mScanning dependencies of target obj_msgs__rosidl_typesupport_fastrtps_c__pyext[0m
[5.021s] [35m[1mScanning dependencies of target obj_msgs__rosidl_typesupport_introspection_c__pyext[0m
[5.021s] [35m[1mScanning dependencies of target obj_msgs__rosidl_typesupport_c__pyext[0m
[5.041s] [ 83%] [32mBuilding C object CMakeFiles/obj_msgs__rosidl_typesupport_c__pyext.dir/rosidl_generator_py/obj_msgs/_obj_msgs_s.ep.rosidl_typesupport_c.c.o[0m
[5.058s] [ 87%] [32mBuilding C object CMakeFiles/obj_msgs__rosidl_typesupport_fastrtps_c__pyext.dir/rosidl_generator_py/obj_msgs/_obj_msgs_s.ep.rosidl_typesupport_fastrtps_c.c.o[0m
[5.068s] [ 90%] [32mBuilding C object CMakeFiles/obj_msgs__rosidl_typesupport_introspection_c__pyext.dir/rosidl_generator_py/obj_msgs/_obj_msgs_s.ep.rosidl_typesupport_introspection_c.c.o[0m
[5.157s] [ 93%] [32m[1mLinking C shared library rosidl_generator_py/obj_msgs/obj_msgs_s__rosidl_typesupport_c.cpython-38-x86_64-linux-gnu.so[0m
[5.204s] [ 93%] Built target obj_msgs__rosidl_typesupport_c__pyext
[5.205s] [100%] [32m[1mLinking CXX shared library rosidl_generator_py/obj_msgs/obj_msgs_s__rosidl_typesupport_fastrtps_c.cpython-38-x86_64-linux-gnu.so[0m
[5.205s] [100%] [32m[1mLinking C shared library rosidl_generator_py/obj_msgs/obj_msgs_s__rosidl_typesupport_introspection_c.cpython-38-x86_64-linux-gnu.so[0m
[5.251s] [100%] Built target obj_msgs__rosidl_typesupport_introspection_c__pyext
[5.285s] [100%] Built target obj_msgs__rosidl_typesupport_fastrtps_c__pyext
[5.298s] Invoked command in '/home/m4rcos/Documents/rover/ext_ws/build/obj_msgs' returned '0': CMAKE_PREFIX_PATH=/opt/ros/foxy /usr/bin/cmake --build /home/m4rcos/Documents/rover/ext_ws/build/obj_msgs -- -j12 -l12
[5.337s] Invoking command in '/home/m4rcos/Documents/rover/ext_ws/build/obj_msgs': CMAKE_PREFIX_PATH=/opt/ros/foxy /usr/bin/cmake --install /home/m4rcos/Documents/rover/ext_ws/build/obj_msgs
[5.350s] -- Install configuration: ""
[5.350s] -- Installing: /home/m4rcos/Documents/rover/ext_ws/install/obj_msgs/share/ament_index/resource_index/rosidl_interfaces/obj_msgs
[5.350s] -- Installing: /home/m4rcos/Documents/rover/ext_ws/install/obj_msgs/include/obj_msgs
[5.350s] -- Installing: /home/m4rcos/Documents/rover/ext_ws/install/obj_msgs/include/obj_msgs/msg
[5.350s] -- Installing: /home/m4rcos/Documents/rover/ext_ws/install/obj_msgs/include/obj_msgs/msg/detail
[5.351s] -- Installing: /home/m4rcos/Documents/rover/ext_ws/install/obj_msgs/include/obj_msgs/msg/detail/object_msg__type_support.h
[5.351s] -- Installing: /home/m4rcos/Documents/rover/ext_ws/install/obj_msgs/include/obj_msgs/msg/detail/object_msg__struct.h
[5.351s] -- Installing: /home/m4rcos/Documents/rover/ext_ws/install/obj_msgs/include/obj_msgs/msg/detail/object_msg__functions.c
[5.351s] -- Installing: /home/m4rcos/Documents/rover/ext_ws/install/obj_msgs/include/obj_msgs/msg/detail/object_msg__functions.h
[5.351s] -- Installing: /home/m4rcos/Documents/rover/ext_ws/install/obj_msgs/include/obj_msgs/msg/rosidl_generator_c__visibility_control.h
[5.351s] -- Installing: /home/m4rcos/Documents/rover/ext_ws/install/obj_msgs/include/obj_msgs/msg/object_msg.h
[5.351s] -- Installing: /home/m4rcos/Documents/rover/ext_ws/install/obj_msgs/share/obj_msgs/environment/library_path.sh
[5.351s] -- Installing: /home/m4rcos/Documents/rover/ext_ws/install/obj_msgs/share/obj_msgs/environment/library_path.dsv
[5.352s] -- Installing: /home/m4rcos/Documents/rover/ext_ws/install/obj_msgs/lib/libobj_msgs__rosidl_generator_c.so
[5.352s] -- Set runtime path of "/home/m4rcos/Documents/rover/ext_ws/install/obj_msgs/lib/libobj_msgs__rosidl_generator_c.so" to ""
[5.352s] -- Up-to-date: /home/m4rcos/Documents/rover/ext_ws/install/obj_msgs/include/obj_msgs
[5.352s] -- Up-to-date: /home/m4rcos/Documents/rover/ext_ws/install/obj_msgs/include/obj_msgs/msg
[5.352s] -- Up-to-date: /home/m4rcos/Documents/rover/ext_ws/install/obj_msgs/include/obj_msgs/msg/detail
[5.352s] -- Installing: /home/m4rcos/Documents/rover/ext_ws/install/obj_msgs/include/obj_msgs/msg/detail/object_msg__rosidl_typesupport_fastrtps_c.h
[5.352s] -- Installing: /home/m4rcos/Documents/rover/ext_ws/install/obj_msgs/include/obj_msgs/msg/rosidl_typesupport_fastrtps_c__visibility_control.h
[5.352s] -- Installing: /home/m4rcos/Documents/rover/ext_ws/install/obj_msgs/lib/libobj_msgs__rosidl_typesupport_fastrtps_c.so
[5.353s] -- Set runtime path of "/home/m4rcos/Documents/rover/ext_ws/install/obj_msgs/lib/libobj_msgs__rosidl_typesupport_fastrtps_c.so" to ""
[5.353s] -- Up-to-date: /home/m4rcos/Documents/rover/ext_ws/install/obj_msgs/include/obj_msgs
[5.353s] -- Up-to-date: /home/m4rcos/Documents/rover/ext_ws/install/obj_msgs/include/obj_msgs/msg
[5.353s] -- Up-to-date: /home/m4rcos/Documents/rover/ext_ws/install/obj_msgs/include/obj_msgs/msg/detail
[5.353s] -- Installing: /home/m4rcos/Documents/rover/ext_ws/install/obj_msgs/include/obj_msgs/msg/detail/object_msg__rosidl_typesupport_fastrtps_cpp.hpp
[5.353s] -- Installing: /home/m4rcos/Documents/rover/ext_ws/install/obj_msgs/include/obj_msgs/msg/detail/dds_fastrtps
[5.353s] -- Installing: /home/m4rcos/Documents/rover/ext_ws/install/obj_msgs/include/obj_msgs/msg/rosidl_typesupport_fastrtps_cpp__visibility_control.h
[5.354s] -- Installing: /home/m4rcos/Documents/rover/ext_ws/install/obj_msgs/lib/libobj_msgs__rosidl_typesupport_fastrtps_cpp.so
[5.354s] -- Set runtime path of "/home/m4rcos/Documents/rover/ext_ws/install/obj_msgs/lib/libobj_msgs__rosidl_typesupport_fastrtps_cpp.so" to ""
[5.354s] -- Up-to-date: /home/m4rcos/Documents/rover/ext_ws/install/obj_msgs/include/obj_msgs
[5.354s] -- Up-to-date: /home/m4rcos/Documents/rover/ext_ws/install/obj_msgs/include/obj_msgs/msg
[5.354s] -- Up-to-date: /home/m4rcos/Documents/rover/ext_ws/install/obj_msgs/include/obj_msgs/msg/detail
[5.354s] -- Installing: /home/m4rcos/Documents/rover/ext_ws/install/obj_msgs/include/obj_msgs/msg/detail/object_msg__rosidl_typesupport_introspection_c.h
[5.354s] -- Installing: /home/m4rcos/Documents/rover/ext_ws/install/obj_msgs/include/obj_msgs/msg/detail/object_msg__type_support.c
[5.354s] -- Installing: /home/m4rcos/Documents/rover/ext_ws/install/obj_msgs/include/obj_msgs/msg/rosidl_typesupport_introspection_c__visibility_control.h
[5.355s] -- Installing: /home/m4rcos/Documents/rover/ext_ws/install/obj_msgs/lib/libobj_msgs__rosidl_typesupport_introspection_c.so
[5.355s] -- Set runtime path of "/home/m4rcos/Documents/rover/ext_ws/install/obj_msgs/lib/libobj_msgs__rosidl_typesupport_introspection_c.so" to ""
[5.355s] -- Installing: /home/m4rcos/Documents/rover/ext_ws/install/obj_msgs/lib/libobj_msgs__rosidl_typesupport_c.so
[5.355s] -- Set runtime path of "/home/m4rcos/Documents/rover/ext_ws/install/obj_msgs/lib/libobj_msgs__rosidl_typesupport_c.so" to ""
[5.355s] -- Up-to-date: /home/m4rcos/Documents/rover/ext_ws/install/obj_msgs/include/obj_msgs
[5.356s] -- Up-to-date: /home/m4rcos/Documents/rover/ext_ws/install/obj_msgs/include/obj_msgs/msg
[5.356s] -- Up-to-date: /home/m4rcos/Documents/rover/ext_ws/install/obj_msgs/include/obj_msgs/msg/detail
[5.356s] -- Installing: /home/m4rcos/Documents/rover/ext_ws/install/obj_msgs/include/obj_msgs/msg/detail/object_msg__type_support.hpp
[5.356s] -- Installing: /home/m4rcos/Documents/rover/ext_ws/install/obj_msgs/include/obj_msgs/msg/detail/object_msg__builder.hpp
[5.356s] -- Installing: /home/m4rcos/Documents/rover/ext_ws/install/obj_msgs/include/obj_msgs/msg/detail/object_msg__traits.hpp
[5.356s] -- Installing: /home/m4rcos/Documents/rover/ext_ws/install/obj_msgs/include/obj_msgs/msg/detail/object_msg__struct.hpp
[5.356s] -- Installing: /home/m4rcos/Documents/rover/ext_ws/install/obj_msgs/include/obj_msgs/msg/rosidl_generator_cpp__visibility_control.hpp
[5.356s] -- Installing: /home/m4rcos/Documents/rover/ext_ws/install/obj_msgs/include/obj_msgs/msg/object_msg.hpp
[5.356s] -- Up-to-date: /home/m4rcos/Documents/rover/ext_ws/install/obj_msgs/include/obj_msgs
[5.356s] -- Up-to-date: /home/m4rcos/Documents/rover/ext_ws/install/obj_msgs/include/obj_msgs/msg
[5.357s] -- Up-to-date: /home/m4rcos/Documents/rover/ext_ws/install/obj_msgs/include/obj_msgs/msg/detail
[5.357s] -- Installing: /home/m4rcos/Documents/rover/ext_ws/install/obj_msgs/include/obj_msgs/msg/detail/object_msg__rosidl_typesupport_introspection_cpp.hpp
[5.357s] -- Installing: /home/m4rcos/Documents/rover/ext_ws/install/obj_msgs/include/obj_msgs/msg/detail/object_msg__type_support.cpp
[5.357s] -- Installing: /home/m4rcos/Documents/rover/ext_ws/install/obj_msgs/lib/libobj_msgs__rosidl_typesupport_introspection_cpp.so
[5.357s] -- Set runtime path of "/home/m4rcos/Documents/rover/ext_ws/install/obj_msgs/lib/libobj_msgs__rosidl_typesupport_introspection_cpp.so" to ""
[5.357s] -- Installing: /home/m4rcos/Documents/rover/ext_ws/install/obj_msgs/lib/libobj_msgs__rosidl_typesupport_cpp.so
[5.357s] -- Set runtime path of "/home/m4rcos/Documents/rover/ext_ws/install/obj_msgs/lib/libobj_msgs__rosidl_typesupport_cpp.so" to ""
[5.357s] -- Installing: /home/m4rcos/Documents/rover/ext_ws/install/obj_msgs/share/obj_msgs/environment/pythonpath.sh
[5.357s] -- Installing: /home/m4rcos/Documents/rover/ext_ws/install/obj_msgs/share/obj_msgs/environment/pythonpath.dsv
[5.357s] -- Installing: /home/m4rcos/Documents/rover/ext_ws/install/obj_msgs/lib/python3.8/site-packages/obj_msgs/__init__.py
[5.388s] Compiling '/home/m4rcos/Documents/rover/ext_ws/install/obj_msgs/lib/python3.8/site-packages/obj_msgs/__init__.py'...
[5.393s] -- Installing: /home/m4rcos/Documents/rover/ext_ws/install/obj_msgs/lib/python3.8/site-packages/obj_msgs/msg
[5.393s] -- Installing: /home/m4rcos/Documents/rover/ext_ws/install/obj_msgs/lib/python3.8/site-packages/obj_msgs/msg/_object_msg_s.c
[5.393s] -- Installing: /home/m4rcos/Documents/rover/ext_ws/install/obj_msgs/lib/python3.8/site-packages/obj_msgs/msg/_object_msg.py
[5.393s] -- Installing: /home/m4rcos/Documents/rover/ext_ws/install/obj_msgs/lib/python3.8/site-packages/obj_msgs/msg/__init__.py
[5.394s] -- Installing: /home/m4rcos/Documents/rover/ext_ws/install/obj_msgs/lib/python3.8/site-packages/obj_msgs/obj_msgs_s__rosidl_typesupport_fastrtps_c.cpython-38-x86_64-linux-gnu.so
[5.394s] -- Set runtime path of "/home/m4rcos/Documents/rover/ext_ws/install/obj_msgs/lib/python3.8/site-packages/obj_msgs/obj_msgs_s__rosidl_typesupport_fastrtps_c.cpython-38-x86_64-linux-gnu.so" to ""
[5.394s] -- Installing: /home/m4rcos/Documents/rover/ext_ws/install/obj_msgs/lib/python3.8/site-packages/obj_msgs/obj_msgs_s__rosidl_typesupport_introspection_c.cpython-38-x86_64-linux-gnu.so
[5.395s] -- Set runtime path of "/home/m4rcos/Documents/rover/ext_ws/install/obj_msgs/lib/python3.8/site-packages/obj_msgs/obj_msgs_s__rosidl_typesupport_introspection_c.cpython-38-x86_64-linux-gnu.so" to ""
[5.395s] -- Installing: /home/m4rcos/Documents/rover/ext_ws/install/obj_msgs/lib/python3.8/site-packages/obj_msgs/obj_msgs_s__rosidl_typesupport_c.cpython-38-x86_64-linux-gnu.so
[5.395s] -- Set runtime path of "/home/m4rcos/Documents/rover/ext_ws/install/obj_msgs/lib/python3.8/site-packages/obj_msgs/obj_msgs_s__rosidl_typesupport_c.cpython-38-x86_64-linux-gnu.so" to ""
[5.395s] -- Installing: /home/m4rcos/Documents/rover/ext_ws/install/obj_msgs/lib/libobj_msgs__python.so
[5.396s] -- Set runtime path of "/home/m4rcos/Documents/rover/ext_ws/install/obj_msgs/lib/libobj_msgs__python.so" to ""
[5.396s] -- Installing: /home/m4rcos/Documents/rover/ext_ws/install/obj_msgs/share/obj_msgs/msg/ObjectMsg.idl
[5.396s] -- Installing: /home/m4rcos/Documents/rover/ext_ws/install/obj_msgs/share/obj_msgs/msg/ObjectMsg.msg
[5.396s] -- Installing: /home/m4rcos/Documents/rover/ext_ws/install/obj_msgs/share/ament_index/resource_index/package_run_dependencies/obj_msgs
[5.396s] -- Installing: /home/m4rcos/Documents/rover/ext_ws/install/obj_msgs/share/ament_index/resource_index/parent_prefix_path/obj_msgs
[5.397s] -- Installing: /home/m4rcos/Documents/rover/ext_ws/install/obj_msgs/share/obj_msgs/environment/ament_prefix_path.sh
[5.397s] -- Installing: /home/m4rcos/Documents/rover/ext_ws/install/obj_msgs/share/obj_msgs/environment/ament_prefix_path.dsv
[5.397s] -- Installing: /home/m4rcos/Documents/rover/ext_ws/install/obj_msgs/share/obj_msgs/environment/path.sh
[5.397s] -- Installing: /home/m4rcos/Documents/rover/ext_ws/install/obj_msgs/share/obj_msgs/environment/path.dsv
[5.397s] -- Installing: /home/m4rcos/Documents/rover/ext_ws/install/obj_msgs/share/obj_msgs/local_setup.bash
[5.397s] -- Installing: /home/m4rcos/Documents/rover/ext_ws/install/obj_msgs/share/obj_msgs/local_setup.sh
[5.397s] -- Installing: /home/m4rcos/Documents/rover/ext_ws/install/obj_msgs/share/obj_msgs/local_setup.zsh
[5.398s] -- Installing: /home/m4rcos/Documents/rover/ext_ws/install/obj_msgs/share/obj_msgs/local_setup.dsv
[5.398s] -- Installing: /home/m4rcos/Documents/rover/ext_ws/install/obj_msgs/share/obj_msgs/package.dsv
[5.398s] -- Installing: /home/m4rcos/Documents/rover/ext_ws/install/obj_msgs/share/ament_index/resource_index/packages/obj_msgs
[5.398s] -- Installing: /home/m4rcos/Documents/rover/ext_ws/install/obj_msgs/share/obj_msgs/cmake/obj_msgs__rosidl_generator_cExport.cmake
[5.398s] -- Installing: /home/m4rcos/Documents/rover/ext_ws/install/obj_msgs/share/obj_msgs/cmake/obj_msgs__rosidl_generator_cExport-noconfig.cmake
[5.399s] -- Installing: /home/m4rcos/Documents/rover/ext_ws/install/obj_msgs/share/obj_msgs/cmake/obj_msgs__rosidl_typesupport_introspection_cExport.cmake
[5.399s] -- Installing: /home/m4rcos/Documents/rover/ext_ws/install/obj_msgs/share/obj_msgs/cmake/obj_msgs__rosidl_typesupport_introspection_cExport-noconfig.cmake
[5.399s] -- Installing: /home/m4rcos/Documents/rover/ext_ws/install/obj_msgs/share/obj_msgs/cmake/obj_msgs__rosidl_typesupport_cExport.cmake
[5.399s] -- Installing: /home/m4rcos/Documents/rover/ext_ws/install/obj_msgs/share/obj_msgs/cmake/obj_msgs__rosidl_typesupport_cExport-noconfig.cmake
[5.399s] -- Installing: /home/m4rcos/Documents/rover/ext_ws/install/obj_msgs/share/obj_msgs/cmake/obj_msgs__rosidl_generator_cppExport.cmake
[5.400s] -- Installing: /home/m4rcos/Documents/rover/ext_ws/install/obj_msgs/share/obj_msgs/cmake/obj_msgs__rosidl_typesupport_introspection_cppExport.cmake
[5.400s] -- Installing: /home/m4rcos/Documents/rover/ext_ws/install/obj_msgs/share/obj_msgs/cmake/obj_msgs__rosidl_typesupport_introspection_cppExport-noconfig.cmake
[5.400s] -- Installing: /home/m4rcos/Documents/rover/ext_ws/install/obj_msgs/share/obj_msgs/cmake/obj_msgs__rosidl_typesupport_cppExport.cmake
[5.400s] -- Installing: /home/m4rcos/Documents/rover/ext_ws/install/obj_msgs/share/obj_msgs/cmake/obj_msgs__rosidl_typesupport_cppExport-noconfig.cmake
[5.400s] -- Installing: /home/m4rcos/Documents/rover/ext_ws/install/obj_msgs/share/obj_msgs/cmake/rosidl_cmake-extras.cmake
[5.400s] -- Installing: /home/m4rcos/Documents/rover/ext_ws/install/obj_msgs/share/obj_msgs/cmake/ament_cmake_export_dependencies-extras.cmake
[5.401s] -- Installing: /home/m4rcos/Documents/rover/ext_ws/install/obj_msgs/share/obj_msgs/cmake/ament_cmake_export_libraries-extras.cmake
[5.401s] -- Installing: /home/m4rcos/Documents/rover/ext_ws/install/obj_msgs/share/obj_msgs/cmake/ament_cmake_export_targets-extras.cmake
[5.401s] -- Installing: /home/m4rcos/Documents/rover/ext_ws/install/obj_msgs/share/obj_msgs/cmake/ament_cmake_export_include_directories-extras.cmake
[5.401s] -- Installing: /home/m4rcos/Documents/rover/ext_ws/install/obj_msgs/share/obj_msgs/cmake/rosidl_cmake_export_typesupport_libraries-extras.cmake
[5.401s] -- Installing: /home/m4rcos/Documents/rover/ext_ws/install/obj_msgs/share/obj_msgs/cmake/rosidl_cmake_export_typesupport_targets-extras.cmake
[5.402s] -- Installing: /home/m4rcos/Documents/rover/ext_ws/install/obj_msgs/share/obj_msgs/cmake/obj_msgsConfig.cmake
[5.402s] -- Installing: /home/m4rcos/Documents/rover/ext_ws/install/obj_msgs/share/obj_msgs/cmake/obj_msgsConfig-version.cmake
[5.402s] -- Installing: /home/m4rcos/Documents/rover/ext_ws/install/obj_msgs/share/obj_msgs/package.xml
[5.405s] Invoked command in '/home/m4rcos/Documents/rover/ext_ws/build/obj_msgs' returned '0': CMAKE_PREFIX_PATH=/opt/ros/foxy /usr/bin/cmake --install /home/m4rcos/Documents/rover/ext_ws/build/obj_msgs
