[0.924s] DEBUG:colcon:Command line arguments: ['/usr/bin/colcon', 'build']
[0.924s] DEBUG:colcon:Parsed command line arguments: Namespace(allow_overriding=[], ament_cmake_args=None, base_paths=['.'], build_base='build', catkin_cmake_args=None, catkin_skip_building_tests=False, cmake_args=None, cmake_clean_cache=False, cmake_clean_first=False, cmake_force_configure=False, cmake_target=None, cmake_target_skip_unavailable=False, continue_on_error=False, event_handlers=None, executor='parallel', ignore_user_meta=False, install_base='install', log_base=None, log_level=None, main=<bound method BuildVerb.main of <colcon_core.verb.build.BuildVerb object at 0x7f0daec92700>>, merge_install=False, metas=['./colcon.meta'], mixin=None, mixin_files=None, mixin_verb=('build',), packages_above=None, packages_above_and_dependencies=None, packages_above_depth=None, packages_end=None, packages_ignore=None, packages_ignore_regex=None, packages_select=None, packages_select_build_failed=False, packages_select_by_dep=None, packages_select_regex=None, packages_select_test_failures=False, packages_skip=None, packages_skip_build_finished=False, packages_skip_by_dep=None, packages_skip_regex=None, packages_skip_test_passed=False, packages_skip_up_to=None, packages_start=None, packages_up_to=None, packages_up_to_regex=None, parallel_workers=12, paths=None, symlink_install=False, test_result_base=None, verb_extension=<colcon_core.verb.build.BuildVerb object at 0x7f0daec92700>, verb_name='build', verb_parser=<colcon_mixin.mixin.mixin_argument.MixinArgumentDecorator object at 0x7f0daebf82e0>)
[1.163s] Level 1:colcon.colcon_core.package_discovery:discover_packages(colcon_meta) check parameters
[1.163s] Level 1:colcon.colcon_core.package_discovery:discover_packages(recursive) check parameters
[1.163s] Level 1:colcon.colcon_core.package_discovery:discover_packages(ignore) check parameters
[1.163s] Level 1:colcon.colcon_core.package_discovery:discover_packages(path) check parameters
[1.163s] Level 1:colcon.colcon_core.package_discovery:discover_packages(colcon_meta) discover
[1.163s] Level 1:colcon.colcon_core.package_discovery:discover_packages(recursive) discover
[1.163s] INFO:colcon.colcon_core.package_discovery:Crawling recursively for packages in '/home/m4rcos/Documents/rover/ext_ws'
[1.163s] Level 1:colcon.colcon_core.package_identification:_identify(.) by extensions ['ignore', 'ignore_ament_install']
[1.163s] Level 1:colcon.colcon_core.package_identification:_identify(.) by extension 'ignore'
[1.163s] Level 1:colcon.colcon_core.package_identification:_identify(.) by extension 'ignore_ament_install'
[1.163s] Level 1:colcon.colcon_core.package_identification:_identify(.) by extensions ['colcon_pkg']
[1.163s] Level 1:colcon.colcon_core.package_identification:_identify(.) by extension 'colcon_pkg'
[1.163s] Level 1:colcon.colcon_core.package_identification:_identify(.) by extensions ['colcon_meta']
[1.163s] Level 1:colcon.colcon_core.package_identification:_identify(.) by extension 'colcon_meta'
[1.163s] Level 1:colcon.colcon_core.package_identification:_identify(.) by extensions ['ros']
[1.163s] Level 1:colcon.colcon_core.package_identification:_identify(.) by extension 'ros'
[1.171s] Level 1:colcon.colcon_core.package_identification:_identify(.) by extensions ['cmake', 'python']
[1.171s] Level 1:colcon.colcon_core.package_identification:_identify(.) by extension 'cmake'
[1.171s] Level 1:colcon.colcon_core.package_identification:_identify(.) by extension 'python'
[1.171s] Level 1:colcon.colcon_core.package_identification:_identify(.) by extensions ['python_setup_py']
[1.171s] Level 1:colcon.colcon_core.package_identification:_identify(.) by extension 'python_setup_py'
[1.171s] Level 1:colcon.colcon_core.package_identification:_identify(build) by extensions ['ignore', 'ignore_ament_install']
[1.171s] Level 1:colcon.colcon_core.package_identification:_identify(build) by extension 'ignore'
[1.171s] Level 1:colcon.colcon_core.package_identification:_identify(build) ignored
[1.171s] Level 1:colcon.colcon_core.package_identification:_identify(install) by extensions ['ignore', 'ignore_ament_install']
[1.171s] Level 1:colcon.colcon_core.package_identification:_identify(install) by extension 'ignore'
[1.171s] Level 1:colcon.colcon_core.package_identification:_identify(install) ignored
[1.171s] Level 1:colcon.colcon_core.package_identification:_identify(log) by extensions ['ignore', 'ignore_ament_install']
[1.171s] Level 1:colcon.colcon_core.package_identification:_identify(log) by extension 'ignore'
[1.171s] Level 1:colcon.colcon_core.package_identification:_identify(log) ignored
[1.171s] Level 1:colcon.colcon_core.package_identification:_identify(src) by extensions ['ignore', 'ignore_ament_install']
[1.171s] Level 1:colcon.colcon_core.package_identification:_identify(src) by extension 'ignore'
[1.171s] Level 1:colcon.colcon_core.package_identification:_identify(src) by extension 'ignore_ament_install'
[1.171s] Level 1:colcon.colcon_core.package_identification:_identify(src) by extensions ['colcon_pkg']
[1.171s] Level 1:colcon.colcon_core.package_identification:_identify(src) by extension 'colcon_pkg'
[1.172s] Level 1:colcon.colcon_core.package_identification:_identify(src) by extensions ['colcon_meta']
[1.172s] Level 1:colcon.colcon_core.package_identification:_identify(src) by extension 'colcon_meta'
[1.172s] Level 1:colcon.colcon_core.package_identification:_identify(src) by extensions ['ros']
[1.172s] Level 1:colcon.colcon_core.package_identification:_identify(src) by extension 'ros'
[1.172s] Level 1:colcon.colcon_core.package_identification:_identify(src) by extensions ['cmake', 'python']
[1.172s] Level 1:colcon.colcon_core.package_identification:_identify(src) by extension 'cmake'
[1.172s] Level 1:colcon.colcon_core.package_identification:_identify(src) by extension 'python'
[1.172s] Level 1:colcon.colcon_core.package_identification:_identify(src) by extensions ['python_setup_py']
[1.172s] Level 1:colcon.colcon_core.package_identification:_identify(src) by extension 'python_setup_py'
[1.172s] Level 1:colcon.colcon_core.package_identification:_identify(src/obj_msgs) by extensions ['ignore', 'ignore_ament_install']
[1.172s] Level 1:colcon.colcon_core.package_identification:_identify(src/obj_msgs) by extension 'ignore'
[1.172s] Level 1:colcon.colcon_core.package_identification:_identify(src/obj_msgs) by extension 'ignore_ament_install'
[1.172s] Level 1:colcon.colcon_core.package_identification:_identify(src/obj_msgs) by extensions ['colcon_pkg']
[1.172s] Level 1:colcon.colcon_core.package_identification:_identify(src/obj_msgs) by extension 'colcon_pkg'
[1.172s] Level 1:colcon.colcon_core.package_identification:_identify(src/obj_msgs) by extensions ['colcon_meta']
[1.172s] Level 1:colcon.colcon_core.package_identification:_identify(src/obj_msgs) by extension 'colcon_meta'
[1.172s] Level 1:colcon.colcon_core.package_identification:_identify(src/obj_msgs) by extensions ['ros']
[1.172s] Level 1:colcon.colcon_core.package_identification:_identify(src/obj_msgs) by extension 'ros'
[1.174s] DEBUG:colcon.colcon_core.package_identification:Package 'src/obj_msgs' with type 'ros.ament_cmake' and name 'obj_msgs'
[1.174s] Level 1:colcon.colcon_core.package_identification:_identify(src/yolo_detector) by extensions ['ignore', 'ignore_ament_install']
[1.174s] Level 1:colcon.colcon_core.package_identification:_identify(src/yolo_detector) by extension 'ignore'
[1.174s] Level 1:colcon.colcon_core.package_identification:_identify(src/yolo_detector) by extension 'ignore_ament_install'
[1.174s] Level 1:colcon.colcon_core.package_identification:_identify(src/yolo_detector) by extensions ['colcon_pkg']
[1.174s] Level 1:colcon.colcon_core.package_identification:_identify(src/yolo_detector) by extension 'colcon_pkg'
[1.174s] Level 1:colcon.colcon_core.package_identification:_identify(src/yolo_detector) by extensions ['colcon_meta']
[1.174s] Level 1:colcon.colcon_core.package_identification:_identify(src/yolo_detector) by extension 'colcon_meta'
[1.174s] Level 1:colcon.colcon_core.package_identification:_identify(src/yolo_detector) by extensions ['ros']
[1.174s] Level 1:colcon.colcon_core.package_identification:_identify(src/yolo_detector) by extension 'ros'
[1.174s] DEBUG:colcon.colcon_core.package_identification:Package 'src/yolo_detector' with type 'ros.ament_cmake' and name 'yolo_detector'
[1.175s] Level 1:colcon.colcon_core.package_identification:_identify(src/yolo_msgs) by extensions ['ignore', 'ignore_ament_install']
[1.175s] Level 1:colcon.colcon_core.package_identification:_identify(src/yolo_msgs) by extension 'ignore'
[1.175s] Level 1:colcon.colcon_core.package_identification:_identify(src/yolo_msgs) by extension 'ignore_ament_install'
[1.175s] Level 1:colcon.colcon_core.package_identification:_identify(src/yolo_msgs) by extensions ['colcon_pkg']
[1.175s] Level 1:colcon.colcon_core.package_identification:_identify(src/yolo_msgs) by extension 'colcon_pkg'
[1.175s] Level 1:colcon.colcon_core.package_identification:_identify(src/yolo_msgs) by extensions ['colcon_meta']
[1.175s] Level 1:colcon.colcon_core.package_identification:_identify(src/yolo_msgs) by extension 'colcon_meta'
[1.175s] Level 1:colcon.colcon_core.package_identification:_identify(src/yolo_msgs) by extensions ['ros']
[1.175s] Level 1:colcon.colcon_core.package_identification:_identify(src/yolo_msgs) by extension 'ros'
[1.175s] DEBUG:colcon.colcon_core.package_identification:Package 'src/yolo_msgs' with type 'ros.ament_cmake' and name 'yolo_msgs'
[1.175s] Level 1:colcon.colcon_core.package_discovery:discover_packages(recursive) using defaults
[1.175s] Level 1:colcon.colcon_core.package_discovery:discover_packages(ignore) discover
[1.175s] Level 1:colcon.colcon_core.package_discovery:discover_packages(ignore) using defaults
[1.175s] Level 1:colcon.colcon_core.package_discovery:discover_packages(path) discover
[1.175s] Level 1:colcon.colcon_core.package_discovery:discover_packages(path) using defaults
[1.206s] Level 1:colcon.colcon_core.package_discovery:discover_packages(prefix_path) check parameters
[1.206s] Level 1:colcon.colcon_core.package_discovery:discover_packages(prefix_path) discover
[1.208s] DEBUG:colcon.colcon_installed_package_information.package_discovery:Found 3 installed packages in /home/m4rcos/Documents/rover/ext_ws/install
[1.209s] DEBUG:colcon.colcon_installed_package_information.package_discovery:Found 269 installed packages in /opt/ros/foxy
[1.210s] Level 1:colcon.colcon_core.package_discovery:discover_packages(prefix_path) using defaults
[1.669s] Level 5:colcon.colcon_core.verb:set package 'obj_msgs' build argument 'cmake_args' from command line to 'None'
[1.669s] Level 5:colcon.colcon_core.verb:set package 'obj_msgs' build argument 'cmake_target' from command line to 'None'
[1.669s] Level 5:colcon.colcon_core.verb:set package 'obj_msgs' build argument 'cmake_target_skip_unavailable' from command line to 'False'
[1.669s] Level 5:colcon.colcon_core.verb:set package 'obj_msgs' build argument 'cmake_clean_cache' from command line to 'False'
[1.669s] Level 5:colcon.colcon_core.verb:set package 'obj_msgs' build argument 'cmake_clean_first' from command line to 'False'
[1.669s] Level 5:colcon.colcon_core.verb:set package 'obj_msgs' build argument 'cmake_force_configure' from command line to 'False'
[1.669s] Level 5:colcon.colcon_core.verb:set package 'obj_msgs' build argument 'ament_cmake_args' from command line to 'None'
[1.669s] Level 5:colcon.colcon_core.verb:set package 'obj_msgs' build argument 'catkin_cmake_args' from command line to 'None'
[1.669s] Level 5:colcon.colcon_core.verb:set package 'obj_msgs' build argument 'catkin_skip_building_tests' from command line to 'False'
[1.669s] DEBUG:colcon.colcon_core.verb:Building package 'obj_msgs' with the following arguments: {'ament_cmake_args': None, 'build_base': '/home/m4rcos/Documents/rover/ext_ws/build/obj_msgs', 'catkin_cmake_args': None, 'catkin_skip_building_tests': False, 'cmake_args': None, 'cmake_clean_cache': False, 'cmake_clean_first': False, 'cmake_force_configure': False, 'cmake_target': None, 'cmake_target_skip_unavailable': False, 'install_base': '/home/m4rcos/Documents/rover/ext_ws/install/obj_msgs', 'merge_install': False, 'path': '/home/m4rcos/Documents/rover/ext_ws/src/obj_msgs', 'symlink_install': False, 'test_result_base': None}
[1.670s] Level 5:colcon.colcon_core.verb:set package 'yolo_detector' build argument 'cmake_args' from command line to 'None'
[1.670s] Level 5:colcon.colcon_core.verb:set package 'yolo_detector' build argument 'cmake_target' from command line to 'None'
[1.670s] Level 5:colcon.colcon_core.verb:set package 'yolo_detector' build argument 'cmake_target_skip_unavailable' from command line to 'False'
[1.670s] Level 5:colcon.colcon_core.verb:set package 'yolo_detector' build argument 'cmake_clean_cache' from command line to 'False'
[1.670s] Level 5:colcon.colcon_core.verb:set package 'yolo_detector' build argument 'cmake_clean_first' from command line to 'False'
[1.670s] Level 5:colcon.colcon_core.verb:set package 'yolo_detector' build argument 'cmake_force_configure' from command line to 'False'
[1.670s] Level 5:colcon.colcon_core.verb:set package 'yolo_detector' build argument 'ament_cmake_args' from command line to 'None'
[1.670s] Level 5:colcon.colcon_core.verb:set package 'yolo_detector' build argument 'catkin_cmake_args' from command line to 'None'
[1.670s] Level 5:colcon.colcon_core.verb:set package 'yolo_detector' build argument 'catkin_skip_building_tests' from command line to 'False'
[1.670s] DEBUG:colcon.colcon_core.verb:Building package 'yolo_detector' with the following arguments: {'ament_cmake_args': None, 'build_base': '/home/m4rcos/Documents/rover/ext_ws/build/yolo_detector', 'catkin_cmake_args': None, 'catkin_skip_building_tests': False, 'cmake_args': None, 'cmake_clean_cache': False, 'cmake_clean_first': False, 'cmake_force_configure': False, 'cmake_target': None, 'cmake_target_skip_unavailable': False, 'install_base': '/home/m4rcos/Documents/rover/ext_ws/install/yolo_detector', 'merge_install': False, 'path': '/home/m4rcos/Documents/rover/ext_ws/src/yolo_detector', 'symlink_install': False, 'test_result_base': None}
[1.670s] Level 5:colcon.colcon_core.verb:set package 'yolo_msgs' build argument 'cmake_args' from command line to 'None'
[1.670s] Level 5:colcon.colcon_core.verb:set package 'yolo_msgs' build argument 'cmake_target' from command line to 'None'
[1.670s] Level 5:colcon.colcon_core.verb:set package 'yolo_msgs' build argument 'cmake_target_skip_unavailable' from command line to 'False'
[1.670s] Level 5:colcon.colcon_core.verb:set package 'yolo_msgs' build argument 'cmake_clean_cache' from command line to 'False'
[1.670s] Level 5:colcon.colcon_core.verb:set package 'yolo_msgs' build argument 'cmake_clean_first' from command line to 'False'
[1.670s] Level 5:colcon.colcon_core.verb:set package 'yolo_msgs' build argument 'cmake_force_configure' from command line to 'False'
[1.670s] Level 5:colcon.colcon_core.verb:set package 'yolo_msgs' build argument 'ament_cmake_args' from command line to 'None'
[1.670s] Level 5:colcon.colcon_core.verb:set package 'yolo_msgs' build argument 'catkin_cmake_args' from command line to 'None'
[1.670s] Level 5:colcon.colcon_core.verb:set package 'yolo_msgs' build argument 'catkin_skip_building_tests' from command line to 'False'
[1.670s] DEBUG:colcon.colcon_core.verb:Building package 'yolo_msgs' with the following arguments: {'ament_cmake_args': None, 'build_base': '/home/m4rcos/Documents/rover/ext_ws/build/yolo_msgs', 'catkin_cmake_args': None, 'catkin_skip_building_tests': False, 'cmake_args': None, 'cmake_clean_cache': False, 'cmake_clean_first': False, 'cmake_force_configure': False, 'cmake_target': None, 'cmake_target_skip_unavailable': False, 'install_base': '/home/m4rcos/Documents/rover/ext_ws/install/yolo_msgs', 'merge_install': False, 'path': '/home/m4rcos/Documents/rover/ext_ws/src/yolo_msgs', 'symlink_install': False, 'test_result_base': None}
[1.670s] INFO:colcon.colcon_core.executor:Executing jobs using 'parallel' executor
[1.671s] DEBUG:colcon.colcon_parallel_executor.executor.parallel:run_until_complete
[1.671s] INFO:colcon.colcon_ros.task.ament_cmake.build:Building ROS package in '/home/m4rcos/Documents/rover/ext_ws/src/obj_msgs' with build type 'ament_cmake'
[1.671s] INFO:colcon.colcon_cmake.task.cmake.build:Building CMake package in '/home/m4rcos/Documents/rover/ext_ws/src/obj_msgs'
[1.676s] INFO:colcon.colcon_core.plugin_system:Skipping extension 'colcon_core.shell.bat': Not used on non-Windows systems
[1.676s] INFO:colcon.colcon_core.shell:Skip shell extension 'powershell' for command environment: Not usable outside of PowerShell
[1.677s] DEBUG:colcon.colcon_core.shell:Skip shell extension 'dsv' for command environment
[1.680s] INFO:colcon.colcon_ros.task.ament_cmake.build:Building ROS package in '/home/m4rcos/Documents/rover/ext_ws/src/yolo_detector' with build type 'ament_cmake'
[1.680s] INFO:colcon.colcon_cmake.task.cmake.build:Building CMake package in '/home/m4rcos/Documents/rover/ext_ws/src/yolo_detector'
[1.681s] INFO:colcon.colcon_core.shell:Skip shell extension 'powershell' for command environment: Not usable outside of PowerShell
[1.681s] DEBUG:colcon.colcon_core.shell:Skip shell extension 'dsv' for command environment
[1.684s] INFO:colcon.colcon_ros.task.ament_cmake.build:Building ROS package in '/home/m4rcos/Documents/rover/ext_ws/src/yolo_msgs' with build type 'ament_cmake'
[1.684s] INFO:colcon.colcon_cmake.task.cmake.build:Building CMake package in '/home/m4rcos/Documents/rover/ext_ws/src/yolo_msgs'
[1.684s] INFO:colcon.colcon_core.shell:Skip shell extension 'powershell' for command environment: Not usable outside of PowerShell
[1.684s] DEBUG:colcon.colcon_core.shell:Skip shell extension 'dsv' for command environment
[1.692s] DEBUG:colcon.colcon_core.event_handler.log_command:Invoking command in '/home/m4rcos/Documents/rover/ext_ws/build/obj_msgs': CMAKE_PREFIX_PATH=${CMAKE_PREFIX_PATH}:/opt/ros/foxy /usr/bin/cmake --build /home/m4rcos/Documents/rover/ext_ws/build/obj_msgs -- -j12 -l12
[1.696s] DEBUG:colcon.colcon_core.event_handler.log_command:Invoking command in '/home/m4rcos/Documents/rover/ext_ws/build/yolo_detector': CMAKE_PREFIX_PATH=${CMAKE_PREFIX_PATH}:/opt/ros/foxy /usr/bin/cmake --build /home/m4rcos/Documents/rover/ext_ws/build/yolo_detector -- -j12 -l12
[1.699s] DEBUG:colcon.colcon_core.event_handler.log_command:Invoking command in '/home/m4rcos/Documents/rover/ext_ws/build/yolo_msgs': CMAKE_PREFIX_PATH=${CMAKE_PREFIX_PATH}:/opt/ros/foxy /usr/bin/cmake --build /home/m4rcos/Documents/rover/ext_ws/build/yolo_msgs -- -j12 -l12
[1.801s] DEBUG:colcon.colcon_core.event_handler.log_command:Invoked command in '/home/m4rcos/Documents/rover/ext_ws/build/yolo_detector' returned '0': CMAKE_PREFIX_PATH=${CMAKE_PREFIX_PATH}:/opt/ros/foxy /usr/bin/cmake --build /home/m4rcos/Documents/rover/ext_ws/build/yolo_detector -- -j12 -l12
[1.836s] DEBUG:colcon.colcon_core.event_handler.log_command:Invoking command in '/home/m4rcos/Documents/rover/ext_ws/build/yolo_detector': CMAKE_PREFIX_PATH=${CMAKE_PREFIX_PATH}:/opt/ros/foxy /usr/bin/cmake --install /home/m4rcos/Documents/rover/ext_ws/build/yolo_detector
[1.844s] Level 1:colcon.colcon_core.environment:create_environment_scripts_only(yolo_detector)
[1.844s] DEBUG:colcon.colcon_core.event_handler.log_command:Invoked command in '/home/m4rcos/Documents/rover/ext_ws/build/yolo_detector' returned '0': CMAKE_PREFIX_PATH=${CMAKE_PREFIX_PATH}:/opt/ros/foxy /usr/bin/cmake --install /home/m4rcos/Documents/rover/ext_ws/build/yolo_detector
[1.870s] Level 1:colcon.colcon_core.environment:checking '/home/m4rcos/Documents/rover/ext_ws/install/yolo_detector' for CMake module files
[1.870s] Level 1:colcon.colcon_core.environment:checking '/home/m4rcos/Documents/rover/ext_ws/install/yolo_detector' for CMake config files
[1.870s] Level 1:colcon.colcon_core.shell:create_environment_hook('yolo_detector', 'cmake_prefix_path')
[1.870s] INFO:colcon.colcon_core.shell:Creating environment hook '/home/m4rcos/Documents/rover/ext_ws/install/yolo_detector/share/yolo_detector/hook/cmake_prefix_path.ps1'
[1.902s] INFO:colcon.colcon_core.shell:Creating environment descriptor '/home/m4rcos/Documents/rover/ext_ws/install/yolo_detector/share/yolo_detector/hook/cmake_prefix_path.dsv'
[1.903s] INFO:colcon.colcon_core.shell:Creating environment hook '/home/m4rcos/Documents/rover/ext_ws/install/yolo_detector/share/yolo_detector/hook/cmake_prefix_path.sh'
[1.904s] Level 1:colcon.colcon_core.environment:checking '/home/m4rcos/Documents/rover/ext_ws/install/yolo_detector/bin'
[1.904s] Level 1:colcon.colcon_core.environment:checking '/home/m4rcos/Documents/rover/ext_ws/install/yolo_detector/lib/pkgconfig/yolo_detector.pc'
[1.905s] Level 1:colcon.colcon_core.environment:checking '/home/m4rcos/Documents/rover/ext_ws/install/yolo_detector/lib/python3.8/site-packages'
[1.905s] Level 1:colcon.colcon_core.environment:checking '/home/m4rcos/Documents/rover/ext_ws/install/yolo_detector/bin'
[1.905s] INFO:colcon.colcon_core.shell:Creating package script '/home/m4rcos/Documents/rover/ext_ws/install/yolo_detector/share/yolo_detector/package.ps1'
[1.906s] INFO:colcon.colcon_core.shell:Creating package descriptor '/home/m4rcos/Documents/rover/ext_ws/install/yolo_detector/share/yolo_detector/package.dsv'
[1.907s] INFO:colcon.colcon_core.shell:Creating package script '/home/m4rcos/Documents/rover/ext_ws/install/yolo_detector/share/yolo_detector/package.sh'
[1.907s] INFO:colcon.colcon_core.shell:Creating package script '/home/m4rcos/Documents/rover/ext_ws/install/yolo_detector/share/yolo_detector/package.bash'
[1.944s] INFO:colcon.colcon_core.shell:Creating package script '/home/m4rcos/Documents/rover/ext_ws/install/yolo_detector/share/yolo_detector/package.zsh'
[1.948s] Level 1:colcon.colcon_core.environment:create_file_with_runtime_dependencies(/home/m4rcos/Documents/rover/ext_ws/install/yolo_detector/share/colcon-core/packages/yolo_detector)
[1.965s] Level 1:colcon.colcon_core.environment:create_environment_scripts_only(yolo_detector)
[1.965s] Level 1:colcon.colcon_core.environment:checking '/home/m4rcos/Documents/rover/ext_ws/install/yolo_detector' for CMake module files
[1.965s] Level 1:colcon.colcon_core.environment:checking '/home/m4rcos/Documents/rover/ext_ws/install/yolo_detector' for CMake config files
[1.966s] Level 1:colcon.colcon_core.shell:create_environment_hook('yolo_detector', 'cmake_prefix_path')
[1.966s] INFO:colcon.colcon_core.shell:Creating environment hook '/home/m4rcos/Documents/rover/ext_ws/install/yolo_detector/share/yolo_detector/hook/cmake_prefix_path.ps1'
[1.967s] INFO:colcon.colcon_core.shell:Creating environment descriptor '/home/m4rcos/Documents/rover/ext_ws/install/yolo_detector/share/yolo_detector/hook/cmake_prefix_path.dsv'
[1.967s] INFO:colcon.colcon_core.shell:Creating environment hook '/home/m4rcos/Documents/rover/ext_ws/install/yolo_detector/share/yolo_detector/hook/cmake_prefix_path.sh'
[1.967s] Level 1:colcon.colcon_core.environment:checking '/home/m4rcos/Documents/rover/ext_ws/install/yolo_detector/bin'
[1.967s] Level 1:colcon.colcon_core.environment:checking '/home/m4rcos/Documents/rover/ext_ws/install/yolo_detector/lib/pkgconfig/yolo_detector.pc'
[1.968s] Level 1:colcon.colcon_core.environment:checking '/home/m4rcos/Documents/rover/ext_ws/install/yolo_detector/lib/python3.8/site-packages'
[1.968s] Level 1:colcon.colcon_core.environment:checking '/home/m4rcos/Documents/rover/ext_ws/install/yolo_detector/bin'
[1.968s] INFO:colcon.colcon_core.shell:Creating package script '/home/m4rcos/Documents/rover/ext_ws/install/yolo_detector/share/yolo_detector/package.ps1'
[1.969s] INFO:colcon.colcon_core.shell:Creating package descriptor '/home/m4rcos/Documents/rover/ext_ws/install/yolo_detector/share/yolo_detector/package.dsv'
[1.969s] INFO:colcon.colcon_core.shell:Creating package script '/home/m4rcos/Documents/rover/ext_ws/install/yolo_detector/share/yolo_detector/package.sh'
[1.969s] INFO:colcon.colcon_core.shell:Creating package script '/home/m4rcos/Documents/rover/ext_ws/install/yolo_detector/share/yolo_detector/package.bash'
[1.970s] INFO:colcon.colcon_core.shell:Creating package script '/home/m4rcos/Documents/rover/ext_ws/install/yolo_detector/share/yolo_detector/package.zsh'
[1.970s] Level 1:colcon.colcon_core.environment:create_file_with_runtime_dependencies(/home/m4rcos/Documents/rover/ext_ws/install/yolo_detector/share/colcon-core/packages/yolo_detector)
[2.077s] DEBUG:colcon.colcon_core.event_handler.log_command:Invoked command in '/home/m4rcos/Documents/rover/ext_ws/build/obj_msgs' returned '0': CMAKE_PREFIX_PATH=${CMAKE_PREFIX_PATH}:/opt/ros/foxy /usr/bin/cmake --build /home/m4rcos/Documents/rover/ext_ws/build/obj_msgs -- -j12 -l12
[2.079s] DEBUG:colcon.colcon_core.event_handler.log_command:Invoked command in '/home/m4rcos/Documents/rover/ext_ws/build/yolo_msgs' returned '0': CMAKE_PREFIX_PATH=${CMAKE_PREFIX_PATH}:/opt/ros/foxy /usr/bin/cmake --build /home/m4rcos/Documents/rover/ext_ws/build/yolo_msgs -- -j12 -l12
[2.112s] DEBUG:colcon.colcon_core.event_handler.log_command:Invoking command in '/home/m4rcos/Documents/rover/ext_ws/build/yolo_msgs': CMAKE_PREFIX_PATH=${CMAKE_PREFIX_PATH}:/opt/ros/foxy /usr/bin/cmake --install /home/m4rcos/Documents/rover/ext_ws/build/yolo_msgs
[2.114s] DEBUG:colcon.colcon_core.event_handler.log_command:Invoking command in '/home/m4rcos/Documents/rover/ext_ws/build/obj_msgs': CMAKE_PREFIX_PATH=${CMAKE_PREFIX_PATH}:/opt/ros/foxy /usr/bin/cmake --install /home/m4rcos/Documents/rover/ext_ws/build/obj_msgs
[2.177s] Level 1:colcon.colcon_core.environment:create_environment_scripts_only(obj_msgs)
[2.178s] Level 1:colcon.colcon_core.environment:checking '/home/m4rcos/Documents/rover/ext_ws/install/obj_msgs' for CMake module files
[2.179s] Level 1:colcon.colcon_core.environment:checking '/home/m4rcos/Documents/rover/ext_ws/install/obj_msgs' for CMake config files
[2.179s] DEBUG:colcon.colcon_core.event_handler.log_command:Invoked command in '/home/m4rcos/Documents/rover/ext_ws/build/obj_msgs' returned '0': CMAKE_PREFIX_PATH=${CMAKE_PREFIX_PATH}:/opt/ros/foxy /usr/bin/cmake --install /home/m4rcos/Documents/rover/ext_ws/build/obj_msgs
[2.179s] Level 1:colcon.colcon_core.shell:create_environment_hook('obj_msgs', 'cmake_prefix_path')
[2.179s] INFO:colcon.colcon_core.shell:Creating environment hook '/home/m4rcos/Documents/rover/ext_ws/install/obj_msgs/share/obj_msgs/hook/cmake_prefix_path.ps1'
[2.180s] INFO:colcon.colcon_core.shell:Creating environment descriptor '/home/m4rcos/Documents/rover/ext_ws/install/obj_msgs/share/obj_msgs/hook/cmake_prefix_path.dsv'
[2.180s] INFO:colcon.colcon_core.shell:Creating environment hook '/home/m4rcos/Documents/rover/ext_ws/install/obj_msgs/share/obj_msgs/hook/cmake_prefix_path.sh'
[2.181s] Level 1:colcon.colcon_core.environment:checking '/home/m4rcos/Documents/rover/ext_ws/install/obj_msgs/lib'
[2.181s] Level 1:colcon.colcon_core.shell:create_environment_hook('obj_msgs', 'ld_library_path_lib')
[2.181s] INFO:colcon.colcon_core.shell:Creating environment hook '/home/m4rcos/Documents/rover/ext_ws/install/obj_msgs/share/obj_msgs/hook/ld_library_path_lib.ps1'
[2.181s] INFO:colcon.colcon_core.shell:Creating environment descriptor '/home/m4rcos/Documents/rover/ext_ws/install/obj_msgs/share/obj_msgs/hook/ld_library_path_lib.dsv'
[2.182s] INFO:colcon.colcon_core.shell:Creating environment hook '/home/m4rcos/Documents/rover/ext_ws/install/obj_msgs/share/obj_msgs/hook/ld_library_path_lib.sh'
[2.182s] Level 1:colcon.colcon_core.environment:checking '/home/m4rcos/Documents/rover/ext_ws/install/obj_msgs/bin'
[2.182s] Level 1:colcon.colcon_core.environment:checking '/home/m4rcos/Documents/rover/ext_ws/install/obj_msgs/lib/pkgconfig/obj_msgs.pc'
[2.183s] Level 1:colcon.colcon_core.environment:checking '/home/m4rcos/Documents/rover/ext_ws/install/obj_msgs/lib/python3.8/site-packages'
[2.183s] Level 1:colcon.colcon_core.shell:create_environment_hook('obj_msgs', 'pythonpath')
[2.183s] INFO:colcon.colcon_core.shell:Creating environment hook '/home/m4rcos/Documents/rover/ext_ws/install/obj_msgs/share/obj_msgs/hook/pythonpath.ps1'
[2.183s] INFO:colcon.colcon_core.shell:Creating environment descriptor '/home/m4rcos/Documents/rover/ext_ws/install/obj_msgs/share/obj_msgs/hook/pythonpath.dsv'
[2.183s] INFO:colcon.colcon_core.shell:Creating environment hook '/home/m4rcos/Documents/rover/ext_ws/install/obj_msgs/share/obj_msgs/hook/pythonpath.sh'
[2.184s] Level 1:colcon.colcon_core.environment:checking '/home/m4rcos/Documents/rover/ext_ws/install/obj_msgs/bin'
[2.184s] INFO:colcon.colcon_core.shell:Creating package script '/home/m4rcos/Documents/rover/ext_ws/install/obj_msgs/share/obj_msgs/package.ps1'
[2.184s] INFO:colcon.colcon_core.shell:Creating package descriptor '/home/m4rcos/Documents/rover/ext_ws/install/obj_msgs/share/obj_msgs/package.dsv'
[2.185s] INFO:colcon.colcon_core.shell:Creating package script '/home/m4rcos/Documents/rover/ext_ws/install/obj_msgs/share/obj_msgs/package.sh'
[2.185s] INFO:colcon.colcon_core.shell:Creating package script '/home/m4rcos/Documents/rover/ext_ws/install/obj_msgs/share/obj_msgs/package.bash'
[2.185s] INFO:colcon.colcon_core.shell:Creating package script '/home/m4rcos/Documents/rover/ext_ws/install/obj_msgs/share/obj_msgs/package.zsh'
[2.186s] Level 1:colcon.colcon_core.environment:create_file_with_runtime_dependencies(/home/m4rcos/Documents/rover/ext_ws/install/obj_msgs/share/colcon-core/packages/obj_msgs)
[2.188s] Level 1:colcon.colcon_core.environment:create_environment_scripts_only(yolo_msgs)
[2.189s] Level 1:colcon.colcon_core.environment:checking '/home/m4rcos/Documents/rover/ext_ws/install/yolo_msgs' for CMake module files
[2.189s] DEBUG:colcon.colcon_core.event_handler.log_command:Invoked command in '/home/m4rcos/Documents/rover/ext_ws/build/yolo_msgs' returned '0': CMAKE_PREFIX_PATH=${CMAKE_PREFIX_PATH}:/opt/ros/foxy /usr/bin/cmake --install /home/m4rcos/Documents/rover/ext_ws/build/yolo_msgs
[2.189s] Level 1:colcon.colcon_core.environment:checking '/home/m4rcos/Documents/rover/ext_ws/install/yolo_msgs' for CMake config files
[2.190s] Level 1:colcon.colcon_core.shell:create_environment_hook('yolo_msgs', 'cmake_prefix_path')
[2.190s] INFO:colcon.colcon_core.shell:Creating environment hook '/home/m4rcos/Documents/rover/ext_ws/install/yolo_msgs/share/yolo_msgs/hook/cmake_prefix_path.ps1'
[2.190s] INFO:colcon.colcon_core.shell:Creating environment descriptor '/home/m4rcos/Documents/rover/ext_ws/install/yolo_msgs/share/yolo_msgs/hook/cmake_prefix_path.dsv'
[2.190s] INFO:colcon.colcon_core.shell:Creating environment hook '/home/m4rcos/Documents/rover/ext_ws/install/yolo_msgs/share/yolo_msgs/hook/cmake_prefix_path.sh'
[2.191s] Level 1:colcon.colcon_core.environment:checking '/home/m4rcos/Documents/rover/ext_ws/install/yolo_msgs/lib'
[2.191s] Level 1:colcon.colcon_core.shell:create_environment_hook('yolo_msgs', 'ld_library_path_lib')
[2.191s] INFO:colcon.colcon_core.shell:Creating environment hook '/home/m4rcos/Documents/rover/ext_ws/install/yolo_msgs/share/yolo_msgs/hook/ld_library_path_lib.ps1'
[2.191s] INFO:colcon.colcon_core.shell:Creating environment descriptor '/home/m4rcos/Documents/rover/ext_ws/install/yolo_msgs/share/yolo_msgs/hook/ld_library_path_lib.dsv'
[2.191s] INFO:colcon.colcon_core.shell:Creating environment hook '/home/m4rcos/Documents/rover/ext_ws/install/yolo_msgs/share/yolo_msgs/hook/ld_library_path_lib.sh'
[2.192s] Level 1:colcon.colcon_core.environment:checking '/home/m4rcos/Documents/rover/ext_ws/install/yolo_msgs/bin'
[2.192s] Level 1:colcon.colcon_core.environment:checking '/home/m4rcos/Documents/rover/ext_ws/install/yolo_msgs/lib/pkgconfig/yolo_msgs.pc'
[2.192s] Level 1:colcon.colcon_core.environment:checking '/home/m4rcos/Documents/rover/ext_ws/install/yolo_msgs/lib/python3.8/site-packages'
[2.192s] Level 1:colcon.colcon_core.shell:create_environment_hook('yolo_msgs', 'pythonpath')
[2.192s] INFO:colcon.colcon_core.shell:Creating environment hook '/home/m4rcos/Documents/rover/ext_ws/install/yolo_msgs/share/yolo_msgs/hook/pythonpath.ps1'
[2.192s] INFO:colcon.colcon_core.shell:Creating environment descriptor '/home/m4rcos/Documents/rover/ext_ws/install/yolo_msgs/share/yolo_msgs/hook/pythonpath.dsv'
[2.192s] INFO:colcon.colcon_core.shell:Creating environment hook '/home/m4rcos/Documents/rover/ext_ws/install/yolo_msgs/share/yolo_msgs/hook/pythonpath.sh'
[2.193s] Level 1:colcon.colcon_core.environment:checking '/home/m4rcos/Documents/rover/ext_ws/install/yolo_msgs/bin'
[2.193s] INFO:colcon.colcon_core.shell:Creating package script '/home/m4rcos/Documents/rover/ext_ws/install/yolo_msgs/share/yolo_msgs/package.ps1'
[2.193s] INFO:colcon.colcon_core.shell:Creating package descriptor '/home/m4rcos/Documents/rover/ext_ws/install/yolo_msgs/share/yolo_msgs/package.dsv'
[2.193s] INFO:colcon.colcon_core.shell:Creating package script '/home/m4rcos/Documents/rover/ext_ws/install/yolo_msgs/share/yolo_msgs/package.sh'
[2.194s] INFO:colcon.colcon_core.shell:Creating package script '/home/m4rcos/Documents/rover/ext_ws/install/yolo_msgs/share/yolo_msgs/package.bash'
[2.194s] INFO:colcon.colcon_core.shell:Creating package script '/home/m4rcos/Documents/rover/ext_ws/install/yolo_msgs/share/yolo_msgs/package.zsh'
[2.194s] Level 1:colcon.colcon_core.environment:create_file_with_runtime_dependencies(/home/m4rcos/Documents/rover/ext_ws/install/yolo_msgs/share/colcon-core/packages/yolo_msgs)
[2.216s] Level 1:colcon.colcon_core.environment:create_environment_scripts_only(obj_msgs)
[2.216s] Level 1:colcon.colcon_core.environment:checking '/home/m4rcos/Documents/rover/ext_ws/install/obj_msgs' for CMake module files
[2.217s] Level 1:colcon.colcon_core.environment:checking '/home/m4rcos/Documents/rover/ext_ws/install/obj_msgs' for CMake config files
[2.217s] Level 1:colcon.colcon_core.shell:create_environment_hook('obj_msgs', 'cmake_prefix_path')
[2.217s] INFO:colcon.colcon_core.shell:Creating environment hook '/home/m4rcos/Documents/rover/ext_ws/install/obj_msgs/share/obj_msgs/hook/cmake_prefix_path.ps1'
[2.218s] INFO:colcon.colcon_core.shell:Creating environment descriptor '/home/m4rcos/Documents/rover/ext_ws/install/obj_msgs/share/obj_msgs/hook/cmake_prefix_path.dsv'
[2.219s] INFO:colcon.colcon_core.shell:Creating environment hook '/home/m4rcos/Documents/rover/ext_ws/install/obj_msgs/share/obj_msgs/hook/cmake_prefix_path.sh'
[2.219s] Level 1:colcon.colcon_core.environment:checking '/home/m4rcos/Documents/rover/ext_ws/install/obj_msgs/lib'
[2.219s] Level 1:colcon.colcon_core.shell:create_environment_hook('obj_msgs', 'ld_library_path_lib')
[2.219s] INFO:colcon.colcon_core.shell:Creating environment hook '/home/m4rcos/Documents/rover/ext_ws/install/obj_msgs/share/obj_msgs/hook/ld_library_path_lib.ps1'
[2.220s] INFO:colcon.colcon_core.shell:Creating environment descriptor '/home/m4rcos/Documents/rover/ext_ws/install/obj_msgs/share/obj_msgs/hook/ld_library_path_lib.dsv'
[2.220s] INFO:colcon.colcon_core.shell:Creating environment hook '/home/m4rcos/Documents/rover/ext_ws/install/obj_msgs/share/obj_msgs/hook/ld_library_path_lib.sh'
[2.220s] Level 1:colcon.colcon_core.environment:checking '/home/m4rcos/Documents/rover/ext_ws/install/obj_msgs/bin'
[2.220s] Level 1:colcon.colcon_core.environment:checking '/home/m4rcos/Documents/rover/ext_ws/install/obj_msgs/lib/pkgconfig/obj_msgs.pc'
[2.220s] Level 1:colcon.colcon_core.environment:checking '/home/m4rcos/Documents/rover/ext_ws/install/obj_msgs/lib/python3.8/site-packages'
[2.220s] Level 1:colcon.colcon_core.shell:create_environment_hook('obj_msgs', 'pythonpath')
[2.221s] INFO:colcon.colcon_core.shell:Creating environment hook '/home/m4rcos/Documents/rover/ext_ws/install/obj_msgs/share/obj_msgs/hook/pythonpath.ps1'
[2.221s] INFO:colcon.colcon_core.shell:Creating environment descriptor '/home/m4rcos/Documents/rover/ext_ws/install/obj_msgs/share/obj_msgs/hook/pythonpath.dsv'
[2.221s] INFO:colcon.colcon_core.shell:Creating environment hook '/home/m4rcos/Documents/rover/ext_ws/install/obj_msgs/share/obj_msgs/hook/pythonpath.sh'
[2.221s] Level 1:colcon.colcon_core.environment:checking '/home/m4rcos/Documents/rover/ext_ws/install/obj_msgs/bin'
[2.222s] INFO:colcon.colcon_core.shell:Creating package script '/home/m4rcos/Documents/rover/ext_ws/install/obj_msgs/share/obj_msgs/package.ps1'
[2.222s] INFO:colcon.colcon_core.shell:Creating package descriptor '/home/m4rcos/Documents/rover/ext_ws/install/obj_msgs/share/obj_msgs/package.dsv'
[2.223s] INFO:colcon.colcon_core.shell:Creating package script '/home/m4rcos/Documents/rover/ext_ws/install/obj_msgs/share/obj_msgs/package.sh'
[2.223s] INFO:colcon.colcon_core.shell:Creating package script '/home/m4rcos/Documents/rover/ext_ws/install/obj_msgs/share/obj_msgs/package.bash'
[2.223s] INFO:colcon.colcon_core.shell:Creating package script '/home/m4rcos/Documents/rover/ext_ws/install/obj_msgs/share/obj_msgs/package.zsh'
[2.224s] Level 1:colcon.colcon_core.environment:create_file_with_runtime_dependencies(/home/m4rcos/Documents/rover/ext_ws/install/obj_msgs/share/colcon-core/packages/obj_msgs)
[2.226s] Level 1:colcon.colcon_core.environment:create_environment_scripts_only(yolo_msgs)
[2.226s] Level 1:colcon.colcon_core.environment:checking '/home/m4rcos/Documents/rover/ext_ws/install/yolo_msgs' for CMake module files
[2.227s] Level 1:colcon.colcon_core.environment:checking '/home/m4rcos/Documents/rover/ext_ws/install/yolo_msgs' for CMake config files
[2.227s] Level 1:colcon.colcon_core.shell:create_environment_hook('yolo_msgs', 'cmake_prefix_path')
[2.227s] INFO:colcon.colcon_core.shell:Creating environment hook '/home/m4rcos/Documents/rover/ext_ws/install/yolo_msgs/share/yolo_msgs/hook/cmake_prefix_path.ps1'
[2.228s] INFO:colcon.colcon_core.shell:Creating environment descriptor '/home/m4rcos/Documents/rover/ext_ws/install/yolo_msgs/share/yolo_msgs/hook/cmake_prefix_path.dsv'
[2.228s] INFO:colcon.colcon_core.shell:Creating environment hook '/home/m4rcos/Documents/rover/ext_ws/install/yolo_msgs/share/yolo_msgs/hook/cmake_prefix_path.sh'
[2.229s] Level 1:colcon.colcon_core.environment:checking '/home/m4rcos/Documents/rover/ext_ws/install/yolo_msgs/lib'
[2.229s] Level 1:colcon.colcon_core.shell:create_environment_hook('yolo_msgs', 'ld_library_path_lib')
[2.229s] INFO:colcon.colcon_core.shell:Creating environment hook '/home/m4rcos/Documents/rover/ext_ws/install/yolo_msgs/share/yolo_msgs/hook/ld_library_path_lib.ps1'
[2.229s] INFO:colcon.colcon_core.shell:Creating environment descriptor '/home/m4rcos/Documents/rover/ext_ws/install/yolo_msgs/share/yolo_msgs/hook/ld_library_path_lib.dsv'
[2.229s] INFO:colcon.colcon_core.shell:Creating environment hook '/home/m4rcos/Documents/rover/ext_ws/install/yolo_msgs/share/yolo_msgs/hook/ld_library_path_lib.sh'
[2.230s] Level 1:colcon.colcon_core.environment:checking '/home/m4rcos/Documents/rover/ext_ws/install/yolo_msgs/bin'
[2.230s] Level 1:colcon.colcon_core.environment:checking '/home/m4rcos/Documents/rover/ext_ws/install/yolo_msgs/lib/pkgconfig/yolo_msgs.pc'
[2.230s] Level 1:colcon.colcon_core.environment:checking '/home/m4rcos/Documents/rover/ext_ws/install/yolo_msgs/lib/python3.8/site-packages'
[2.230s] Level 1:colcon.colcon_core.shell:create_environment_hook('yolo_msgs', 'pythonpath')
[2.230s] INFO:colcon.colcon_core.shell:Creating environment hook '/home/m4rcos/Documents/rover/ext_ws/install/yolo_msgs/share/yolo_msgs/hook/pythonpath.ps1'
[2.231s] INFO:colcon.colcon_core.shell:Creating environment descriptor '/home/m4rcos/Documents/rover/ext_ws/install/yolo_msgs/share/yolo_msgs/hook/pythonpath.dsv'
[2.231s] INFO:colcon.colcon_core.shell:Creating environment hook '/home/m4rcos/Documents/rover/ext_ws/install/yolo_msgs/share/yolo_msgs/hook/pythonpath.sh'
[2.231s] Level 1:colcon.colcon_core.environment:checking '/home/m4rcos/Documents/rover/ext_ws/install/yolo_msgs/bin'
[2.231s] INFO:colcon.colcon_core.shell:Creating package script '/home/m4rcos/Documents/rover/ext_ws/install/yolo_msgs/share/yolo_msgs/package.ps1'
[2.232s] INFO:colcon.colcon_core.shell:Creating package descriptor '/home/m4rcos/Documents/rover/ext_ws/install/yolo_msgs/share/yolo_msgs/package.dsv'
[2.232s] INFO:colcon.colcon_core.shell:Creating package script '/home/m4rcos/Documents/rover/ext_ws/install/yolo_msgs/share/yolo_msgs/package.sh'
[2.232s] INFO:colcon.colcon_core.shell:Creating package script '/home/m4rcos/Documents/rover/ext_ws/install/yolo_msgs/share/yolo_msgs/package.bash'
[2.233s] INFO:colcon.colcon_core.shell:Creating package script '/home/m4rcos/Documents/rover/ext_ws/install/yolo_msgs/share/yolo_msgs/package.zsh'
[2.233s] Level 1:colcon.colcon_core.environment:create_file_with_runtime_dependencies(/home/m4rcos/Documents/rover/ext_ws/install/yolo_msgs/share/colcon-core/packages/yolo_msgs)
[2.233s] DEBUG:colcon.colcon_parallel_executor.executor.parallel:closing loop
[2.233s] DEBUG:colcon.colcon_parallel_executor.executor.parallel:loop closed
[2.233s] DEBUG:colcon.colcon_parallel_executor.executor.parallel:run_until_complete finished with '0'
[2.234s] DEBUG:colcon.colcon_core.event_reactor:joining thread
[2.241s] INFO:colcon.colcon_core.plugin_system:Skipping extension 'colcon_notification.desktop_notification.terminal_notifier': Not used on non-Darwin systems
[2.241s] INFO:colcon.colcon_core.plugin_system:Skipping extension 'colcon_notification.desktop_notification.win32': Not used on non-Windows systems
[2.241s] INFO:colcon.colcon_notification.desktop_notification:Sending desktop notification using 'notify2'
[2.260s] DEBUG:colcon.colcon_core.event_reactor:joined thread
[2.261s] INFO:colcon.colcon_core.shell:Creating prefix script '/home/m4rcos/Documents/rover/ext_ws/install/local_setup.ps1'
[2.264s] INFO:colcon.colcon_core.shell:Creating prefix util module '/home/m4rcos/Documents/rover/ext_ws/install/_local_setup_util_ps1.py'
[2.266s] INFO:colcon.colcon_core.shell:Creating prefix chain script '/home/m4rcos/Documents/rover/ext_ws/install/setup.ps1'
[2.267s] INFO:colcon.colcon_core.shell:Creating prefix script '/home/m4rcos/Documents/rover/ext_ws/install/local_setup.sh'
[2.267s] INFO:colcon.colcon_core.shell:Creating prefix util module '/home/m4rcos/Documents/rover/ext_ws/install/_local_setup_util_sh.py'
[2.268s] INFO:colcon.colcon_core.shell:Creating prefix chain script '/home/m4rcos/Documents/rover/ext_ws/install/setup.sh'
[2.269s] INFO:colcon.colcon_core.shell:Creating prefix script '/home/m4rcos/Documents/rover/ext_ws/install/local_setup.bash'
[2.271s] INFO:colcon.colcon_core.shell:Creating prefix chain script '/home/m4rcos/Documents/rover/ext_ws/install/setup.bash'
[2.272s] INFO:colcon.colcon_core.shell:Creating prefix script '/home/m4rcos/Documents/rover/ext_ws/install/local_setup.zsh'
[2.272s] INFO:colcon.colcon_core.shell:Creating prefix chain script '/home/m4rcos/Documents/rover/ext_ws/install/setup.zsh'
